[0.393s] Invoking command in '/home/daisuke/ros2_ws/src/mypkg': PYTHONPATH=/home/daisuke/ros2_ws/install/mypkg/lib/python3.6/site-packages:${PYTHONPATH} /usr/bin/python3 setup.py egg_info --egg-base ../../build/mypkg build --build-base /home/daisuke/ros2_ws/build/mypkg/build install --prefix /home/daisuke/ros2_ws/install/mypkg --record /home/daisuke/ros2_ws/build/mypkg/install.log --single-version-externally-managed
[0.544s] running egg_info
[0.545s] writing ../../build/mypkg/mypkg.egg-info/PKG-INFO
[0.545s] writing dependency_links to ../../build/mypkg/mypkg.egg-info/dependency_links.txt
[0.546s] writing entry points to ../../build/mypkg/mypkg.egg-info/entry_points.txt
[0.546s] writing requirements to ../../build/mypkg/mypkg.egg-info/requires.txt
[0.547s] writing top-level names to ../../build/mypkg/mypkg.egg-info/top_level.txt
[0.565s] reading manifest file '../../build/mypkg/mypkg.egg-info/SOURCES.txt'
[0.567s] writing manifest file '../../build/mypkg/mypkg.egg-info/SOURCES.txt'
[0.567s] running build
[0.567s] running build_py
[0.568s] copying mypkg/talker.py -> /home/daisuke/ros2_ws/build/mypkg/build/lib/mypkg
[0.568s] running install
[0.572s] running install_lib
[0.572s] copying /home/daisuke/ros2_ws/build/mypkg/build/lib/mypkg/talker.py -> /home/daisuke/ros2_ws/install/mypkg/lib/python3.6/site-packages/mypkg
[0.572s] byte-compiling /home/daisuke/ros2_ws/install/mypkg/lib/python3.6/site-packages/mypkg/talker.py to talker.cpython-36.pyc
[0.572s] running install_data
[0.572s] running install_egg_info
[0.575s] removing '/home/daisuke/ros2_ws/install/mypkg/lib/python3.6/site-packages/mypkg-0.0.0-py3.6.egg-info' (and everything under it)
[0.575s] Copying ../../build/mypkg/mypkg.egg-info to /home/daisuke/ros2_ws/install/mypkg/lib/python3.6/site-packages/mypkg-0.0.0-py3.6.egg-info
[0.576s] running install_scripts
[0.586s] Installing listener script to /home/daisuke/ros2_ws/install/mypkg/lib/mypkg
[0.587s] Installing talker script to /home/daisuke/ros2_ws/install/mypkg/lib/mypkg
[0.587s] writing list of installed files to '/home/daisuke/ros2_ws/build/mypkg/install.log'
[0.604s] Invoked command in '/home/daisuke/ros2_ws/src/mypkg' returned '0': PYTHONPATH=/home/daisuke/ros2_ws/install/mypkg/lib/python3.6/site-packages:${PYTHONPATH} /usr/bin/python3 setup.py egg_info --egg-base ../../build/mypkg build --build-base /home/daisuke/ros2_ws/build/mypkg/build install --prefix /home/daisuke/ros2_ws/install/mypkg --record /home/daisuke/ros2_ws/build/mypkg/install.log --single-version-externally-managed
