[0.151s] Invoking command in '/home/daisuke/ros2_ws/build/person_msgs': CMAKE_PREFIX_PATH=/opt/ros/dashing /usr/bin/cmake --build /home/daisuke/ros2_ws/build/person_msgs -- -j8 -l8
[0.184s] [  6%] Built target person_msgs__cpp
[0.184s] [ 13%] Built target person_msgs__rosidl_generator_c
[0.199s] [ 24%] Built target person_msgs__rosidl_typesupport_introspection_cpp
[0.202s] [ 34%] Built target person_msgs__rosidl_typesupport_fastrtps_cpp
[0.202s] [ 44%] Built target person_msgs__rosidl_typesupport_introspection_c
[0.219s] [ 55%] Built target person_msgs__rosidl_typesupport_fastrtps_c
[0.221s] [ 65%] Built target person_msgs__rosidl_typesupport_cpp
[0.234s] [ 75%] Built target person_msgs__rosidl_typesupport_c
[0.246s] [ 75%] Built target person_msgs
[0.259s] [ 79%] Built target person_msgs__py
[0.275s] [ 86%] Built target person_msgs__python
[0.293s] [100%] Built target person_msgs__rosidl_typesupport_c__pyext
[0.293s] [100%] Built target person_msgs__rosidl_typesupport_fastrtps_c__pyext
[0.301s] Invoked command in '/home/daisuke/ros2_ws/build/person_msgs' returned '0': CMAKE_PREFIX_PATH=/opt/ros/dashing /usr/bin/cmake --build /home/daisuke/ros2_ws/build/person_msgs -- -j8 -l8
[0.343s] Invoking command in '/home/daisuke/ros2_ws/build/person_msgs': CMAKE_PREFIX_PATH=/opt/ros/dashing /usr/bin/cmake --build /home/daisuke/ros2_ws/build/person_msgs --target install -- -j8 -l8
[0.376s] [ 13%] Built target person_msgs__cpp
[0.377s] [ 13%] Built target person_msgs__rosidl_generator_c
[0.394s] [ 24%] Built target person_msgs__rosidl_typesupport_introspection_c
[0.406s] [ 34%] Built target person_msgs__rosidl_typesupport_introspection_cpp
[0.408s] [ 44%] Built target person_msgs__rosidl_typesupport_fastrtps_cpp
[0.425s] [ 65%] Built target person_msgs__rosidl_typesupport_fastrtps_c
[0.425s] [ 65%] Built target person_msgs__rosidl_typesupport_cpp
[0.440s] [ 75%] Built target person_msgs__rosidl_typesupport_c
[0.453s] [ 75%] Built target person_msgs
[0.466s] [ 79%] Built target person_msgs__py
[0.482s] [ 86%] Built target person_msgs__python
[0.499s] [100%] Built target person_msgs__rosidl_typesupport_fastrtps_c__pyext
[0.499s] [100%] Built target person_msgs__rosidl_typesupport_c__pyext
[0.512s] [36mInstall the project...[0m
[0.517s] -- Install configuration: ""
[0.518s] -- Up-to-date: /home/daisuke/ros2_ws/install/person_msgs/share/ament_index/resource_index/rosidl_interfaces/person_msgs
[0.518s] -- Up-to-date: /home/daisuke/ros2_ws/install/person_msgs/lib/libperson_msgs__rosidl_typesupport_c.so
[0.518s] -- Up-to-date: /home/daisuke/ros2_ws/install/person_msgs/share/person_msgs/environment/library_path.sh
[0.518s] -- Up-to-date: /home/daisuke/ros2_ws/install/person_msgs/lib/libperson_msgs__rosidl_typesupport_cpp.so
[0.518s] -- Up-to-date: /home/daisuke/ros2_ws/install/person_msgs/include/person_msgs
[0.518s] -- Up-to-date: /home/daisuke/ros2_ws/install/person_msgs/include/person_msgs/msg
[0.518s] -- Up-to-date: /home/daisuke/ros2_ws/install/person_msgs/include/person_msgs/msg/rosidl_typesupport_fastrtps_c__visibility_control.h
[0.519s] -- Up-to-date: /home/daisuke/ros2_ws/install/person_msgs/include/person_msgs/msg/person__rosidl_typesupport_fastrtps_c.h
[0.519s] -- Up-to-date: /home/daisuke/ros2_ws/install/person_msgs/lib/libperson_msgs__rosidl_typesupport_fastrtps_c.so
[0.519s] -- Up-to-date: /home/daisuke/ros2_ws/install/person_msgs/include/person_msgs
[0.519s] -- Up-to-date: /home/daisuke/ros2_ws/install/person_msgs/include/person_msgs/msg
[0.519s] -- Up-to-date: /home/daisuke/ros2_ws/install/person_msgs/include/person_msgs/msg/person.h
[0.519s] -- Up-to-date: /home/daisuke/ros2_ws/install/person_msgs/include/person_msgs/msg/person__functions.c
[0.519s] -- Up-to-date: /home/daisuke/ros2_ws/install/person_msgs/include/person_msgs/msg/person__type_support.h
[0.519s] -- Up-to-date: /home/daisuke/ros2_ws/install/person_msgs/include/person_msgs/msg/person__functions.h
[0.520s] -- Up-to-date: /home/daisuke/ros2_ws/install/person_msgs/include/person_msgs/msg/rosidl_generator_c__visibility_control.h
[0.520s] -- Up-to-date: /home/daisuke/ros2_ws/install/person_msgs/include/person_msgs/msg/person__struct.h
[0.520s] -- Up-to-date: /home/daisuke/ros2_ws/install/person_msgs/lib/libperson_msgs__rosidl_generator_c.so
[0.520s] -- Up-to-date: /home/daisuke/ros2_ws/install/person_msgs/include/person_msgs
[0.520s] -- Up-to-date: /home/daisuke/ros2_ws/install/person_msgs/include/person_msgs/msg
[0.520s] -- Up-to-date: /home/daisuke/ros2_ws/install/person_msgs/include/person_msgs/msg/rosidl_typesupport_fastrtps_cpp__visibility_control.h
[0.520s] -- Up-to-date: /home/daisuke/ros2_ws/install/person_msgs/include/person_msgs/msg/dds_fastrtps
[0.520s] -- Up-to-date: /home/daisuke/ros2_ws/install/person_msgs/include/person_msgs/msg/person__rosidl_typesupport_fastrtps_cpp.hpp
[0.521s] -- Up-to-date: /home/daisuke/ros2_ws/install/person_msgs/lib/libperson_msgs__rosidl_typesupport_fastrtps_cpp.so
[0.521s] -- Up-to-date: /home/daisuke/ros2_ws/install/person_msgs/include/person_msgs
[0.521s] -- Up-to-date: /home/daisuke/ros2_ws/install/person_msgs/include/person_msgs/msg
[0.521s] -- Up-to-date: /home/daisuke/ros2_ws/install/person_msgs/include/person_msgs/msg/person.hpp
[0.521s] -- Up-to-date: /home/daisuke/ros2_ws/install/person_msgs/include/person_msgs/msg/person__traits.hpp
[0.521s] -- Up-to-date: /home/daisuke/ros2_ws/install/person_msgs/include/person_msgs/msg/person__struct.hpp
[0.521s] -- Up-to-date: /home/daisuke/ros2_ws/install/person_msgs/include/person_msgs
[0.521s] -- Up-to-date: /home/daisuke/ros2_ws/install/person_msgs/include/person_msgs/msg
[0.521s] -- Up-to-date: /home/daisuke/ros2_ws/install/person_msgs/include/person_msgs/msg/rosidl_typesupport_introspection_c__visibility_control.h
[0.521s] -- Up-to-date: /home/daisuke/ros2_ws/install/person_msgs/include/person_msgs/msg/person__type_support.c
[0.521s] -- Up-to-date: /home/daisuke/ros2_ws/install/person_msgs/include/person_msgs/msg/person__rosidl_typesupport_introspection_c.h
[0.521s] -- Up-to-date: /home/daisuke/ros2_ws/install/person_msgs/lib/libperson_msgs__rosidl_typesupport_introspection_c.so
[0.521s] -- Up-to-date: /home/daisuke/ros2_ws/install/person_msgs/include/person_msgs
[0.521s] -- Up-to-date: /home/daisuke/ros2_ws/install/person_msgs/include/person_msgs/msg
[0.521s] -- Up-to-date: /home/daisuke/ros2_ws/install/person_msgs/include/person_msgs/msg/person__rosidl_typesupport_introspection_cpp.hpp
[0.521s] -- Up-to-date: /home/daisuke/ros2_ws/install/person_msgs/include/person_msgs/msg/person__type_support.cpp
[0.522s] -- Up-to-date: /home/daisuke/ros2_ws/install/person_msgs/lib/libperson_msgs__rosidl_typesupport_introspection_cpp.so
[0.522s] -- Up-to-date: /home/daisuke/ros2_ws/install/person_msgs/share/person_msgs/environment/pythonpath.sh
[0.522s] -- Up-to-date: /home/daisuke/ros2_ws/install/person_msgs/lib/python3.6/site-packages/person_msgs/__init__.py
[0.545s] -- Up-to-date: /home/daisuke/ros2_ws/install/person_msgs/lib/python3.6/site-packages/person_msgs/msg
[0.545s] -- Up-to-date: /home/daisuke/ros2_ws/install/person_msgs/lib/python3.6/site-packages/person_msgs/msg/_person.py
[0.545s] -- Up-to-date: /home/daisuke/ros2_ws/install/person_msgs/lib/python3.6/site-packages/person_msgs/msg/_person_s.c
[0.545s] -- Up-to-date: /home/daisuke/ros2_ws/install/person_msgs/lib/python3.6/site-packages/person_msgs/msg/__init__.py
[0.545s] -- Up-to-date: /home/daisuke/ros2_ws/install/person_msgs/lib/python3.6/site-packages/person_msgs/person_msgs_s__rosidl_typesupport_c.cpython-36m-x86_64-linux-gnu.so
[0.545s] -- Up-to-date: /home/daisuke/ros2_ws/install/person_msgs/lib/python3.6/site-packages/person_msgs/person_msgs_s__rosidl_typesupport_fastrtps_c.cpython-36m-x86_64-linux-gnu.so
[0.546s] -- Up-to-date: /home/daisuke/ros2_ws/install/person_msgs/lib/libperson_msgs__python.so
[0.546s] -- Up-to-date: /home/daisuke/ros2_ws/install/person_msgs/share/person_msgs/msg/Person.idl
[0.546s] -- Up-to-date: /home/daisuke/ros2_ws/install/person_msgs/share/person_msgs/msg/Person.msg
[0.546s] -- Up-to-date: /home/daisuke/ros2_ws/install/person_msgs/share/ament_index/resource_index/package_run_dependencies/person_msgs
[0.546s] -- Up-to-date: /home/daisuke/ros2_ws/install/person_msgs/share/ament_index/resource_index/parent_prefix_path/person_msgs
[0.546s] -- Up-to-date: /home/daisuke/ros2_ws/install/person_msgs/share/person_msgs/environment/ament_prefix_path.sh
[0.547s] -- Up-to-date: /home/daisuke/ros2_ws/install/person_msgs/share/person_msgs/environment/path.sh
[0.547s] -- Up-to-date: /home/daisuke/ros2_ws/install/person_msgs/share/person_msgs/local_setup.bash
[0.547s] -- Up-to-date: /home/daisuke/ros2_ws/install/person_msgs/share/person_msgs/local_setup.sh
[0.547s] -- Up-to-date: /home/daisuke/ros2_ws/install/person_msgs/share/person_msgs/local_setup.zsh
[0.547s] -- Up-to-date: /home/daisuke/ros2_ws/install/person_msgs/share/ament_index/resource_index/packages/person_msgs
[0.547s] -- Up-to-date: /home/daisuke/ros2_ws/install/person_msgs/share/person_msgs/cmake/rosidl_cmake-extras.cmake
[0.547s] -- Up-to-date: /home/daisuke/ros2_ws/install/person_msgs/share/person_msgs/cmake/ament_cmake_export_libraries-extras.cmake
[0.547s] -- Up-to-date: /home/daisuke/ros2_ws/install/person_msgs/share/person_msgs/cmake/ament_cmake_export_include_directories-extras.cmake
[0.547s] -- Up-to-date: /home/daisuke/ros2_ws/install/person_msgs/share/person_msgs/cmake/person_msgsConfig.cmake
[0.547s] -- Up-to-date: /home/daisuke/ros2_ws/install/person_msgs/share/person_msgs/cmake/person_msgsConfig-version.cmake
[0.547s] -- Up-to-date: /home/daisuke/ros2_ws/install/person_msgs/share/person_msgs/package.xml
[0.552s] Invoked command in '/home/daisuke/ros2_ws/build/person_msgs' returned '0': CMAKE_PREFIX_PATH=/opt/ros/dashing /usr/bin/cmake --build /home/daisuke/ros2_ws/build/person_msgs --target install -- -j8 -l8
