[0.533s] Invoking command in '/home/daisuke/ros2_ws/src/mypkg': PYTHONPATH=/home/daisuke/ros2_ws/src/install/mypkg/lib/python3.6/site-packages:${PYTHONPATH} /usr/bin/python3 setup.py egg_info --egg-base ../build/mypkg build --build-base /home/daisuke/ros2_ws/src/build/mypkg/build install --prefix /home/daisuke/ros2_ws/src/install/mypkg --record /home/daisuke/ros2_ws/src/build/mypkg/install.log --single-version-externally-managed
[0.691s] running egg_info
[0.692s] creating ../build/mypkg/mypkg.egg-info
[0.692s] writing ../build/mypkg/mypkg.egg-info/PKG-INFO
[0.692s] writing dependency_links to ../build/mypkg/mypkg.egg-info/dependency_links.txt
[0.693s] writing entry points to ../build/mypkg/mypkg.egg-info/entry_points.txt
[0.693s] writing requirements to ../build/mypkg/mypkg.egg-info/requires.txt
[0.693s] writing top-level names to ../build/mypkg/mypkg.egg-info/top_level.txt
[0.693s] writing manifest file '../build/mypkg/mypkg.egg-info/SOURCES.txt'
[0.718s] reading manifest file '../build/mypkg/mypkg.egg-info/SOURCES.txt'
[0.719s] writing manifest file '../build/mypkg/mypkg.egg-info/SOURCES.txt'
[0.720s] running build
[0.720s] running build_py
[0.720s] creating /home/daisuke/ros2_ws/src/build/mypkg/build
[0.720s] creating /home/daisuke/ros2_ws/src/build/mypkg/build/lib
[0.720s] creating /home/daisuke/ros2_ws/src/build/mypkg/build/lib/mypkg
[0.720s] copying mypkg/talker.py -> /home/daisuke/ros2_ws/src/build/mypkg/build/lib/mypkg
[0.721s] copying mypkg/__init__.py -> /home/daisuke/ros2_ws/src/build/mypkg/build/lib/mypkg
[0.721s] running install
[0.721s] running install_lib
[0.721s] creating /home/daisuke/ros2_ws/src/install/mypkg/lib/python3.6/site-packages/mypkg
[0.721s] copying /home/daisuke/ros2_ws/src/build/mypkg/build/lib/mypkg/talker.py -> /home/daisuke/ros2_ws/src/install/mypkg/lib/python3.6/site-packages/mypkg
[0.721s] copying /home/daisuke/ros2_ws/src/build/mypkg/build/lib/mypkg/__init__.py -> /home/daisuke/ros2_ws/src/install/mypkg/lib/python3.6/site-packages/mypkg
[0.721s] byte-compiling /home/daisuke/ros2_ws/src/install/mypkg/lib/python3.6/site-packages/mypkg/talker.py to talker.cpython-36.pyc
[0.722s] byte-compiling /home/daisuke/ros2_ws/src/install/mypkg/lib/python3.6/site-packages/mypkg/__init__.py to __init__.cpython-36.pyc
[0.722s] running install_data
[0.722s] creating /home/daisuke/ros2_ws/src/install/mypkg/share/ament_index
[0.723s] creating /home/daisuke/ros2_ws/src/install/mypkg/share/ament_index/resource_index
[0.723s] creating /home/daisuke/ros2_ws/src/install/mypkg/share/ament_index/resource_index/packages
[0.723s] copying resource/mypkg -> /home/daisuke/ros2_ws/src/install/mypkg/share/ament_index/resource_index/packages
[0.723s] copying package.xml -> /home/daisuke/ros2_ws/src/install/mypkg/share/mypkg
[0.723s] running install_egg_info
[0.724s] Copying ../build/mypkg/mypkg.egg-info to /home/daisuke/ros2_ws/src/install/mypkg/lib/python3.6/site-packages/mypkg-0.0.0-py3.6.egg-info
[0.725s] running install_scripts
[0.741s] Installing talker script to /home/daisuke/ros2_ws/src/install/mypkg/lib/mypkg
[0.741s] writing list of installed files to '/home/daisuke/ros2_ws/src/build/mypkg/install.log'
[0.761s] Invoked command in '/home/daisuke/ros2_ws/src/mypkg' returned '0': PYTHONPATH=/home/daisuke/ros2_ws/src/install/mypkg/lib/python3.6/site-packages:${PYTHONPATH} /usr/bin/python3 setup.py egg_info --egg-base ../build/mypkg build --build-base /home/daisuke/ros2_ws/src/build/mypkg/build install --prefix /home/daisuke/ros2_ws/src/install/mypkg --record /home/daisuke/ros2_ws/src/build/mypkg/install.log --single-version-externally-managed
