[0.437s] Invoking command in '/home/daisuke/ros2_ws/src/mypkg': PYTHONPATH=/home/daisuke/ros2_ws/src/install/mypkg/lib/python3.6/site-packages:${PYTHONPATH} /usr/bin/python3 setup.py egg_info --egg-base ../build/mypkg build --build-base /home/daisuke/ros2_ws/src/build/mypkg/build install --prefix /home/daisuke/ros2_ws/src/install/mypkg --record /home/daisuke/ros2_ws/src/build/mypkg/install.log --single-version-externally-managed
[0.587s] running egg_info
[0.587s] writing ../build/mypkg/mypkg.egg-info/PKG-INFO
[0.588s] writing dependency_links to ../build/mypkg/mypkg.egg-info/dependency_links.txt
[0.588s] writing entry points to ../build/mypkg/mypkg.egg-info/entry_points.txt
[0.588s] writing requirements to ../build/mypkg/mypkg.egg-info/requires.txt
[0.588s] writing top-level names to ../build/mypkg/mypkg.egg-info/top_level.txt
[0.614s] reading manifest file '../build/mypkg/mypkg.egg-info/SOURCES.txt'
[0.615s] writing manifest file '../build/mypkg/mypkg.egg-info/SOURCES.txt'
[0.615s] running build
[0.616s] running build_py
[0.616s] running install
[0.616s] running install_lib
[0.617s] running install_data
[0.617s] running install_egg_info
[0.619s] removing '/home/daisuke/ros2_ws/src/install/mypkg/lib/python3.6/site-packages/mypkg-0.0.0-py3.6.egg-info' (and everything under it)
[0.619s] Copying ../build/mypkg/mypkg.egg-info to /home/daisuke/ros2_ws/src/install/mypkg/lib/python3.6/site-packages/mypkg-0.0.0-py3.6.egg-info
[0.620s] running install_scripts
[0.635s] Installing listener script to /home/daisuke/ros2_ws/src/install/mypkg/lib/mypkg
[0.635s] Installing talker script to /home/daisuke/ros2_ws/src/install/mypkg/lib/mypkg
[0.635s] writing list of installed files to '/home/daisuke/ros2_ws/src/build/mypkg/install.log'
[0.651s] Invoked command in '/home/daisuke/ros2_ws/src/mypkg' returned '0': PYTHONPATH=/home/daisuke/ros2_ws/src/install/mypkg/lib/python3.6/site-packages:${PYTHONPATH} /usr/bin/python3 setup.py egg_info --egg-base ../build/mypkg build --build-base /home/daisuke/ros2_ws/src/build/mypkg/build install --prefix /home/daisuke/ros2_ws/src/install/mypkg --record /home/daisuke/ros2_ws/src/build/mypkg/install.log --single-version-externally-managed
