[0.149s] Invoking command in '/home/daisuke/ros2_ws/build/person_msgs': CMAKE_PREFIX_PATH=/opt/ros/dashing /usr/bin/cmake /home/daisuke/ros2_ws/src/person_msgs -DCMAKE_INSTALL_PREFIX=/home/daisuke/ros2_ws/install/person_msgs
[0.156s] -- Found ament_cmake: 0.7.6 (/opt/ros/dashing/share/ament_cmake/cmake)
[0.171s] -- Using PYTHON_EXECUTABLE: /usr/bin/python3
[0.295s] -- Found rosidl_default_generators: 0.7.0 (/opt/ros/dashing/share/rosidl_default_generators/cmake)
[0.882s] -- Found OpenSSL: /usr/lib/x86_64-linux-gnu/libcrypto.so (found version "1.1.1") 
[1.500s] -- Found FastRTPS: /opt/ros/dashing/include  
[1.517s] -- Found rosidl_adapter: 0.7.10 (/opt/ros/dashing/share/rosidl_adapter/cmake)
[2.625s] -- Found PythonInterp: /usr/bin/python3 (found version "3.6.9") 
[2.704s] -- Using single matching rosidl_typesupport_c: rosidl_typesupport_fastrtps_c
[2.709s] -- Using single matching rosidl_typesupport_cpp: rosidl_typesupport_fastrtps_cpp
[4.788s] -- Found rmw_implementation_cmake: 0.7.2 (/opt/ros/dashing/share/rmw_implementation_cmake/cmake)
[4.805s] -- Found PythonInterp: /usr/bin/python3 (found suitable version "3.6.9", minimum required is "3.5") 
[4.807s] -- Found python_cmake_module: 0.7.11 (/opt/ros/dashing/share/python_cmake_module/cmake)
[4.922s] -- Found PythonLibs: /usr/lib/x86_64-linux-gnu/libpython3.6m.so (found suitable version "3.6.9", minimum required is "3.5") 
[4.922s] -- Using PYTHON_EXECUTABLE: /usr/bin/python3
[4.922s] -- Using PYTHON_INCLUDE_DIRS: /usr/include/python3.6m
[4.922s] -- Using PYTHON_LIBRARIES: /usr/lib/x86_64-linux-gnu/libpython3.6m.so
[4.937s] -- Found PythonExtra: .so  
[7.091s] -- Found ament_lint_auto: 0.7.12 (/opt/ros/dashing/share/ament_lint_auto/cmake)
[7.119s] -- Added test 'lint_cmake' to check CMake code style
[7.120s] -- Added test 'xmllint' to check XML markup files
[7.123s] -- Configuring done
[7.144s] -- Generating done
[7.146s] -- Build files have been written to: /home/daisuke/ros2_ws/build/person_msgs
[7.150s] Invoked command in '/home/daisuke/ros2_ws/build/person_msgs' returned '0': CMAKE_PREFIX_PATH=/opt/ros/dashing /usr/bin/cmake /home/daisuke/ros2_ws/src/person_msgs -DCMAKE_INSTALL_PREFIX=/home/daisuke/ros2_ws/install/person_msgs
[7.150s] Invoking command in '/home/daisuke/ros2_ws/build/person_msgs': CMAKE_PREFIX_PATH=/opt/ros/dashing /usr/bin/cmake --build /home/daisuke/ros2_ws/build/person_msgs -- -j8 -l8
[7.174s] [  3%] [34m[1mGenerating C code for ROS interfaces[0m
[7.174s] [35m[1mScanning dependencies of target person_msgs__cpp[0m
[7.181s] [  6%] [34m[1mGenerating C++ code for ROS interfaces[0m
[7.362s] [35m[1mScanning dependencies of target person_msgs__rosidl_generator_c[0m
[7.371s] [ 10%] [32mBuilding C object CMakeFiles/person_msgs__rosidl_generator_c.dir/rosidl_generator_c/person_msgs/msg/person__functions.c.o[0m
[7.376s] [ 10%] Built target person_msgs__cpp
[7.383s] [ 13%] [34m[1mGenerating C++ type support for eProsima Fast-RTPS[0m
[7.383s] [ 17%] [34m[1mGenerating C++ introspection for ROS interfaces[0m
[7.428s] [ 20%] [32m[1mLinking C shared library libperson_msgs__rosidl_generator_c.so[0m
[7.490s] [ 20%] Built target person_msgs__rosidl_generator_c
[7.498s] [ 24%] [34m[1mGenerating C introspection for ROS interfaces[0m
[7.594s] [35m[1mScanning dependencies of target person_msgs__rosidl_typesupport_introspection_cpp[0m
[7.594s] [35m[1mScanning dependencies of target person_msgs__rosidl_typesupport_fastrtps_cpp[0m
[7.609s] [ 27%] [32mBuilding CXX object CMakeFiles/person_msgs__rosidl_typesupport_introspection_cpp.dir/rosidl_typesupport_introspection_cpp/person_msgs/msg/person__type_support.cpp.o[0m
[7.611s] [ 31%] [32mBuilding CXX object CMakeFiles/person_msgs__rosidl_typesupport_fastrtps_cpp.dir/rosidl_typesupport_fastrtps_cpp/person_msgs/msg/dds_fastrtps/person__type_support.cpp.o[0m
[7.713s] [35m[1mScanning dependencies of target person_msgs__rosidl_typesupport_introspection_c[0m
[7.722s] [ 34%] [32mBuilding C object CMakeFiles/person_msgs__rosidl_typesupport_introspection_c.dir/rosidl_typesupport_introspection_c/person_msgs/msg/person__type_support.c.o[0m
[7.741s] [ 37%] [32m[1mLinking C shared library libperson_msgs__rosidl_typesupport_introspection_c.so[0m
[7.792s] [ 37%] Built target person_msgs__rosidl_typesupport_introspection_c
[7.817s] [ 41%] [32m[1mLinking CXX shared library libperson_msgs__rosidl_typesupport_introspection_cpp.so[0m
[7.874s] [ 41%] Built target person_msgs__rosidl_typesupport_introspection_cpp
[7.912s] [ 44%] [32m[1mLinking CXX shared library libperson_msgs__rosidl_typesupport_fastrtps_cpp.so[0m
[8.002s] [ 44%] Built target person_msgs__rosidl_typesupport_fastrtps_cpp
[8.009s] [ 51%] [34m[1mGenerating C type support for eProsima Fast-RTPS[0m
[8.009s] [ 51%] [34m[1mGenerating C++ type support dispatch for ROS interfaces[0m
[8.171s] [35m[1mScanning dependencies of target person_msgs__rosidl_typesupport_cpp[0m
[8.181s] [ 55%] [32mBuilding CXX object CMakeFiles/person_msgs__rosidl_typesupport_cpp.dir/rosidl_typesupport_cpp/person_msgs/msg/person__type_support.cpp.o[0m
[8.191s] [35m[1mScanning dependencies of target person_msgs__rosidl_typesupport_fastrtps_c[0m
[8.209s] [ 58%] [32mBuilding CXX object CMakeFiles/person_msgs__rosidl_typesupport_fastrtps_c.dir/rosidl_typesupport_fastrtps_c/person_msgs/msg/person__type_support_c.cpp.o[0m
[8.402s] [ 62%] [32m[1mLinking CXX shared library libperson_msgs__rosidl_typesupport_cpp.so[0m
[8.410s] [ 65%] [32m[1mLinking CXX shared library libperson_msgs__rosidl_typesupport_fastrtps_c.so[0m
[8.496s] [ 65%] Built target person_msgs__rosidl_typesupport_cpp
[8.501s] [ 65%] Built target person_msgs__rosidl_typesupport_fastrtps_c
[8.507s] [ 68%] [34m[1mGenerating C type support dispatch for ROS interfaces[0m
[8.641s] [35m[1mScanning dependencies of target person_msgs__rosidl_typesupport_c[0m
[8.650s] [ 72%] [32mBuilding CXX object CMakeFiles/person_msgs__rosidl_typesupport_c.dir/rosidl_typesupport_c/person_msgs/msg/person__type_support.cpp.o[0m
[8.670s] [ 75%] [32m[1mLinking CXX shared library libperson_msgs__rosidl_typesupport_c.so[0m
[8.743s] [ 75%] Built target person_msgs__rosidl_typesupport_c
[8.750s] [35m[1mScanning dependencies of target person_msgs[0m
[8.756s] [ 75%] Built target person_msgs
[8.762s] [35m[1mScanning dependencies of target person_msgs__py[0m
[8.769s] [ 79%] [34m[1mGenerating Python code for ROS interfaces[0m
[9.029s] [ 79%] Built target person_msgs__py
[9.036s] [35m[1mScanning dependencies of target person_msgs__python[0m
[9.077s] [ 82%] [32mBuilding C object CMakeFiles/person_msgs__python.dir/rosidl_generator_py/person_msgs/msg/_person_s.c.o[0m
[9.163s] [ 86%] [32m[1mLinking C shared library rosidl_generator_py/person_msgs/libperson_msgs__python.so[0m
[9.239s] [ 86%] Built target person_msgs__python
[9.247s] [35m[1mScanning dependencies of target person_msgs__rosidl_typesupport_c__pyext[0m
[9.247s] [35m[1mScanning dependencies of target person_msgs__rosidl_typesupport_fastrtps_c__pyext[0m
[9.260s] [ 93%] [32mBuilding C object CMakeFiles/person_msgs__rosidl_typesupport_fastrtps_c__pyext.dir/rosidl_generator_py/person_msgs/_person_msgs_s.ep.rosidl_typesupport_fastrtps_c.c.o[0m
[9.260s] [ 93%] [32mBuilding C object CMakeFiles/person_msgs__rosidl_typesupport_c__pyext.dir/rosidl_generator_py/person_msgs/_person_msgs_s.ep.rosidl_typesupport_c.c.o[0m
[9.319s] [100%] [32m[1mLinking C shared library rosidl_generator_py/person_msgs/person_msgs_s__rosidl_typesupport_c.cpython-36m-x86_64-linux-gnu.so[0m
[9.319s] [100%] [32m[1mLinking C shared library rosidl_generator_py/person_msgs/person_msgs_s__rosidl_typesupport_fastrtps_c.cpython-36m-x86_64-linux-gnu.so[0m
[9.382s] [100%] Built target person_msgs__rosidl_typesupport_fastrtps_c__pyext
[9.382s] [100%] Built target person_msgs__rosidl_typesupport_c__pyext
[9.394s] Invoked command in '/home/daisuke/ros2_ws/build/person_msgs' returned '0': CMAKE_PREFIX_PATH=/opt/ros/dashing /usr/bin/cmake --build /home/daisuke/ros2_ws/build/person_msgs -- -j8 -l8
[9.439s] Invoking command in '/home/daisuke/ros2_ws/build/person_msgs': CMAKE_PREFIX_PATH=/opt/ros/dashing /usr/bin/cmake --build /home/daisuke/ros2_ws/build/person_msgs --target install -- -j8 -l8
[9.474s] [ 10%] Built target person_msgs__cpp
[9.474s] [ 13%] Built target person_msgs__rosidl_generator_c
[9.490s] [ 24%] Built target person_msgs__rosidl_typesupport_introspection_c
[9.505s] [ 34%] Built target person_msgs__rosidl_typesupport_introspection_cpp
[9.507s] [ 44%] Built target person_msgs__rosidl_typesupport_fastrtps_cpp
[9.525s] [ 65%] Built target person_msgs__rosidl_typesupport_cpp
[9.525s] [ 65%] Built target person_msgs__rosidl_typesupport_fastrtps_c
[9.543s] [ 75%] Built target person_msgs__rosidl_typesupport_c
[9.558s] [ 75%] Built target person_msgs
[9.571s] [ 79%] Built target person_msgs__py
[9.586s] [ 86%] Built target person_msgs__python
[9.603s] [100%] Built target person_msgs__rosidl_typesupport_fastrtps_c__pyext
[9.603s] [100%] Built target person_msgs__rosidl_typesupport_c__pyext
[9.615s] [36mInstall the project...[0m
[9.620s] -- Install configuration: ""
[9.620s] -- Installing: /home/daisuke/ros2_ws/install/person_msgs/share/ament_index/resource_index/rosidl_interfaces/person_msgs
[9.620s] -- Installing: /home/daisuke/ros2_ws/install/person_msgs/lib/libperson_msgs__rosidl_typesupport_c.so
[9.621s] -- Set runtime path of "/home/daisuke/ros2_ws/install/person_msgs/lib/libperson_msgs__rosidl_typesupport_c.so" to ""
[9.621s] -- Installing: /home/daisuke/ros2_ws/install/person_msgs/share/person_msgs/environment/library_path.sh
[9.621s] -- Installing: /home/daisuke/ros2_ws/install/person_msgs/lib/libperson_msgs__rosidl_typesupport_cpp.so
[9.621s] -- Set runtime path of "/home/daisuke/ros2_ws/install/person_msgs/lib/libperson_msgs__rosidl_typesupport_cpp.so" to ""
[9.621s] -- Installing: /home/daisuke/ros2_ws/install/person_msgs/include/person_msgs
[9.621s] -- Installing: /home/daisuke/ros2_ws/install/person_msgs/include/person_msgs/msg
[9.622s] -- Installing: /home/daisuke/ros2_ws/install/person_msgs/include/person_msgs/msg/rosidl_typesupport_fastrtps_c__visibility_control.h
[9.622s] -- Installing: /home/daisuke/ros2_ws/install/person_msgs/include/person_msgs/msg/person__rosidl_typesupport_fastrtps_c.h
[9.622s] -- Installing: /home/daisuke/ros2_ws/install/person_msgs/lib/libperson_msgs__rosidl_typesupport_fastrtps_c.so
[9.622s] -- Set runtime path of "/home/daisuke/ros2_ws/install/person_msgs/lib/libperson_msgs__rosidl_typesupport_fastrtps_c.so" to ""
[9.622s] -- Up-to-date: /home/daisuke/ros2_ws/install/person_msgs/include/person_msgs
[9.622s] -- Up-to-date: /home/daisuke/ros2_ws/install/person_msgs/include/person_msgs/msg
[9.622s] -- Installing: /home/daisuke/ros2_ws/install/person_msgs/include/person_msgs/msg/person.h
[9.622s] -- Installing: /home/daisuke/ros2_ws/install/person_msgs/include/person_msgs/msg/person__functions.c
[9.622s] -- Installing: /home/daisuke/ros2_ws/install/person_msgs/include/person_msgs/msg/person__type_support.h
[9.622s] -- Installing: /home/daisuke/ros2_ws/install/person_msgs/include/person_msgs/msg/person__functions.h
[9.623s] -- Installing: /home/daisuke/ros2_ws/install/person_msgs/include/person_msgs/msg/rosidl_generator_c__visibility_control.h
[9.623s] -- Installing: /home/daisuke/ros2_ws/install/person_msgs/include/person_msgs/msg/person__struct.h
[9.623s] -- Installing: /home/daisuke/ros2_ws/install/person_msgs/lib/libperson_msgs__rosidl_generator_c.so
[9.623s] -- Set runtime path of "/home/daisuke/ros2_ws/install/person_msgs/lib/libperson_msgs__rosidl_generator_c.so" to ""
[9.623s] -- Up-to-date: /home/daisuke/ros2_ws/install/person_msgs/include/person_msgs
[9.623s] -- Up-to-date: /home/daisuke/ros2_ws/install/person_msgs/include/person_msgs/msg
[9.623s] -- Installing: /home/daisuke/ros2_ws/install/person_msgs/include/person_msgs/msg/rosidl_typesupport_fastrtps_cpp__visibility_control.h
[9.623s] -- Installing: /home/daisuke/ros2_ws/install/person_msgs/include/person_msgs/msg/dds_fastrtps
[9.623s] -- Installing: /home/daisuke/ros2_ws/install/person_msgs/include/person_msgs/msg/person__rosidl_typesupport_fastrtps_cpp.hpp
[9.624s] -- Installing: /home/daisuke/ros2_ws/install/person_msgs/lib/libperson_msgs__rosidl_typesupport_fastrtps_cpp.so
[9.624s] -- Set runtime path of "/home/daisuke/ros2_ws/install/person_msgs/lib/libperson_msgs__rosidl_typesupport_fastrtps_cpp.so" to ""
[9.624s] -- Up-to-date: /home/daisuke/ros2_ws/install/person_msgs/include/person_msgs
[9.624s] -- Up-to-date: /home/daisuke/ros2_ws/install/person_msgs/include/person_msgs/msg
[9.624s] -- Installing: /home/daisuke/ros2_ws/install/person_msgs/include/person_msgs/msg/person.hpp
[9.624s] -- Installing: /home/daisuke/ros2_ws/install/person_msgs/include/person_msgs/msg/person__traits.hpp
[9.624s] -- Installing: /home/daisuke/ros2_ws/install/person_msgs/include/person_msgs/msg/person__struct.hpp
[9.624s] -- Up-to-date: /home/daisuke/ros2_ws/install/person_msgs/include/person_msgs
[9.625s] -- Up-to-date: /home/daisuke/ros2_ws/install/person_msgs/include/person_msgs/msg
[9.625s] -- Installing: /home/daisuke/ros2_ws/install/person_msgs/include/person_msgs/msg/rosidl_typesupport_introspection_c__visibility_control.h
[9.625s] -- Installing: /home/daisuke/ros2_ws/install/person_msgs/include/person_msgs/msg/person__type_support.c
[9.625s] -- Installing: /home/daisuke/ros2_ws/install/person_msgs/include/person_msgs/msg/person__rosidl_typesupport_introspection_c.h
[9.625s] -- Installing: /home/daisuke/ros2_ws/install/person_msgs/lib/libperson_msgs__rosidl_typesupport_introspection_c.so
[9.625s] -- Set runtime path of "/home/daisuke/ros2_ws/install/person_msgs/lib/libperson_msgs__rosidl_typesupport_introspection_c.so" to ""
[9.625s] -- Up-to-date: /home/daisuke/ros2_ws/install/person_msgs/include/person_msgs
[9.625s] -- Up-to-date: /home/daisuke/ros2_ws/install/person_msgs/include/person_msgs/msg
[9.625s] -- Installing: /home/daisuke/ros2_ws/install/person_msgs/include/person_msgs/msg/person__rosidl_typesupport_introspection_cpp.hpp
[9.625s] -- Installing: /home/daisuke/ros2_ws/install/person_msgs/include/person_msgs/msg/person__type_support.cpp
[9.625s] -- Installing: /home/daisuke/ros2_ws/install/person_msgs/lib/libperson_msgs__rosidl_typesupport_introspection_cpp.so
[9.625s] -- Set runtime path of "/home/daisuke/ros2_ws/install/person_msgs/lib/libperson_msgs__rosidl_typesupport_introspection_cpp.so" to ""
[9.625s] -- Installing: /home/daisuke/ros2_ws/install/person_msgs/share/person_msgs/environment/pythonpath.sh
[9.625s] -- Installing: /home/daisuke/ros2_ws/install/person_msgs/lib/python3.6/site-packages/person_msgs/__init__.py
[9.645s] Compiling '/home/daisuke/ros2_ws/install/person_msgs/lib/python3.6/site-packages/person_msgs/__init__.py'...
[9.648s] -- Installing: /home/daisuke/ros2_ws/install/person_msgs/lib/python3.6/site-packages/person_msgs/msg
[9.649s] -- Installing: /home/daisuke/ros2_ws/install/person_msgs/lib/python3.6/site-packages/person_msgs/msg/_person.py
[9.649s] -- Installing: /home/daisuke/ros2_ws/install/person_msgs/lib/python3.6/site-packages/person_msgs/msg/_person_s.c
[9.649s] -- Installing: /home/daisuke/ros2_ws/install/person_msgs/lib/python3.6/site-packages/person_msgs/msg/__init__.py
[9.649s] -- Installing: /home/daisuke/ros2_ws/install/person_msgs/lib/python3.6/site-packages/person_msgs/person_msgs_s__rosidl_typesupport_c.cpython-36m-x86_64-linux-gnu.so
[9.649s] -- Set runtime path of "/home/daisuke/ros2_ws/install/person_msgs/lib/python3.6/site-packages/person_msgs/person_msgs_s__rosidl_typesupport_c.cpython-36m-x86_64-linux-gnu.so" to ""
[9.649s] -- Installing: /home/daisuke/ros2_ws/install/person_msgs/lib/python3.6/site-packages/person_msgs/person_msgs_s__rosidl_typesupport_fastrtps_c.cpython-36m-x86_64-linux-gnu.so
[9.649s] -- Set runtime path of "/home/daisuke/ros2_ws/install/person_msgs/lib/python3.6/site-packages/person_msgs/person_msgs_s__rosidl_typesupport_fastrtps_c.cpython-36m-x86_64-linux-gnu.so" to ""
[9.649s] -- Installing: /home/daisuke/ros2_ws/install/person_msgs/lib/libperson_msgs__python.so
[9.650s] -- Set runtime path of "/home/daisuke/ros2_ws/install/person_msgs/lib/libperson_msgs__python.so" to ""
[9.650s] -- Installing: /home/daisuke/ros2_ws/install/person_msgs/share/person_msgs/msg/Person.idl
[9.650s] -- Installing: /home/daisuke/ros2_ws/install/person_msgs/share/person_msgs/msg/Person.msg
[9.650s] -- Installing: /home/daisuke/ros2_ws/install/person_msgs/share/ament_index/resource_index/package_run_dependencies/person_msgs
[9.650s] -- Installing: /home/daisuke/ros2_ws/install/person_msgs/share/ament_index/resource_index/parent_prefix_path/person_msgs
[9.650s] -- Installing: /home/daisuke/ros2_ws/install/person_msgs/share/person_msgs/environment/ament_prefix_path.sh
[9.651s] -- Installing: /home/daisuke/ros2_ws/install/person_msgs/share/person_msgs/environment/path.sh
[9.651s] -- Installing: /home/daisuke/ros2_ws/install/person_msgs/share/person_msgs/local_setup.bash
[9.651s] -- Installing: /home/daisuke/ros2_ws/install/person_msgs/share/person_msgs/local_setup.sh
[9.651s] -- Installing: /home/daisuke/ros2_ws/install/person_msgs/share/person_msgs/local_setup.zsh
[9.651s] -- Installing: /home/daisuke/ros2_ws/install/person_msgs/share/ament_index/resource_index/packages/person_msgs
[9.651s] -- Installing: /home/daisuke/ros2_ws/install/person_msgs/share/person_msgs/cmake/rosidl_cmake-extras.cmake
[9.652s] -- Installing: /home/daisuke/ros2_ws/install/person_msgs/share/person_msgs/cmake/ament_cmake_export_libraries-extras.cmake
[9.652s] -- Installing: /home/daisuke/ros2_ws/install/person_msgs/share/person_msgs/cmake/ament_cmake_export_include_directories-extras.cmake
[9.652s] -- Installing: /home/daisuke/ros2_ws/install/person_msgs/share/person_msgs/cmake/person_msgsConfig.cmake
[9.652s] -- Installing: /home/daisuke/ros2_ws/install/person_msgs/share/person_msgs/cmake/person_msgsConfig-version.cmake
[9.652s] -- Installing: /home/daisuke/ros2_ws/install/person_msgs/share/person_msgs/package.xml
[9.655s] Invoked command in '/home/daisuke/ros2_ws/build/person_msgs' returned '0': CMAKE_PREFIX_PATH=/opt/ros/dashing /usr/bin/cmake --build /home/daisuke/ros2_ws/build/person_msgs --target install -- -j8 -l8
