[0.503s] Invoking command in '/home/daisuke/ros2_ws/src/mypkg': PYTHONPATH=/home/daisuke/ros2_ws/build/mypkg/prefix_override:/home/daisuke/ros2_ws/install/mypkg/lib/python3.10/site-packages:${PYTHONPATH} /usr/bin/python3 setup.py egg_info --egg-base ../../build/mypkg build --build-base /home/daisuke/ros2_ws/build/mypkg/build install --record /home/daisuke/ros2_ws/build/mypkg/install.log --install-scripts $base/lib/mypkg --single-version-externally-managed
[0.664s] /usr/lib/python3/dist-packages/setuptools/dist.py:723: UserWarning: Usage of dash-separated 'script-dir' will not be supported in future versions. Please use the underscore name 'script_dir' instead
[0.664s]   warnings.warn(
[0.670s] running egg_info
[0.671s] writing ../../build/mypkg/mypkg.egg-info/PKG-INFO
[0.671s] writing dependency_links to ../../build/mypkg/mypkg.egg-info/dependency_links.txt
[0.671s] writing entry points to ../../build/mypkg/mypkg.egg-info/entry_points.txt
[0.671s] writing requirements to ../../build/mypkg/mypkg.egg-info/requires.txt
[0.671s] writing top-level names to ../../build/mypkg/mypkg.egg-info/top_level.txt
[0.673s] reading manifest file '../../build/mypkg/mypkg.egg-info/SOURCES.txt'
[0.674s] writing manifest file '../../build/mypkg/mypkg.egg-info/SOURCES.txt'
[0.674s] running build
[0.674s] running build_py
[0.675s] running install
[0.675s] running install_lib
[0.675s] /usr/lib/python3/dist-packages/setuptools/command/install.py:34: SetuptoolsDeprecationWarning: setup.py install is deprecated. Use build and pip and other standards-based tools.
[0.675s]   warnings.warn(
[0.676s] running install_data
[0.676s] running install_egg_info
[0.677s] removing '/home/daisuke/ros2_ws/install/mypkg/lib/python3.10/site-packages/mypkg-0.0.0-py3.10.egg-info' (and everything under it)
[0.677s] Copying ../../build/mypkg/mypkg.egg-info to /home/daisuke/ros2_ws/install/mypkg/lib/python3.10/site-packages/mypkg-0.0.0-py3.10.egg-info
[0.678s] running install_scripts
[0.693s] Installing listener script to /home/daisuke/ros2_ws/install/mypkg/lib/mypkg
[0.694s] Installing talker script to /home/daisuke/ros2_ws/install/mypkg/lib/mypkg
[0.694s] writing list of installed files to '/home/daisuke/ros2_ws/build/mypkg/install.log'
