[0.885s] Invoking command in '/home/daisuke/ros2_ws/src/mypkg': PYTHONPATH=/home/daisuke/ros2_ws/build/mypkg/prefix_override:/home/daisuke/ros2_ws/install/mypkg/lib/python3.10/site-packages:${PYTHONPATH} /usr/bin/python3 setup.py egg_info --egg-base ../../build/mypkg build --build-base /home/daisuke/ros2_ws/build/mypkg/build install --record /home/daisuke/ros2_ws/build/mypkg/install.log --install-scripts $base/lib/mypkg --single-version-externally-managed
[1.116s] /usr/lib/python3/dist-packages/setuptools/dist.py:723: UserWarning: Usage of dash-separated 'script-dir' will not be supported in future versions. Please use the underscore name 'script_dir' instead
[1.117s]   warnings.warn(
[1.124s] running egg_info
[1.124s] writing ../../build/mypkg/mypkg.egg-info/PKG-INFO
[1.125s] writing dependency_links to ../../build/mypkg/mypkg.egg-info/dependency_links.txt
[1.125s] writing entry points to ../../build/mypkg/mypkg.egg-info/entry_points.txt
[1.125s] writing requirements to ../../build/mypkg/mypkg.egg-info/requires.txt
[1.125s] writing top-level names to ../../build/mypkg/mypkg.egg-info/top_level.txt
[1.127s] reading manifest file '../../build/mypkg/mypkg.egg-info/SOURCES.txt'
[1.127s] writing manifest file '../../build/mypkg/mypkg.egg-info/SOURCES.txt'
[1.128s] running build
[1.128s] running build_py
[1.128s] running install
[1.128s] /usr/lib/python3/dist-packages/setuptools/command/install.py:34: SetuptoolsDeprecationWarning: setup.py install is deprecated. Use build and pip and other standards-based tools.
[1.128s]   warnings.warn(
[1.129s] running install_lib
[1.130s] running install_data
[1.130s] running install_egg_info
[1.131s] removing '/home/daisuke/ros2_ws/install/mypkg/lib/python3.10/site-packages/mypkg-0.0.0-py3.10.egg-info' (and everything under it)
[1.132s] Copying ../../build/mypkg/mypkg.egg-info to /home/daisuke/ros2_ws/install/mypkg/lib/python3.10/site-packages/mypkg-0.0.0-py3.10.egg-info
[1.132s] running install_scripts
[1.153s] Installing listener script to /home/daisuke/ros2_ws/install/mypkg/lib/mypkg
[1.153s] Installing talker script to /home/daisuke/ros2_ws/install/mypkg/lib/mypkg
[1.154s] writing list of installed files to '/home/daisuke/ros2_ws/build/mypkg/install.log'
