[0.144s] Invoking command in '/home/daisuke/ros2_ws/build/person_msgs': CMAKE_PREFIX_PATH=/opt/ros/dashing /usr/bin/cmake --build /home/daisuke/ros2_ws/build/person_msgs -- -j8 -l8
[0.406s] [  3%] Built target person_msgs__cpp
[0.407s] [ 13%] Built target person_msgs__rosidl_generator_c
[0.426s] [ 24%] Built target person_msgs__rosidl_typesupport_introspection_c
[0.428s] [ 34%] Built target person_msgs__rosidl_typesupport_introspection_cpp
[0.430s] [ 44%] Built target person_msgs__rosidl_typesupport_fastrtps_cpp
[0.452s] [ 62%] Built target person_msgs__rosidl_typesupport_cpp
[0.452s] [ 65%] Built target person_msgs__rosidl_typesupport_fastrtps_c
[0.473s] [ 75%] Built target person_msgs__rosidl_typesupport_c
[0.488s] [ 75%] Built target person_msgs
[0.506s] [ 79%] Built target person_msgs__py
[0.528s] [ 86%] Built target person_msgs__python
[0.549s] [100%] Built target person_msgs__rosidl_typesupport_fastrtps_c__pyext
[0.549s] [100%] Built target person_msgs__rosidl_typesupport_c__pyext
[0.556s] Invoked command in '/home/daisuke/ros2_ws/build/person_msgs' returned '0': CMAKE_PREFIX_PATH=/opt/ros/dashing /usr/bin/cmake --build /home/daisuke/ros2_ws/build/person_msgs -- -j8 -l8
[0.599s] Invoking command in '/home/daisuke/ros2_ws/build/person_msgs': CMAKE_PREFIX_PATH=/opt/ros/dashing /usr/bin/cmake --build /home/daisuke/ros2_ws/build/person_msgs --target install -- -j8 -l8
[0.633s] [  3%] Built target person_msgs__cpp
[0.635s] [ 13%] Built target person_msgs__rosidl_generator_c
[0.650s] [ 34%] Built target person_msgs__rosidl_typesupport_fastrtps_cpp
[0.651s] [ 34%] Built target person_msgs__rosidl_typesupport_introspection_cpp
[0.652s] [ 44%] Built target person_msgs__rosidl_typesupport_introspection_c
[0.668s] [ 65%] Built target person_msgs__rosidl_typesupport_fastrtps_c
[0.668s] [ 65%] Built target person_msgs__rosidl_typesupport_cpp
[0.684s] [ 75%] Built target person_msgs__rosidl_typesupport_c
[0.699s] [ 75%] Built target person_msgs
[0.712s] [ 79%] Built target person_msgs__py
[0.727s] [ 86%] Built target person_msgs__python
[0.743s] [100%] Built target person_msgs__rosidl_typesupport_fastrtps_c__pyext
[0.743s] [100%] Built target person_msgs__rosidl_typesupport_c__pyext
[0.754s] [36mInstall the project...[0m
[0.763s] -- Install configuration: ""
[0.765s] -- Up-to-date: /home/daisuke/ros2_ws/install/person_msgs/share/ament_index/resource_index/rosidl_interfaces/person_msgs
[0.766s] -- Up-to-date: /home/daisuke/ros2_ws/install/person_msgs/lib/libperson_msgs__rosidl_typesupport_c.so
[0.767s] -- Up-to-date: /home/daisuke/ros2_ws/install/person_msgs/share/person_msgs/environment/library_path.sh
[0.767s] -- Up-to-date: /home/daisuke/ros2_ws/install/person_msgs/lib/libperson_msgs__rosidl_typesupport_cpp.so
[0.768s] -- Up-to-date: /home/daisuke/ros2_ws/install/person_msgs/include/person_msgs
[0.768s] -- Up-to-date: /home/daisuke/ros2_ws/install/person_msgs/include/person_msgs/msg
[0.768s] -- Up-to-date: /home/daisuke/ros2_ws/install/person_msgs/include/person_msgs/msg/rosidl_typesupport_fastrtps_c__visibility_control.h
[0.769s] -- Up-to-date: /home/daisuke/ros2_ws/install/person_msgs/include/person_msgs/msg/person__rosidl_typesupport_fastrtps_c.h
[0.769s] -- Up-to-date: /home/daisuke/ros2_ws/install/person_msgs/lib/libperson_msgs__rosidl_typesupport_fastrtps_c.so
[0.770s] -- Up-to-date: /home/daisuke/ros2_ws/install/person_msgs/include/person_msgs
[0.770s] -- Up-to-date: /home/daisuke/ros2_ws/install/person_msgs/include/person_msgs/msg
[0.770s] -- Up-to-date: /home/daisuke/ros2_ws/install/person_msgs/include/person_msgs/msg/person.h
[0.770s] -- Up-to-date: /home/daisuke/ros2_ws/install/person_msgs/include/person_msgs/msg/person__functions.c
[0.770s] -- Up-to-date: /home/daisuke/ros2_ws/install/person_msgs/include/person_msgs/msg/person__type_support.h
[0.770s] -- Up-to-date: /home/daisuke/ros2_ws/install/person_msgs/include/person_msgs/msg/person__functions.h
[0.770s] -- Up-to-date: /home/daisuke/ros2_ws/install/person_msgs/include/person_msgs/msg/rosidl_generator_c__visibility_control.h
[0.770s] -- Up-to-date: /home/daisuke/ros2_ws/install/person_msgs/include/person_msgs/msg/person__struct.h
[0.770s] -- Up-to-date: /home/daisuke/ros2_ws/install/person_msgs/lib/libperson_msgs__rosidl_generator_c.so
[0.771s] -- Up-to-date: /home/daisuke/ros2_ws/install/person_msgs/include/person_msgs
[0.771s] -- Up-to-date: /home/daisuke/ros2_ws/install/person_msgs/include/person_msgs/msg
[0.771s] -- Up-to-date: /home/daisuke/ros2_ws/install/person_msgs/include/person_msgs/msg/rosidl_typesupport_fastrtps_cpp__visibility_control.h
[0.771s] -- Up-to-date: /home/daisuke/ros2_ws/install/person_msgs/include/person_msgs/msg/dds_fastrtps
[0.771s] -- Up-to-date: /home/daisuke/ros2_ws/install/person_msgs/include/person_msgs/msg/person__rosidl_typesupport_fastrtps_cpp.hpp
[0.771s] -- Up-to-date: /home/daisuke/ros2_ws/install/person_msgs/lib/libperson_msgs__rosidl_typesupport_fastrtps_cpp.so
[0.772s] -- Up-to-date: /home/daisuke/ros2_ws/install/person_msgs/include/person_msgs
[0.772s] -- Up-to-date: /home/daisuke/ros2_ws/install/person_msgs/include/person_msgs/msg
[0.772s] -- Up-to-date: /home/daisuke/ros2_ws/install/person_msgs/include/person_msgs/msg/person.hpp
[0.772s] -- Up-to-date: /home/daisuke/ros2_ws/install/person_msgs/include/person_msgs/msg/person__traits.hpp
[0.772s] -- Up-to-date: /home/daisuke/ros2_ws/install/person_msgs/include/person_msgs/msg/person__struct.hpp
[0.772s] -- Up-to-date: /home/daisuke/ros2_ws/install/person_msgs/include/person_msgs
[0.772s] -- Up-to-date: /home/daisuke/ros2_ws/install/person_msgs/include/person_msgs/msg
[0.772s] -- Up-to-date: /home/daisuke/ros2_ws/install/person_msgs/include/person_msgs/msg/rosidl_typesupport_introspection_c__visibility_control.h
[0.773s] -- Up-to-date: /home/daisuke/ros2_ws/install/person_msgs/include/person_msgs/msg/person__type_support.c
[0.773s] -- Up-to-date: /home/daisuke/ros2_ws/install/person_msgs/include/person_msgs/msg/person__rosidl_typesupport_introspection_c.h
[0.773s] -- Up-to-date: /home/daisuke/ros2_ws/install/person_msgs/lib/libperson_msgs__rosidl_typesupport_introspection_c.so
[0.773s] -- Up-to-date: /home/daisuke/ros2_ws/install/person_msgs/include/person_msgs
[0.773s] -- Up-to-date: /home/daisuke/ros2_ws/install/person_msgs/include/person_msgs/msg
[0.773s] -- Up-to-date: /home/daisuke/ros2_ws/install/person_msgs/include/person_msgs/msg/person__rosidl_typesupport_introspection_cpp.hpp
[0.774s] -- Up-to-date: /home/daisuke/ros2_ws/install/person_msgs/include/person_msgs/msg/person__type_support.cpp
[0.774s] -- Up-to-date: /home/daisuke/ros2_ws/install/person_msgs/lib/libperson_msgs__rosidl_typesupport_introspection_cpp.so
[0.774s] -- Up-to-date: /home/daisuke/ros2_ws/install/person_msgs/share/person_msgs/environment/pythonpath.sh
[0.774s] -- Up-to-date: /home/daisuke/ros2_ws/install/person_msgs/lib/python3.6/site-packages/person_msgs/__init__.py
[0.799s] -- Up-to-date: /home/daisuke/ros2_ws/install/person_msgs/lib/python3.6/site-packages/person_msgs/msg
[0.799s] -- Up-to-date: /home/daisuke/ros2_ws/install/person_msgs/lib/python3.6/site-packages/person_msgs/msg/_person.py
[0.799s] -- Up-to-date: /home/daisuke/ros2_ws/install/person_msgs/lib/python3.6/site-packages/person_msgs/msg/_person_s.c
[0.799s] -- Up-to-date: /home/daisuke/ros2_ws/install/person_msgs/lib/python3.6/site-packages/person_msgs/msg/__init__.py
[0.800s] -- Up-to-date: /home/daisuke/ros2_ws/install/person_msgs/lib/python3.6/site-packages/person_msgs/person_msgs_s__rosidl_typesupport_c.cpython-36m-x86_64-linux-gnu.so
[0.801s] -- Up-to-date: /home/daisuke/ros2_ws/install/person_msgs/lib/python3.6/site-packages/person_msgs/person_msgs_s__rosidl_typesupport_fastrtps_c.cpython-36m-x86_64-linux-gnu.so
[0.802s] -- Up-to-date: /home/daisuke/ros2_ws/install/person_msgs/lib/libperson_msgs__python.so
[0.802s] -- Up-to-date: /home/daisuke/ros2_ws/install/person_msgs/share/person_msgs/msg/Person.idl
[0.803s] -- Up-to-date: /home/daisuke/ros2_ws/install/person_msgs/share/person_msgs/msg/Person.msg
[0.803s] -- Up-to-date: /home/daisuke/ros2_ws/install/person_msgs/share/ament_index/resource_index/package_run_dependencies/person_msgs
[0.803s] -- Up-to-date: /home/daisuke/ros2_ws/install/person_msgs/share/ament_index/resource_index/parent_prefix_path/person_msgs
[0.803s] -- Up-to-date: /home/daisuke/ros2_ws/install/person_msgs/share/person_msgs/environment/ament_prefix_path.sh
[0.804s] -- Up-to-date: /home/daisuke/ros2_ws/install/person_msgs/share/person_msgs/environment/path.sh
[0.804s] -- Up-to-date: /home/daisuke/ros2_ws/install/person_msgs/share/person_msgs/local_setup.bash
[0.804s] -- Up-to-date: /home/daisuke/ros2_ws/install/person_msgs/share/person_msgs/local_setup.sh
[0.804s] -- Up-to-date: /home/daisuke/ros2_ws/install/person_msgs/share/person_msgs/local_setup.zsh
[0.804s] -- Up-to-date: /home/daisuke/ros2_ws/install/person_msgs/share/ament_index/resource_index/packages/person_msgs
[0.804s] -- Up-to-date: /home/daisuke/ros2_ws/install/person_msgs/share/person_msgs/cmake/rosidl_cmake-extras.cmake
[0.805s] -- Up-to-date: /home/daisuke/ros2_ws/install/person_msgs/share/person_msgs/cmake/ament_cmake_export_libraries-extras.cmake
[0.805s] -- Up-to-date: /home/daisuke/ros2_ws/install/person_msgs/share/person_msgs/cmake/ament_cmake_export_include_directories-extras.cmake
[0.805s] -- Up-to-date: /home/daisuke/ros2_ws/install/person_msgs/share/person_msgs/cmake/person_msgsConfig.cmake
[0.805s] -- Up-to-date: /home/daisuke/ros2_ws/install/person_msgs/share/person_msgs/cmake/person_msgsConfig-version.cmake
[0.805s] -- Up-to-date: /home/daisuke/ros2_ws/install/person_msgs/share/person_msgs/package.xml
[0.809s] Invoked command in '/home/daisuke/ros2_ws/build/person_msgs' returned '0': CMAKE_PREFIX_PATH=/opt/ros/dashing /usr/bin/cmake --build /home/daisuke/ros2_ws/build/person_msgs --target install -- -j8 -l8
