[0.158s] Invoking command in '/home/daisuke/ros2_ws/build/person_msgs': CMAKE_PREFIX_PATH=/opt/ros/dashing /usr/bin/cmake --build /home/daisuke/ros2_ws/build/person_msgs -- -j8 -l8
[0.195s] [  3%] Built target person_msgs__cpp
[0.195s] [ 13%] Built target person_msgs__rosidl_generator_c
[0.212s] [ 24%] Built target person_msgs__rosidl_typesupport_fastrtps_cpp
[0.213s] [ 34%] Built target person_msgs__rosidl_typesupport_introspection_c
[0.214s] [ 44%] Built target person_msgs__rosidl_typesupport_introspection_cpp
[0.231s] [ 55%] Built target person_msgs__rosidl_typesupport_fastrtps_c
[0.231s] [ 65%] Built target person_msgs__rosidl_typesupport_cpp
[0.247s] [ 75%] Built target person_msgs__rosidl_typesupport_c
[0.260s] [ 75%] Built target person_msgs
[0.275s] [ 79%] Built target person_msgs__py
[0.292s] [ 86%] Built target person_msgs__python
[0.310s] [ 93%] Built target person_msgs__rosidl_typesupport_fastrtps_c__pyext
[0.311s] [100%] Built target person_msgs__rosidl_typesupport_c__pyext
[0.320s] Invoked command in '/home/daisuke/ros2_ws/build/person_msgs' returned '0': CMAKE_PREFIX_PATH=/opt/ros/dashing /usr/bin/cmake --build /home/daisuke/ros2_ws/build/person_msgs -- -j8 -l8
[0.362s] Invoking command in '/home/daisuke/ros2_ws/build/person_msgs': CMAKE_PREFIX_PATH=/opt/ros/dashing /usr/bin/cmake --build /home/daisuke/ros2_ws/build/person_msgs --target install -- -j8 -l8
[0.399s] [  3%] Built target person_msgs__cpp
[0.399s] [ 13%] Built target person_msgs__rosidl_generator_c
[0.417s] [ 24%] Built target person_msgs__rosidl_typesupport_introspection_cpp
[0.417s] [ 34%] Built target person_msgs__rosidl_typesupport_introspection_c
[0.418s] [ 44%] Built target person_msgs__rosidl_typesupport_fastrtps_cpp
[0.439s] [ 55%] Built target person_msgs__rosidl_typesupport_cpp
[0.439s] [ 65%] Built target person_msgs__rosidl_typesupport_fastrtps_c
[0.455s] [ 75%] Built target person_msgs__rosidl_typesupport_c
[0.471s] [ 75%] Built target person_msgs
[0.485s] [ 79%] Built target person_msgs__py
[0.503s] [ 86%] Built target person_msgs__python
[0.521s] [ 93%] Built target person_msgs__rosidl_typesupport_fastrtps_c__pyext
[0.527s] [100%] Built target person_msgs__rosidl_typesupport_c__pyext
[0.543s] [36mInstall the project...[0m
[0.549s] -- Install configuration: ""
[0.550s] -- Up-to-date: /home/daisuke/ros2_ws/install/person_msgs/share/ament_index/resource_index/rosidl_interfaces/person_msgs
[0.550s] -- Up-to-date: /home/daisuke/ros2_ws/install/person_msgs/lib/libperson_msgs__rosidl_typesupport_c.so
[0.550s] -- Up-to-date: /home/daisuke/ros2_ws/install/person_msgs/share/person_msgs/environment/library_path.sh
[0.550s] -- Up-to-date: /home/daisuke/ros2_ws/install/person_msgs/lib/libperson_msgs__rosidl_typesupport_cpp.so
[0.551s] -- Up-to-date: /home/daisuke/ros2_ws/install/person_msgs/include/person_msgs
[0.551s] -- Up-to-date: /home/daisuke/ros2_ws/install/person_msgs/include/person_msgs/msg
[0.551s] -- Up-to-date: /home/daisuke/ros2_ws/install/person_msgs/include/person_msgs/msg/rosidl_typesupport_fastrtps_c__visibility_control.h
[0.551s] -- Up-to-date: /home/daisuke/ros2_ws/install/person_msgs/include/person_msgs/msg/person__rosidl_typesupport_fastrtps_c.h
[0.551s] -- Up-to-date: /home/daisuke/ros2_ws/install/person_msgs/lib/libperson_msgs__rosidl_typesupport_fastrtps_c.so
[0.551s] -- Up-to-date: /home/daisuke/ros2_ws/install/person_msgs/include/person_msgs
[0.552s] -- Up-to-date: /home/daisuke/ros2_ws/install/person_msgs/include/person_msgs/msg
[0.552s] -- Up-to-date: /home/daisuke/ros2_ws/install/person_msgs/include/person_msgs/msg/person.h
[0.552s] -- Up-to-date: /home/daisuke/ros2_ws/install/person_msgs/include/person_msgs/msg/person__functions.c
[0.552s] -- Up-to-date: /home/daisuke/ros2_ws/install/person_msgs/include/person_msgs/msg/person__type_support.h
[0.552s] -- Up-to-date: /home/daisuke/ros2_ws/install/person_msgs/include/person_msgs/msg/person__functions.h
[0.552s] -- Up-to-date: /home/daisuke/ros2_ws/install/person_msgs/include/person_msgs/msg/rosidl_generator_c__visibility_control.h
[0.552s] -- Up-to-date: /home/daisuke/ros2_ws/install/person_msgs/include/person_msgs/msg/person__struct.h
[0.552s] -- Up-to-date: /home/daisuke/ros2_ws/install/person_msgs/lib/libperson_msgs__rosidl_generator_c.so
[0.552s] -- Up-to-date: /home/daisuke/ros2_ws/install/person_msgs/include/person_msgs
[0.553s] -- Up-to-date: /home/daisuke/ros2_ws/install/person_msgs/include/person_msgs/msg
[0.553s] -- Up-to-date: /home/daisuke/ros2_ws/install/person_msgs/include/person_msgs/msg/rosidl_typesupport_fastrtps_cpp__visibility_control.h
[0.553s] -- Up-to-date: /home/daisuke/ros2_ws/install/person_msgs/include/person_msgs/msg/dds_fastrtps
[0.553s] -- Up-to-date: /home/daisuke/ros2_ws/install/person_msgs/include/person_msgs/msg/person__rosidl_typesupport_fastrtps_cpp.hpp
[0.553s] -- Up-to-date: /home/daisuke/ros2_ws/install/person_msgs/lib/libperson_msgs__rosidl_typesupport_fastrtps_cpp.so
[0.553s] -- Up-to-date: /home/daisuke/ros2_ws/install/person_msgs/include/person_msgs
[0.553s] -- Up-to-date: /home/daisuke/ros2_ws/install/person_msgs/include/person_msgs/msg
[0.553s] -- Up-to-date: /home/daisuke/ros2_ws/install/person_msgs/include/person_msgs/msg/person.hpp
[0.553s] -- Up-to-date: /home/daisuke/ros2_ws/install/person_msgs/include/person_msgs/msg/person__traits.hpp
[0.553s] -- Up-to-date: /home/daisuke/ros2_ws/install/person_msgs/include/person_msgs/msg/person__struct.hpp
[0.553s] -- Up-to-date: /home/daisuke/ros2_ws/install/person_msgs/include/person_msgs
[0.553s] -- Up-to-date: /home/daisuke/ros2_ws/install/person_msgs/include/person_msgs/msg
[0.553s] -- Up-to-date: /home/daisuke/ros2_ws/install/person_msgs/include/person_msgs/msg/rosidl_typesupport_introspection_c__visibility_control.h
[0.553s] -- Up-to-date: /home/daisuke/ros2_ws/install/person_msgs/include/person_msgs/msg/person__type_support.c
[0.553s] -- Up-to-date: /home/daisuke/ros2_ws/install/person_msgs/include/person_msgs/msg/person__rosidl_typesupport_introspection_c.h
[0.553s] -- Up-to-date: /home/daisuke/ros2_ws/install/person_msgs/lib/libperson_msgs__rosidl_typesupport_introspection_c.so
[0.553s] -- Up-to-date: /home/daisuke/ros2_ws/install/person_msgs/include/person_msgs
[0.553s] -- Up-to-date: /home/daisuke/ros2_ws/install/person_msgs/include/person_msgs/msg
[0.553s] -- Up-to-date: /home/daisuke/ros2_ws/install/person_msgs/include/person_msgs/msg/person__rosidl_typesupport_introspection_cpp.hpp
[0.553s] -- Up-to-date: /home/daisuke/ros2_ws/install/person_msgs/include/person_msgs/msg/person__type_support.cpp
[0.553s] -- Up-to-date: /home/daisuke/ros2_ws/install/person_msgs/lib/libperson_msgs__rosidl_typesupport_introspection_cpp.so
[0.553s] -- Up-to-date: /home/daisuke/ros2_ws/install/person_msgs/share/person_msgs/environment/pythonpath.sh
[0.553s] -- Up-to-date: /home/daisuke/ros2_ws/install/person_msgs/lib/python3.6/site-packages/person_msgs/__init__.py
[0.582s] -- Up-to-date: /home/daisuke/ros2_ws/install/person_msgs/lib/python3.6/site-packages/person_msgs/msg
[0.583s] -- Up-to-date: /home/daisuke/ros2_ws/install/person_msgs/lib/python3.6/site-packages/person_msgs/msg/_person.py
[0.583s] -- Up-to-date: /home/daisuke/ros2_ws/install/person_msgs/lib/python3.6/site-packages/person_msgs/msg/_person_s.c
[0.583s] -- Up-to-date: /home/daisuke/ros2_ws/install/person_msgs/lib/python3.6/site-packages/person_msgs/msg/__init__.py
[0.583s] -- Up-to-date: /home/daisuke/ros2_ws/install/person_msgs/lib/python3.6/site-packages/person_msgs/person_msgs_s__rosidl_typesupport_c.cpython-36m-x86_64-linux-gnu.so
[0.583s] -- Up-to-date: /home/daisuke/ros2_ws/install/person_msgs/lib/python3.6/site-packages/person_msgs/person_msgs_s__rosidl_typesupport_fastrtps_c.cpython-36m-x86_64-linux-gnu.so
[0.583s] -- Up-to-date: /home/daisuke/ros2_ws/install/person_msgs/lib/libperson_msgs__python.so
[0.583s] -- Up-to-date: /home/daisuke/ros2_ws/install/person_msgs/share/person_msgs/msg/Person.idl
[0.583s] -- Up-to-date: /home/daisuke/ros2_ws/install/person_msgs/share/person_msgs/msg/Person.msg
[0.584s] -- Up-to-date: /home/daisuke/ros2_ws/install/person_msgs/share/ament_index/resource_index/package_run_dependencies/person_msgs
[0.584s] -- Up-to-date: /home/daisuke/ros2_ws/install/person_msgs/share/ament_index/resource_index/parent_prefix_path/person_msgs
[0.584s] -- Up-to-date: /home/daisuke/ros2_ws/install/person_msgs/share/person_msgs/environment/ament_prefix_path.sh
[0.584s] -- Up-to-date: /home/daisuke/ros2_ws/install/person_msgs/share/person_msgs/environment/path.sh
[0.584s] -- Up-to-date: /home/daisuke/ros2_ws/install/person_msgs/share/person_msgs/local_setup.bash
[0.584s] -- Up-to-date: /home/daisuke/ros2_ws/install/person_msgs/share/person_msgs/local_setup.sh
[0.584s] -- Up-to-date: /home/daisuke/ros2_ws/install/person_msgs/share/person_msgs/local_setup.zsh
[0.584s] -- Up-to-date: /home/daisuke/ros2_ws/install/person_msgs/share/ament_index/resource_index/packages/person_msgs
[0.584s] -- Up-to-date: /home/daisuke/ros2_ws/install/person_msgs/share/person_msgs/cmake/rosidl_cmake-extras.cmake
[0.584s] -- Up-to-date: /home/daisuke/ros2_ws/install/person_msgs/share/person_msgs/cmake/ament_cmake_export_libraries-extras.cmake
[0.584s] -- Up-to-date: /home/daisuke/ros2_ws/install/person_msgs/share/person_msgs/cmake/ament_cmake_export_include_directories-extras.cmake
[0.584s] -- Up-to-date: /home/daisuke/ros2_ws/install/person_msgs/share/person_msgs/cmake/person_msgsConfig.cmake
[0.585s] -- Up-to-date: /home/daisuke/ros2_ws/install/person_msgs/share/person_msgs/cmake/person_msgsConfig-version.cmake
[0.585s] -- Up-to-date: /home/daisuke/ros2_ws/install/person_msgs/share/person_msgs/package.xml
[0.587s] Invoked command in '/home/daisuke/ros2_ws/build/person_msgs' returned '0': CMAKE_PREFIX_PATH=/opt/ros/dashing /usr/bin/cmake --build /home/daisuke/ros2_ws/build/person_msgs --target install -- -j8 -l8
