[0.377s] Invoking command in '/home/daisuke/ros2_ws/src/mypkg': PYTHONPATH=/home/daisuke/ros2_ws/install/mypkg/lib/python3.6/site-packages:${PYTHONPATH} /usr/bin/python3 setup.py egg_info --egg-base ../../build/mypkg build --build-base /home/daisuke/ros2_ws/build/mypkg/build install --prefix /home/daisuke/ros2_ws/install/mypkg --record /home/daisuke/ros2_ws/build/mypkg/install.log --single-version-externally-managed
[0.529s] running egg_info
[0.529s] writing ../../build/mypkg/mypkg.egg-info/PKG-INFO
[0.529s] writing dependency_links to ../../build/mypkg/mypkg.egg-info/dependency_links.txt
[0.530s] writing entry points to ../../build/mypkg/mypkg.egg-info/entry_points.txt
[0.530s] writing requirements to ../../build/mypkg/mypkg.egg-info/requires.txt
[0.530s] writing top-level names to ../../build/mypkg/mypkg.egg-info/top_level.txt
[0.558s] reading manifest file '../../build/mypkg/mypkg.egg-info/SOURCES.txt'
[0.559s] writing manifest file '../../build/mypkg/mypkg.egg-info/SOURCES.txt'
[0.559s] running build
[0.559s] running build_py
[0.561s] copying mypkg/talker.py -> /home/daisuke/ros2_ws/build/mypkg/build/lib/mypkg
[0.561s] running install
[0.562s] running install_lib
[0.562s] copying /home/daisuke/ros2_ws/build/mypkg/build/lib/mypkg/talker.py -> /home/daisuke/ros2_ws/install/mypkg/lib/python3.6/site-packages/mypkg
[0.562s] byte-compiling /home/daisuke/ros2_ws/install/mypkg/lib/python3.6/site-packages/mypkg/talker.py to talker.cpython-36.pyc
[0.563s] running install_data
[0.563s] running install_egg_info
[0.563s] removing '/home/daisuke/ros2_ws/install/mypkg/lib/python3.6/site-packages/mypkg-0.0.0-py3.6.egg-info' (and everything under it)
[0.563s] Copying ../../build/mypkg/mypkg.egg-info to /home/daisuke/ros2_ws/install/mypkg/lib/python3.6/site-packages/mypkg-0.0.0-py3.6.egg-info
[0.564s] running install_scripts
[0.578s] Installing listener script to /home/daisuke/ros2_ws/install/mypkg/lib/mypkg
[0.579s] Installing talker script to /home/daisuke/ros2_ws/install/mypkg/lib/mypkg
[0.579s] writing list of installed files to '/home/daisuke/ros2_ws/build/mypkg/install.log'
[0.596s] Invoked command in '/home/daisuke/ros2_ws/src/mypkg' returned '0': PYTHONPATH=/home/daisuke/ros2_ws/install/mypkg/lib/python3.6/site-packages:${PYTHONPATH} /usr/bin/python3 setup.py egg_info --egg-base ../../build/mypkg build --build-base /home/daisuke/ros2_ws/build/mypkg/build install --prefix /home/daisuke/ros2_ws/install/mypkg --record /home/daisuke/ros2_ws/build/mypkg/install.log --single-version-externally-managed
