[0.150s] Invoking command in '/home/daisuke/ros2_ws/src/build/person_msgs': CMAKE_PREFIX_PATH=/opt/ros/dashing /usr/bin/cmake /home/daisuke/ros2_ws/src/person_msgs -DCMAKE_INSTALL_PREFIX=/home/daisuke/ros2_ws/src/install/person_msgs
[0.411s] -- The C compiler identification is GNU 7.5.0
[0.614s] -- The CXX compiler identification is GNU 7.5.0
[0.660s] -- Check for working C compiler: /usr/bin/cc
[0.746s] -- Check for working C compiler: /usr/bin/cc -- works
[0.747s] -- Detecting C compiler ABI info
[0.835s] -- Detecting C compiler ABI info - done
[0.838s] -- Detecting C compile features
[1.090s] -- Detecting C compile features - done
[1.092s] -- Check for working CXX compiler: /usr/bin/c++
[1.181s] -- Check for working CXX compiler: /usr/bin/c++ -- works
[1.181s] -- Detecting CXX compiler ABI info
[1.268s] -- Detecting CXX compiler ABI info - done
[1.270s] -- Detecting CXX compile features
[1.638s] -- Detecting CXX compile features - done
[1.640s] -- Found ament_cmake: 0.7.6 (/opt/ros/dashing/share/ament_cmake/cmake)
[1.662s] -- Found PythonInterp: /usr/bin/python3 (found suitable version "3.6.9", minimum required is "3") 
[1.662s] -- Using PYTHON_EXECUTABLE: /usr/bin/python3
[1.794s] -- Found rosidl_default_generators: 0.7.0 (/opt/ros/dashing/share/rosidl_default_generators/cmake)
[2.357s] -- Found OpenSSL: /usr/lib/x86_64-linux-gnu/libcrypto.so (found version "1.1.1") 
[2.988s] -- Found FastRTPS: /opt/ros/dashing/include  
[3.002s] -- Found rosidl_adapter: 0.7.10 (/opt/ros/dashing/share/rosidl_adapter/cmake)
[4.080s] -- Found PythonInterp: /usr/bin/python3 (found version "3.6.9") 
[4.161s] -- Using single matching rosidl_typesupport_c: rosidl_typesupport_fastrtps_c
[4.165s] -- Using single matching rosidl_typesupport_cpp: rosidl_typesupport_fastrtps_cpp
[6.250s] -- Found rmw_implementation_cmake: 0.7.2 (/opt/ros/dashing/share/rmw_implementation_cmake/cmake)
[6.266s] -- Found PythonInterp: /usr/bin/python3 (found suitable version "3.6.9", minimum required is "3.5") 
[6.268s] -- Found python_cmake_module: 0.7.11 (/opt/ros/dashing/share/python_cmake_module/cmake)
[6.381s] -- Found PythonLibs: /usr/lib/x86_64-linux-gnu/libpython3.6m.so (found suitable version "3.6.9", minimum required is "3.5") 
[6.381s] -- Using PYTHON_EXECUTABLE: /usr/bin/python3
[6.381s] -- Using PYTHON_INCLUDE_DIRS: /usr/include/python3.6m
[6.381s] -- Using PYTHON_LIBRARIES: /usr/lib/x86_64-linux-gnu/libpython3.6m.so
[6.397s] -- Found PythonExtra: .so  
[8.544s] -- Found ament_lint_auto: 0.7.12 (/opt/ros/dashing/share/ament_lint_auto/cmake)
[8.572s] -- Added test 'lint_cmake' to check CMake code style
[8.573s] -- Added test 'xmllint' to check XML markup files
[8.576s] -- Configuring done
[8.594s] -- Generating done
[8.596s] -- Build files have been written to: /home/daisuke/ros2_ws/src/build/person_msgs
[8.600s] Invoked command in '/home/daisuke/ros2_ws/src/build/person_msgs' returned '0': CMAKE_PREFIX_PATH=/opt/ros/dashing /usr/bin/cmake /home/daisuke/ros2_ws/src/person_msgs -DCMAKE_INSTALL_PREFIX=/home/daisuke/ros2_ws/src/install/person_msgs
[8.601s] Invoking command in '/home/daisuke/ros2_ws/src/build/person_msgs': CMAKE_PREFIX_PATH=/opt/ros/dashing /usr/bin/cmake --build /home/daisuke/ros2_ws/src/build/person_msgs -- -j8 -l8
[8.625s] [  3%] [34m[1mGenerating C code for ROS interfaces[0m
[8.625s] [35m[1mScanning dependencies of target person_msgs__cpp[0m
[8.632s] [  6%] [34m[1mGenerating C++ code for ROS interfaces[0m
[8.819s] [  6%] Built target person_msgs__cpp
[8.827s] [ 10%] [34m[1mGenerating C++ introspection for ROS interfaces[0m
[8.827s] [ 13%] [34m[1mGenerating C++ type support for eProsima Fast-RTPS[0m
[8.832s] [35m[1mScanning dependencies of target person_msgs__rosidl_generator_c[0m
[8.842s] [ 17%] [32mBuilding C object CMakeFiles/person_msgs__rosidl_generator_c.dir/rosidl_generator_c/person_msgs/msg/person__functions.c.o[0m
[8.897s] [ 20%] [32m[1mLinking C shared library libperson_msgs__rosidl_generator_c.so[0m
[8.959s] [ 20%] Built target person_msgs__rosidl_generator_c
[8.966s] [ 24%] [34m[1mGenerating C introspection for ROS interfaces[0m
[9.045s] [35m[1mScanning dependencies of target person_msgs__rosidl_typesupport_introspection_cpp[0m
[9.056s] [35m[1mScanning dependencies of target person_msgs__rosidl_typesupport_fastrtps_cpp[0m
[9.057s] [ 27%] [32mBuilding CXX object CMakeFiles/person_msgs__rosidl_typesupport_introspection_cpp.dir/rosidl_typesupport_introspection_cpp/person_msgs/msg/person__type_support.cpp.o[0m
[9.070s] [ 31%] [32mBuilding CXX object CMakeFiles/person_msgs__rosidl_typesupport_fastrtps_cpp.dir/rosidl_typesupport_fastrtps_cpp/person_msgs/msg/dds_fastrtps/person__type_support.cpp.o[0m
[9.173s] [35m[1mScanning dependencies of target person_msgs__rosidl_typesupport_introspection_c[0m
[9.182s] [ 34%] [32mBuilding C object CMakeFiles/person_msgs__rosidl_typesupport_introspection_c.dir/rosidl_typesupport_introspection_c/person_msgs/msg/person__type_support.c.o[0m
[9.200s] [ 37%] [32m[1mLinking C shared library libperson_msgs__rosidl_typesupport_introspection_c.so[0m
[9.249s] [ 37%] Built target person_msgs__rosidl_typesupport_introspection_c
[9.275s] [ 41%] [32m[1mLinking CXX shared library libperson_msgs__rosidl_typesupport_introspection_cpp.so[0m
[9.341s] [ 41%] Built target person_msgs__rosidl_typesupport_introspection_cpp
[9.349s] [ 44%] [32m[1mLinking CXX shared library libperson_msgs__rosidl_typesupport_fastrtps_cpp.so[0m
[9.439s] [ 44%] Built target person_msgs__rosidl_typesupport_fastrtps_cpp
[9.446s] [ 51%] [34m[1mGenerating C++ type support dispatch for ROS interfaces[0m
[9.446s] [ 51%] [34m[1mGenerating C type support for eProsima Fast-RTPS[0m
[9.621s] [35m[1mScanning dependencies of target person_msgs__rosidl_typesupport_cpp[0m
[9.628s] [35m[1mScanning dependencies of target person_msgs__rosidl_typesupport_fastrtps_c[0m
[9.629s] [ 55%] [32mBuilding CXX object CMakeFiles/person_msgs__rosidl_typesupport_cpp.dir/rosidl_typesupport_cpp/person_msgs/msg/person__type_support.cpp.o[0m
[9.638s] [ 58%] [32mBuilding CXX object CMakeFiles/person_msgs__rosidl_typesupport_fastrtps_c.dir/rosidl_typesupport_fastrtps_c/person_msgs/msg/person__type_support_c.cpp.o[0m
[9.819s] [ 62%] [32m[1mLinking CXX shared library libperson_msgs__rosidl_typesupport_fastrtps_c.so[0m
[9.831s] [ 65%] [32m[1mLinking CXX shared library libperson_msgs__rosidl_typesupport_cpp.so[0m
[9.906s] [ 65%] Built target person_msgs__rosidl_typesupport_fastrtps_c
[9.912s] [ 68%] [34m[1mGenerating C type support dispatch for ROS interfaces[0m
[9.919s] [ 68%] Built target person_msgs__rosidl_typesupport_cpp
[10.079s] [35m[1mScanning dependencies of target person_msgs__rosidl_typesupport_c[0m
[10.086s] [ 72%] [32mBuilding CXX object CMakeFiles/person_msgs__rosidl_typesupport_c.dir/rosidl_typesupport_c/person_msgs/msg/person__type_support.cpp.o[0m
[10.103s] [ 75%] [32m[1mLinking CXX shared library libperson_msgs__rosidl_typesupport_c.so[0m
[10.176s] [ 75%] Built target person_msgs__rosidl_typesupport_c
[10.182s] [35m[1mScanning dependencies of target person_msgs[0m
[10.189s] [ 75%] Built target person_msgs
[10.195s] [35m[1mScanning dependencies of target person_msgs__py[0m
[10.201s] [ 79%] [34m[1mGenerating Python code for ROS interfaces[0m
[10.449s] [ 79%] Built target person_msgs__py
[10.456s] [35m[1mScanning dependencies of target person_msgs__python[0m
[10.494s] [ 82%] [32mBuilding C object CMakeFiles/person_msgs__python.dir/rosidl_generator_py/person_msgs/msg/_person_s.c.o[0m
[10.562s] [ 86%] [32m[1mLinking C shared library rosidl_generator_py/person_msgs/libperson_msgs__python.so[0m
[10.635s] [ 86%] Built target person_msgs__python
[10.642s] [35m[1mScanning dependencies of target person_msgs__rosidl_typesupport_c__pyext[0m
[10.642s] [35m[1mScanning dependencies of target person_msgs__rosidl_typesupport_fastrtps_c__pyext[0m
[10.654s] [ 93%] [32mBuilding C object CMakeFiles/person_msgs__rosidl_typesupport_fastrtps_c__pyext.dir/rosidl_generator_py/person_msgs/_person_msgs_s.ep.rosidl_typesupport_fastrtps_c.c.o[0m
[10.654s] [ 93%] [32mBuilding C object CMakeFiles/person_msgs__rosidl_typesupport_c__pyext.dir/rosidl_generator_py/person_msgs/_person_msgs_s.ep.rosidl_typesupport_c.c.o[0m
[10.693s] [ 96%] [32m[1mLinking C shared library rosidl_generator_py/person_msgs/person_msgs_s__rosidl_typesupport_fastrtps_c.cpython-36m-x86_64-linux-gnu.so[0m
[10.694s] [100%] [32m[1mLinking C shared library rosidl_generator_py/person_msgs/person_msgs_s__rosidl_typesupport_c.cpython-36m-x86_64-linux-gnu.so[0m
[10.750s] [100%] Built target person_msgs__rosidl_typesupport_c__pyext
[10.750s] [100%] Built target person_msgs__rosidl_typesupport_fastrtps_c__pyext
[10.758s] Invoked command in '/home/daisuke/ros2_ws/src/build/person_msgs' returned '0': CMAKE_PREFIX_PATH=/opt/ros/dashing /usr/bin/cmake --build /home/daisuke/ros2_ws/src/build/person_msgs -- -j8 -l8
[10.800s] Invoking command in '/home/daisuke/ros2_ws/src/build/person_msgs': CMAKE_PREFIX_PATH=/opt/ros/dashing /usr/bin/cmake --build /home/daisuke/ros2_ws/src/build/person_msgs --target install -- -j8 -l8
[10.831s] [  6%] Built target person_msgs__cpp
[10.831s] [ 13%] Built target person_msgs__rosidl_generator_c
[10.846s] [ 24%] Built target person_msgs__rosidl_typesupport_introspection_cpp
[10.846s] [ 34%] Built target person_msgs__rosidl_typesupport_introspection_c
[10.849s] [ 44%] Built target person_msgs__rosidl_typesupport_fastrtps_cpp
[10.865s] [ 55%] Built target person_msgs__rosidl_typesupport_cpp
[10.865s] [ 65%] Built target person_msgs__rosidl_typesupport_fastrtps_c
[10.879s] [ 75%] Built target person_msgs__rosidl_typesupport_c
[10.892s] [ 75%] Built target person_msgs
[10.905s] [ 79%] Built target person_msgs__py
[10.919s] [ 86%] Built target person_msgs__python
[10.935s] [100%] Built target person_msgs__rosidl_typesupport_c__pyext
[10.936s] [100%] Built target person_msgs__rosidl_typesupport_fastrtps_c__pyext
[10.947s] [36mInstall the project...[0m
[10.953s] -- Install configuration: ""
[10.953s] -- Installing: /home/daisuke/ros2_ws/src/install/person_msgs/share/ament_index/resource_index/rosidl_interfaces/person_msgs
[10.953s] -- Installing: /home/daisuke/ros2_ws/src/install/person_msgs/lib/libperson_msgs__rosidl_typesupport_c.so
[10.954s] -- Set runtime path of "/home/daisuke/ros2_ws/src/install/person_msgs/lib/libperson_msgs__rosidl_typesupport_c.so" to ""
[10.954s] -- Installing: /home/daisuke/ros2_ws/src/install/person_msgs/share/person_msgs/environment/library_path.sh
[10.954s] -- Installing: /home/daisuke/ros2_ws/src/install/person_msgs/lib/libperson_msgs__rosidl_typesupport_cpp.so
[10.954s] -- Set runtime path of "/home/daisuke/ros2_ws/src/install/person_msgs/lib/libperson_msgs__rosidl_typesupport_cpp.so" to ""
[10.954s] -- Installing: /home/daisuke/ros2_ws/src/install/person_msgs/include/person_msgs
[10.954s] -- Installing: /home/daisuke/ros2_ws/src/install/person_msgs/include/person_msgs/msg
[10.954s] -- Installing: /home/daisuke/ros2_ws/src/install/person_msgs/include/person_msgs/msg/rosidl_typesupport_fastrtps_c__visibility_control.h
[10.954s] -- Installing: /home/daisuke/ros2_ws/src/install/person_msgs/include/person_msgs/msg/person__rosidl_typesupport_fastrtps_c.h
[10.955s] -- Installing: /home/daisuke/ros2_ws/src/install/person_msgs/lib/libperson_msgs__rosidl_typesupport_fastrtps_c.so
[10.955s] -- Set runtime path of "/home/daisuke/ros2_ws/src/install/person_msgs/lib/libperson_msgs__rosidl_typesupport_fastrtps_c.so" to ""
[10.955s] -- Up-to-date: /home/daisuke/ros2_ws/src/install/person_msgs/include/person_msgs
[10.955s] -- Up-to-date: /home/daisuke/ros2_ws/src/install/person_msgs/include/person_msgs/msg
[10.955s] -- Installing: /home/daisuke/ros2_ws/src/install/person_msgs/include/person_msgs/msg/person.h
[10.955s] -- Installing: /home/daisuke/ros2_ws/src/install/person_msgs/include/person_msgs/msg/person__functions.c
[10.955s] -- Installing: /home/daisuke/ros2_ws/src/install/person_msgs/include/person_msgs/msg/person__type_support.h
[10.955s] -- Installing: /home/daisuke/ros2_ws/src/install/person_msgs/include/person_msgs/msg/person__functions.h
[10.955s] -- Installing: /home/daisuke/ros2_ws/src/install/person_msgs/include/person_msgs/msg/rosidl_generator_c__visibility_control.h
[10.955s] -- Installing: /home/daisuke/ros2_ws/src/install/person_msgs/include/person_msgs/msg/person__struct.h
[10.955s] -- Installing: /home/daisuke/ros2_ws/src/install/person_msgs/lib/libperson_msgs__rosidl_generator_c.so
[10.956s] -- Set runtime path of "/home/daisuke/ros2_ws/src/install/person_msgs/lib/libperson_msgs__rosidl_generator_c.so" to ""
[10.956s] -- Up-to-date: /home/daisuke/ros2_ws/src/install/person_msgs/include/person_msgs
[10.956s] -- Up-to-date: /home/daisuke/ros2_ws/src/install/person_msgs/include/person_msgs/msg
[10.956s] -- Installing: /home/daisuke/ros2_ws/src/install/person_msgs/include/person_msgs/msg/rosidl_typesupport_fastrtps_cpp__visibility_control.h
[10.956s] -- Installing: /home/daisuke/ros2_ws/src/install/person_msgs/include/person_msgs/msg/dds_fastrtps
[10.956s] -- Installing: /home/daisuke/ros2_ws/src/install/person_msgs/include/person_msgs/msg/person__rosidl_typesupport_fastrtps_cpp.hpp
[10.956s] -- Installing: /home/daisuke/ros2_ws/src/install/person_msgs/lib/libperson_msgs__rosidl_typesupport_fastrtps_cpp.so
[10.956s] -- Set runtime path of "/home/daisuke/ros2_ws/src/install/person_msgs/lib/libperson_msgs__rosidl_typesupport_fastrtps_cpp.so" to ""
[10.956s] -- Up-to-date: /home/daisuke/ros2_ws/src/install/person_msgs/include/person_msgs
[10.956s] -- Up-to-date: /home/daisuke/ros2_ws/src/install/person_msgs/include/person_msgs/msg
[10.957s] -- Installing: /home/daisuke/ros2_ws/src/install/person_msgs/include/person_msgs/msg/person.hpp
[10.957s] -- Installing: /home/daisuke/ros2_ws/src/install/person_msgs/include/person_msgs/msg/person__traits.hpp
[10.957s] -- Installing: /home/daisuke/ros2_ws/src/install/person_msgs/include/person_msgs/msg/person__struct.hpp
[10.957s] -- Up-to-date: /home/daisuke/ros2_ws/src/install/person_msgs/include/person_msgs
[10.957s] -- Up-to-date: /home/daisuke/ros2_ws/src/install/person_msgs/include/person_msgs/msg
[10.957s] -- Installing: /home/daisuke/ros2_ws/src/install/person_msgs/include/person_msgs/msg/rosidl_typesupport_introspection_c__visibility_control.h
[10.957s] -- Installing: /home/daisuke/ros2_ws/src/install/person_msgs/include/person_msgs/msg/person__type_support.c
[10.957s] -- Installing: /home/daisuke/ros2_ws/src/install/person_msgs/include/person_msgs/msg/person__rosidl_typesupport_introspection_c.h
[10.957s] -- Installing: /home/daisuke/ros2_ws/src/install/person_msgs/lib/libperson_msgs__rosidl_typesupport_introspection_c.so
[10.957s] -- Set runtime path of "/home/daisuke/ros2_ws/src/install/person_msgs/lib/libperson_msgs__rosidl_typesupport_introspection_c.so" to ""
[10.957s] -- Up-to-date: /home/daisuke/ros2_ws/src/install/person_msgs/include/person_msgs
[10.957s] -- Up-to-date: /home/daisuke/ros2_ws/src/install/person_msgs/include/person_msgs/msg
[10.957s] -- Installing: /home/daisuke/ros2_ws/src/install/person_msgs/include/person_msgs/msg/person__rosidl_typesupport_introspection_cpp.hpp
[10.957s] -- Installing: /home/daisuke/ros2_ws/src/install/person_msgs/include/person_msgs/msg/person__type_support.cpp
[10.957s] -- Installing: /home/daisuke/ros2_ws/src/install/person_msgs/lib/libperson_msgs__rosidl_typesupport_introspection_cpp.so
[10.957s] -- Set runtime path of "/home/daisuke/ros2_ws/src/install/person_msgs/lib/libperson_msgs__rosidl_typesupport_introspection_cpp.so" to ""
[10.957s] -- Installing: /home/daisuke/ros2_ws/src/install/person_msgs/share/person_msgs/environment/pythonpath.sh
[10.957s] -- Installing: /home/daisuke/ros2_ws/src/install/person_msgs/lib/python3.6/site-packages/person_msgs/__init__.py
[10.975s] Compiling '/home/daisuke/ros2_ws/src/install/person_msgs/lib/python3.6/site-packages/person_msgs/__init__.py'...
[10.978s] -- Installing: /home/daisuke/ros2_ws/src/install/person_msgs/lib/python3.6/site-packages/person_msgs/msg
[10.978s] -- Installing: /home/daisuke/ros2_ws/src/install/person_msgs/lib/python3.6/site-packages/person_msgs/msg/_person.py
[10.978s] -- Installing: /home/daisuke/ros2_ws/src/install/person_msgs/lib/python3.6/site-packages/person_msgs/msg/_person_s.c
[10.978s] -- Installing: /home/daisuke/ros2_ws/src/install/person_msgs/lib/python3.6/site-packages/person_msgs/msg/__init__.py
[10.979s] -- Installing: /home/daisuke/ros2_ws/src/install/person_msgs/lib/python3.6/site-packages/person_msgs/person_msgs_s__rosidl_typesupport_c.cpython-36m-x86_64-linux-gnu.so
[10.979s] -- Set runtime path of "/home/daisuke/ros2_ws/src/install/person_msgs/lib/python3.6/site-packages/person_msgs/person_msgs_s__rosidl_typesupport_c.cpython-36m-x86_64-linux-gnu.so" to ""
[10.979s] -- Installing: /home/daisuke/ros2_ws/src/install/person_msgs/lib/python3.6/site-packages/person_msgs/person_msgs_s__rosidl_typesupport_fastrtps_c.cpython-36m-x86_64-linux-gnu.so
[10.979s] -- Set runtime path of "/home/daisuke/ros2_ws/src/install/person_msgs/lib/python3.6/site-packages/person_msgs/person_msgs_s__rosidl_typesupport_fastrtps_c.cpython-36m-x86_64-linux-gnu.so" to ""
[10.979s] -- Installing: /home/daisuke/ros2_ws/src/install/person_msgs/lib/libperson_msgs__python.so
[10.980s] -- Set runtime path of "/home/daisuke/ros2_ws/src/install/person_msgs/lib/libperson_msgs__python.so" to ""
[10.980s] -- Installing: /home/daisuke/ros2_ws/src/install/person_msgs/share/person_msgs/msg/Person.idl
[10.980s] -- Installing: /home/daisuke/ros2_ws/src/install/person_msgs/share/person_msgs/msg/Person.msg
[10.980s] -- Installing: /home/daisuke/ros2_ws/src/install/person_msgs/share/ament_index/resource_index/package_run_dependencies/person_msgs
[10.980s] -- Installing: /home/daisuke/ros2_ws/src/install/person_msgs/share/ament_index/resource_index/parent_prefix_path/person_msgs
[10.980s] -- Installing: /home/daisuke/ros2_ws/src/install/person_msgs/share/person_msgs/environment/ament_prefix_path.sh
[10.981s] -- Installing: /home/daisuke/ros2_ws/src/install/person_msgs/share/person_msgs/environment/path.sh
[10.981s] -- Installing: /home/daisuke/ros2_ws/src/install/person_msgs/share/person_msgs/local_setup.bash
[10.981s] -- Installing: /home/daisuke/ros2_ws/src/install/person_msgs/share/person_msgs/local_setup.sh
[10.981s] -- Installing: /home/daisuke/ros2_ws/src/install/person_msgs/share/person_msgs/local_setup.zsh
[10.981s] -- Installing: /home/daisuke/ros2_ws/src/install/person_msgs/share/ament_index/resource_index/packages/person_msgs
[10.981s] -- Installing: /home/daisuke/ros2_ws/src/install/person_msgs/share/person_msgs/cmake/rosidl_cmake-extras.cmake
[10.981s] -- Installing: /home/daisuke/ros2_ws/src/install/person_msgs/share/person_msgs/cmake/ament_cmake_export_libraries-extras.cmake
[10.981s] -- Installing: /home/daisuke/ros2_ws/src/install/person_msgs/share/person_msgs/cmake/ament_cmake_export_include_directories-extras.cmake
[10.981s] -- Installing: /home/daisuke/ros2_ws/src/install/person_msgs/share/person_msgs/cmake/person_msgsConfig.cmake
[10.981s] -- Installing: /home/daisuke/ros2_ws/src/install/person_msgs/share/person_msgs/cmake/person_msgsConfig-version.cmake
[10.981s] -- Installing: /home/daisuke/ros2_ws/src/install/person_msgs/share/person_msgs/package.xml
[10.985s] Invoked command in '/home/daisuke/ros2_ws/src/build/person_msgs' returned '0': CMAKE_PREFIX_PATH=/opt/ros/dashing /usr/bin/cmake --build /home/daisuke/ros2_ws/src/build/person_msgs --target install -- -j8 -l8
