[0.624s] Invoking command in '/home/daisuke/ros2_ws/src/mypkg': PYTHONPATH=/home/daisuke/ros2_ws/src/mypkg/install/mypkg/lib/python3.6/site-packages:${PYTHONPATH} /usr/bin/python3 setup.py egg_info --egg-base build/mypkg build --build-base /home/daisuke/ros2_ws/src/mypkg/build/mypkg/build install --prefix /home/daisuke/ros2_ws/src/mypkg/install/mypkg --record /home/daisuke/ros2_ws/src/mypkg/build/mypkg/install.log --single-version-externally-managed
[0.844s] running egg_info
[0.845s] writing build/mypkg/mypkg.egg-info/PKG-INFO
[0.846s] writing dependency_links to build/mypkg/mypkg.egg-info/dependency_links.txt
[0.846s] writing entry points to build/mypkg/mypkg.egg-info/entry_points.txt
[0.847s] writing requirements to build/mypkg/mypkg.egg-info/requires.txt
[0.848s] writing top-level names to build/mypkg/mypkg.egg-info/top_level.txt
[0.887s] reading manifest file 'build/mypkg/mypkg.egg-info/SOURCES.txt'
[0.889s] writing manifest file 'build/mypkg/mypkg.egg-info/SOURCES.txt'
[0.889s] running build
[0.889s] running build_py
[0.889s] copying mypkg/talker.py -> /home/daisuke/ros2_ws/src/mypkg/build/mypkg/build/lib/mypkg
[0.889s] running install
[0.890s] running install_lib
[0.890s] copying /home/daisuke/ros2_ws/src/mypkg/build/mypkg/build/lib/mypkg/talker.py -> /home/daisuke/ros2_ws/src/mypkg/install/mypkg/lib/python3.6/site-packages/mypkg
[0.891s] byte-compiling /home/daisuke/ros2_ws/src/mypkg/install/mypkg/lib/python3.6/site-packages/mypkg/talker.py to talker.cpython-36.pyc
[0.891s] running install_data
[0.892s] copying package.xml -> /home/daisuke/ros2_ws/src/mypkg/install/mypkg/share/mypkg
[0.892s] running install_egg_info
[0.894s] removing '/home/daisuke/ros2_ws/src/mypkg/install/mypkg/lib/python3.6/site-packages/mypkg-0.0.0-py3.6.egg-info' (and everything under it)
[0.894s] Copying build/mypkg/mypkg.egg-info to /home/daisuke/ros2_ws/src/mypkg/install/mypkg/lib/python3.6/site-packages/mypkg-0.0.0-py3.6.egg-info
[0.895s] running install_scripts
[0.917s] Installing talker script to /home/daisuke/ros2_ws/src/mypkg/install/mypkg/lib/mypkg
[0.917s] writing list of installed files to '/home/daisuke/ros2_ws/src/mypkg/build/mypkg/install.log'
[0.941s] Invoked command in '/home/daisuke/ros2_ws/src/mypkg' returned '0': PYTHONPATH=/home/daisuke/ros2_ws/src/mypkg/install/mypkg/lib/python3.6/site-packages:${PYTHONPATH} /usr/bin/python3 setup.py egg_info --egg-base build/mypkg build --build-base /home/daisuke/ros2_ws/src/mypkg/build/mypkg/build install --prefix /home/daisuke/ros2_ws/src/mypkg/install/mypkg --record /home/daisuke/ros2_ws/src/mypkg/build/mypkg/install.log --single-version-externally-managed
