[0.148s] DEBUG:colcon:Command line arguments: ['/usr/bin/colcon', 'build']
[0.148s] DEBUG:colcon:Parsed command line arguments: Namespace(allow_overriding=[], ament_cmake_args=None, base_paths=['.'], build_base='build', catkin_cmake_args=None, catkin_skip_building_tests=False, cmake_args=None, cmake_clean_cache=False, cmake_clean_first=False, cmake_force_configure=False, cmake_target=None, cmake_target_skip_unavailable=False, continue_on_error=False, event_handlers=None, executor='parallel', ignore_user_meta=False, install_base='install', log_base=None, log_level=None, main=<bound method BuildVerb.main of <colcon_core.verb.build.BuildVerb object at 0x7ff71c05ceb8>>, merge_install=False, metas=['./colcon.meta'], packages_above=None, packages_above_and_dependencies=None, packages_above_depth=None, packages_end=None, packages_ignore=None, packages_ignore_regex=None, packages_select=None, packages_select_build_failed=False, packages_select_by_dep=None, packages_select_regex=None, packages_select_test_failures=False, packages_skip=None, packages_skip_build_finished=False, packages_skip_by_dep=None, packages_skip_regex=None, packages_skip_test_passed=False, packages_skip_up_to=None, packages_start=None, packages_up_to=None, packages_up_to_regex=None, parallel_workers=8, paths=None, symlink_install=False, test_result_base=None, verb_extension=<colcon_core.verb.build.BuildVerb object at 0x7ff71c05ceb8>, verb_name='build', verb_parser=<colcon_defaults.argument_parser.defaults.DefaultArgumentsDecorator object at 0x7ff71c068240>)
[0.164s] Level 1:colcon.colcon_core.package_discovery:discover_packages(colcon_meta) check parameters
[0.165s] Level 1:colcon.colcon_core.package_discovery:discover_packages(recursive) check parameters
[0.165s] Level 1:colcon.colcon_core.package_discovery:discover_packages(ignore) check parameters
[0.165s] Level 1:colcon.colcon_core.package_discovery:discover_packages(path) check parameters
[0.165s] Level 1:colcon.colcon_core.package_discovery:discover_packages(colcon_meta) discover
[0.165s] Level 1:colcon.colcon_core.package_discovery:discover_packages(recursive) discover
[0.165s] INFO:colcon.colcon_core.package_discovery:Crawling recursively for packages in '/home/daisuke/ros2_ws/src'
[0.165s] Level 1:colcon.colcon_core.package_identification:_identify(.) by extensions ['ignore', 'ignore_ament_install']
[0.165s] Level 1:colcon.colcon_core.package_identification:_identify(.) by extension 'ignore'
[0.165s] Level 1:colcon.colcon_core.package_identification:_identify(.) by extension 'ignore_ament_install'
[0.165s] Level 1:colcon.colcon_core.package_identification:_identify(.) by extensions ['colcon_pkg']
[0.165s] Level 1:colcon.colcon_core.package_identification:_identify(.) by extension 'colcon_pkg'
[0.165s] Level 1:colcon.colcon_core.package_identification:_identify(.) by extensions ['colcon_meta']
[0.165s] Level 1:colcon.colcon_core.package_identification:_identify(.) by extension 'colcon_meta'
[0.165s] Level 1:colcon.colcon_core.package_identification:_identify(.) by extensions ['ros']
[0.165s] Level 1:colcon.colcon_core.package_identification:_identify(.) by extension 'ros'
[0.179s] Level 1:colcon.colcon_core.package_identification:_identify(.) by extensions ['cmake', 'python']
[0.179s] Level 1:colcon.colcon_core.package_identification:_identify(.) by extension 'cmake'
[0.179s] Level 1:colcon.colcon_core.package_identification:_identify(.) by extension 'python'
[0.179s] Level 1:colcon.colcon_core.package_identification:_identify(.) by extensions ['python_setup_py']
[0.179s] Level 1:colcon.colcon_core.package_identification:_identify(.) by extension 'python_setup_py'
[0.179s] Level 1:colcon.colcon_core.package_identification:_identify(build) by extensions ['ignore', 'ignore_ament_install']
[0.179s] Level 1:colcon.colcon_core.package_identification:_identify(build) by extension 'ignore'
[0.179s] Level 1:colcon.colcon_core.package_identification:_identify(build) ignored
[0.180s] Level 1:colcon.colcon_core.package_identification:_identify(install) by extensions ['ignore', 'ignore_ament_install']
[0.180s] Level 1:colcon.colcon_core.package_identification:_identify(install) by extension 'ignore'
[0.180s] Level 1:colcon.colcon_core.package_identification:_identify(install) ignored
[0.180s] Level 1:colcon.colcon_core.package_identification:_identify(log) by extensions ['ignore', 'ignore_ament_install']
[0.180s] Level 1:colcon.colcon_core.package_identification:_identify(log) by extension 'ignore'
[0.180s] Level 1:colcon.colcon_core.package_identification:_identify(log) ignored
[0.180s] Level 1:colcon.colcon_core.package_identification:_identify(mypkg) by extensions ['ignore', 'ignore_ament_install']
[0.180s] Level 1:colcon.colcon_core.package_identification:_identify(mypkg) by extension 'ignore'
[0.180s] Level 1:colcon.colcon_core.package_identification:_identify(mypkg) by extension 'ignore_ament_install'
[0.180s] Level 1:colcon.colcon_core.package_identification:_identify(mypkg) by extensions ['colcon_pkg']
[0.180s] Level 1:colcon.colcon_core.package_identification:_identify(mypkg) by extension 'colcon_pkg'
[0.180s] Level 1:colcon.colcon_core.package_identification:_identify(mypkg) by extensions ['colcon_meta']
[0.180s] Level 1:colcon.colcon_core.package_identification:_identify(mypkg) by extension 'colcon_meta'
[0.180s] Level 1:colcon.colcon_core.package_identification:_identify(mypkg) by extensions ['ros']
[0.180s] Level 1:colcon.colcon_core.package_identification:_identify(mypkg) by extension 'ros'
[0.182s] DEBUG:colcon.colcon_core.package_identification:Package 'mypkg' with type 'ros.ament_python' and name 'mypkg'
[0.182s] Level 1:colcon.colcon_core.package_identification:_identify(person_msgs) by extensions ['ignore', 'ignore_ament_install']
[0.183s] Level 1:colcon.colcon_core.package_identification:_identify(person_msgs) by extension 'ignore'
[0.183s] Level 1:colcon.colcon_core.package_identification:_identify(person_msgs) by extension 'ignore_ament_install'
[0.183s] Level 1:colcon.colcon_core.package_identification:_identify(person_msgs) by extensions ['colcon_pkg']
[0.183s] Level 1:colcon.colcon_core.package_identification:_identify(person_msgs) by extension 'colcon_pkg'
[0.183s] Level 1:colcon.colcon_core.package_identification:_identify(person_msgs) by extensions ['colcon_meta']
[0.183s] Level 1:colcon.colcon_core.package_identification:_identify(person_msgs) by extension 'colcon_meta'
[0.183s] Level 1:colcon.colcon_core.package_identification:_identify(person_msgs) by extensions ['ros']
[0.183s] Level 1:colcon.colcon_core.package_identification:_identify(person_msgs) by extension 'ros'
[0.183s] DEBUG:colcon.colcon_core.package_identification:Package 'person_msgs' with type 'ros.ament_cmake' and name 'person_msgs'
[0.183s] Level 1:colcon.colcon_core.package_discovery:discover_packages(recursive) using defaults
[0.183s] Level 1:colcon.colcon_core.package_discovery:discover_packages(ignore) discover
[0.183s] Level 1:colcon.colcon_core.package_discovery:discover_packages(ignore) using defaults
[0.183s] Level 1:colcon.colcon_core.package_discovery:discover_packages(path) discover
[0.183s] Level 1:colcon.colcon_core.package_discovery:discover_packages(path) using defaults
[0.198s] Level 1:colcon.colcon_core.package_discovery:discover_packages(prefix_path) check parameters
[0.198s] Level 1:colcon.colcon_core.package_discovery:discover_packages(prefix_path) discover
[0.200s] DEBUG:colcon.colcon_installed_package_information.package_discovery:Found 215 installed packages in /opt/ros/dashing
[0.202s] Level 1:colcon.colcon_core.package_discovery:discover_packages(prefix_path) using defaults
[0.240s] Level 5:colcon.colcon_core.verb:set package 'mypkg' build argument 'cmake_args' from command line to 'None'
[0.240s] Level 5:colcon.colcon_core.verb:set package 'mypkg' build argument 'cmake_target' from command line to 'None'
[0.240s] Level 5:colcon.colcon_core.verb:set package 'mypkg' build argument 'cmake_target_skip_unavailable' from command line to 'False'
[0.240s] Level 5:colcon.colcon_core.verb:set package 'mypkg' build argument 'cmake_clean_cache' from command line to 'False'
[0.240s] Level 5:colcon.colcon_core.verb:set package 'mypkg' build argument 'cmake_clean_first' from command line to 'False'
[0.240s] Level 5:colcon.colcon_core.verb:set package 'mypkg' build argument 'cmake_force_configure' from command line to 'False'
[0.240s] Level 5:colcon.colcon_core.verb:set package 'mypkg' build argument 'ament_cmake_args' from command line to 'None'
[0.240s] Level 5:colcon.colcon_core.verb:set package 'mypkg' build argument 'catkin_cmake_args' from command line to 'None'
[0.240s] Level 5:colcon.colcon_core.verb:set package 'mypkg' build argument 'catkin_skip_building_tests' from command line to 'False'
[0.241s] DEBUG:colcon.colcon_core.verb:Building package 'mypkg' with the following arguments: {'ament_cmake_args': None, 'build_base': '/home/daisuke/ros2_ws/src/build/mypkg', 'catkin_cmake_args': None, 'catkin_skip_building_tests': False, 'cmake_args': None, 'cmake_clean_cache': False, 'cmake_clean_first': False, 'cmake_force_configure': False, 'cmake_target': None, 'cmake_target_skip_unavailable': False, 'install_base': '/home/daisuke/ros2_ws/src/install/mypkg', 'merge_install': False, 'path': '/home/daisuke/ros2_ws/src/mypkg', 'symlink_install': False, 'test_result_base': None}
[0.241s] Level 5:colcon.colcon_core.verb:set package 'person_msgs' build argument 'cmake_args' from command line to 'None'
[0.241s] Level 5:colcon.colcon_core.verb:set package 'person_msgs' build argument 'cmake_target' from command line to 'None'
[0.241s] Level 5:colcon.colcon_core.verb:set package 'person_msgs' build argument 'cmake_target_skip_unavailable' from command line to 'False'
[0.241s] Level 5:colcon.colcon_core.verb:set package 'person_msgs' build argument 'cmake_clean_cache' from command line to 'False'
[0.241s] Level 5:colcon.colcon_core.verb:set package 'person_msgs' build argument 'cmake_clean_first' from command line to 'False'
[0.241s] Level 5:colcon.colcon_core.verb:set package 'person_msgs' build argument 'cmake_force_configure' from command line to 'False'
[0.241s] Level 5:colcon.colcon_core.verb:set package 'person_msgs' build argument 'ament_cmake_args' from command line to 'None'
[0.241s] Level 5:colcon.colcon_core.verb:set package 'person_msgs' build argument 'catkin_cmake_args' from command line to 'None'
[0.241s] Level 5:colcon.colcon_core.verb:set package 'person_msgs' build argument 'catkin_skip_building_tests' from command line to 'False'
[0.241s] DEBUG:colcon.colcon_core.verb:Building package 'person_msgs' with the following arguments: {'ament_cmake_args': None, 'build_base': '/home/daisuke/ros2_ws/src/build/person_msgs', 'catkin_cmake_args': None, 'catkin_skip_building_tests': False, 'cmake_args': None, 'cmake_clean_cache': False, 'cmake_clean_first': False, 'cmake_force_configure': False, 'cmake_target': None, 'cmake_target_skip_unavailable': False, 'install_base': '/home/daisuke/ros2_ws/src/install/person_msgs', 'merge_install': False, 'path': '/home/daisuke/ros2_ws/src/person_msgs', 'symlink_install': False, 'test_result_base': None}
[0.242s] INFO:colcon.colcon_core.executor:Executing jobs using 'parallel' executor
[0.245s] DEBUG:colcon.colcon_parallel_executor.executor.parallel:run_until_complete
[0.245s] INFO:colcon.colcon_ros.task.ament_python.build:Building ROS package in '/home/daisuke/ros2_ws/src/mypkg' with build type 'ament_python'
[0.246s] Level 1:colcon.colcon_core.shell:create_environment_hook('mypkg', 'ament_prefix_path')
[0.249s] INFO:colcon.colcon_core.plugin_system:Skipping extension 'colcon_core.shell.bat': Not used on non-Windows systems
[0.249s] INFO:colcon.colcon_core.shell:Creating environment hook '/home/daisuke/ros2_ws/src/install/mypkg/share/mypkg/hook/ament_prefix_path.ps1'
[0.251s] INFO:colcon.colcon_core.shell:Creating environment descriptor '/home/daisuke/ros2_ws/src/install/mypkg/share/mypkg/hook/ament_prefix_path.dsv'
[0.252s] INFO:colcon.colcon_core.shell:Creating environment hook '/home/daisuke/ros2_ws/src/install/mypkg/share/mypkg/hook/ament_prefix_path.sh'
[0.253s] INFO:colcon.colcon_core.shell:Skip shell extension 'powershell' for command environment: Not usable outside of PowerShell
[0.253s] DEBUG:colcon.colcon_core.shell:Skip shell extension 'dsv' for command environment
[0.256s] INFO:colcon.colcon_ros.task.ament_cmake.build:Building ROS package in '/home/daisuke/ros2_ws/src/person_msgs' with build type 'ament_cmake'
[0.257s] INFO:colcon.colcon_cmake.task.cmake.build:Building CMake package in '/home/daisuke/ros2_ws/src/person_msgs'
[0.258s] INFO:colcon.colcon_core.shell:Skip shell extension 'powershell' for command environment: Not usable outside of PowerShell
[0.258s] DEBUG:colcon.colcon_core.shell:Skip shell extension 'dsv' for command environment
[0.402s] INFO:colcon.colcon_core.task.python.build:Building Python package in '/home/daisuke/ros2_ws/src/mypkg'
[0.403s] INFO:colcon.colcon_core.shell:Skip shell extension 'powershell' for command environment: Not usable outside of PowerShell
[0.404s] DEBUG:colcon.colcon_core.shell:Skip shell extension 'dsv' for command environment
[0.408s] DEBUG:colcon.colcon_core.event_handler.log_command:Invoking command in '/home/daisuke/ros2_ws/src/build/person_msgs': CMAKE_PREFIX_PATH=/opt/ros/dashing /usr/bin/cmake /home/daisuke/ros2_ws/src/person_msgs -DCMAKE_INSTALL_PREFIX=/home/daisuke/ros2_ws/src/install/person_msgs
[0.646s] DEBUG:colcon.colcon_core.event_handler.log_command:Invoking command in '/home/daisuke/ros2_ws/src/mypkg': PYTHONPATH=/home/daisuke/ros2_ws/src/install/mypkg/lib/python3.6/site-packages:${PYTHONPATH} /usr/bin/python3 setup.py egg_info --egg-base ../build/mypkg build --build-base /home/daisuke/ros2_ws/src/build/mypkg/build install --prefix /home/daisuke/ros2_ws/src/install/mypkg --record /home/daisuke/ros2_ws/src/build/mypkg/install.log --single-version-externally-managed
[0.853s] DEBUG:colcon.colcon_core.event_handler.log_command:Invoked command in '/home/daisuke/ros2_ws/src/mypkg' returned '0': PYTHONPATH=/home/daisuke/ros2_ws/src/install/mypkg/lib/python3.6/site-packages:${PYTHONPATH} /usr/bin/python3 setup.py egg_info --egg-base ../build/mypkg build --build-base /home/daisuke/ros2_ws/src/build/mypkg/build install --prefix /home/daisuke/ros2_ws/src/install/mypkg --record /home/daisuke/ros2_ws/src/build/mypkg/install.log --single-version-externally-managed
[0.856s] Level 1:colcon.colcon_core.environment:checking '/home/daisuke/ros2_ws/src/install/mypkg' for CMake module files
[0.856s] Level 1:colcon.colcon_core.environment:checking '/home/daisuke/ros2_ws/src/install/mypkg' for CMake config files
[0.858s] Level 1:colcon.colcon_core.environment:checking '/home/daisuke/ros2_ws/src/install/mypkg/lib'
[0.858s] Level 1:colcon.colcon_core.environment:checking '/home/daisuke/ros2_ws/src/install/mypkg/bin'
[0.858s] Level 1:colcon.colcon_core.environment:checking '/home/daisuke/ros2_ws/src/install/mypkg/lib/pkgconfig/mypkg.pc'
[0.858s] Level 1:colcon.colcon_core.environment:checking '/home/daisuke/ros2_ws/src/install/mypkg/lib/python3.6/site-packages'
[0.858s] Level 1:colcon.colcon_core.shell:create_environment_hook('mypkg', 'pythonpath')
[0.859s] INFO:colcon.colcon_core.shell:Creating environment hook '/home/daisuke/ros2_ws/src/install/mypkg/share/mypkg/hook/pythonpath.ps1'
[0.859s] INFO:colcon.colcon_core.shell:Creating environment descriptor '/home/daisuke/ros2_ws/src/install/mypkg/share/mypkg/hook/pythonpath.dsv'
[0.859s] INFO:colcon.colcon_core.shell:Creating environment hook '/home/daisuke/ros2_ws/src/install/mypkg/share/mypkg/hook/pythonpath.sh'
[0.860s] Level 1:colcon.colcon_core.environment:checking '/home/daisuke/ros2_ws/src/install/mypkg/bin'
[0.860s] Level 1:colcon.colcon_core.environment:create_environment_scripts_only(mypkg)
[0.861s] INFO:colcon.colcon_core.shell:Creating package script '/home/daisuke/ros2_ws/src/install/mypkg/share/mypkg/package.ps1'
[0.861s] INFO:colcon.colcon_core.shell:Creating package descriptor '/home/daisuke/ros2_ws/src/install/mypkg/share/mypkg/package.dsv'
[0.862s] INFO:colcon.colcon_core.shell:Creating package script '/home/daisuke/ros2_ws/src/install/mypkg/share/mypkg/package.sh'
[0.862s] INFO:colcon.colcon_core.shell:Creating package script '/home/daisuke/ros2_ws/src/install/mypkg/share/mypkg/package.bash'
[0.863s] INFO:colcon.colcon_core.shell:Creating package script '/home/daisuke/ros2_ws/src/install/mypkg/share/mypkg/package.zsh'
[0.863s] Level 1:colcon.colcon_core.environment:create_file_with_runtime_dependencies(/home/daisuke/ros2_ws/src/install/mypkg/share/colcon-core/packages/mypkg)
[8.859s] DEBUG:colcon.colcon_core.event_handler.log_command:Invoked command in '/home/daisuke/ros2_ws/src/build/person_msgs' returned '0': CMAKE_PREFIX_PATH=/opt/ros/dashing /usr/bin/cmake /home/daisuke/ros2_ws/src/person_msgs -DCMAKE_INSTALL_PREFIX=/home/daisuke/ros2_ws/src/install/person_msgs
[8.859s] DEBUG:colcon.colcon_core.event_handler.log_command:Invoking command in '/home/daisuke/ros2_ws/src/build/person_msgs': CMAKE_PREFIX_PATH=/opt/ros/dashing /usr/bin/cmake --build /home/daisuke/ros2_ws/src/build/person_msgs -- -j8 -l8
[11.016s] DEBUG:colcon.colcon_core.event_handler.log_command:Invoked command in '/home/daisuke/ros2_ws/src/build/person_msgs' returned '0': CMAKE_PREFIX_PATH=/opt/ros/dashing /usr/bin/cmake --build /home/daisuke/ros2_ws/src/build/person_msgs -- -j8 -l8
[11.058s] DEBUG:colcon.colcon_core.event_handler.log_command:Invoking command in '/home/daisuke/ros2_ws/src/build/person_msgs': CMAKE_PREFIX_PATH=/opt/ros/dashing /usr/bin/cmake --build /home/daisuke/ros2_ws/src/build/person_msgs --target install -- -j8 -l8
[11.241s] Level 1:colcon.colcon_core.environment:create_environment_scripts_only(person_msgs)
[11.243s] Level 1:colcon.colcon_core.environment:checking '/home/daisuke/ros2_ws/src/install/person_msgs' for CMake module files
[11.243s] DEBUG:colcon.colcon_core.event_handler.log_command:Invoked command in '/home/daisuke/ros2_ws/src/build/person_msgs' returned '0': CMAKE_PREFIX_PATH=/opt/ros/dashing /usr/bin/cmake --build /home/daisuke/ros2_ws/src/build/person_msgs --target install -- -j8 -l8
[11.243s] Level 1:colcon.colcon_core.environment:checking '/home/daisuke/ros2_ws/src/install/person_msgs' for CMake config files
[11.244s] Level 1:colcon.colcon_core.shell:create_environment_hook('person_msgs', 'cmake_prefix_path')
[11.244s] INFO:colcon.colcon_core.shell:Creating environment hook '/home/daisuke/ros2_ws/src/install/person_msgs/share/person_msgs/hook/cmake_prefix_path.ps1'
[11.245s] INFO:colcon.colcon_core.shell:Creating environment descriptor '/home/daisuke/ros2_ws/src/install/person_msgs/share/person_msgs/hook/cmake_prefix_path.dsv'
[11.245s] INFO:colcon.colcon_core.shell:Creating environment hook '/home/daisuke/ros2_ws/src/install/person_msgs/share/person_msgs/hook/cmake_prefix_path.sh'
[11.245s] Level 1:colcon.colcon_core.environment:checking '/home/daisuke/ros2_ws/src/install/person_msgs/lib'
[11.245s] Level 1:colcon.colcon_core.shell:create_environment_hook('person_msgs', 'ld_library_path_lib')
[11.246s] INFO:colcon.colcon_core.shell:Creating environment hook '/home/daisuke/ros2_ws/src/install/person_msgs/share/person_msgs/hook/ld_library_path_lib.ps1'
[11.246s] INFO:colcon.colcon_core.shell:Creating environment descriptor '/home/daisuke/ros2_ws/src/install/person_msgs/share/person_msgs/hook/ld_library_path_lib.dsv'
[11.246s] INFO:colcon.colcon_core.shell:Creating environment hook '/home/daisuke/ros2_ws/src/install/person_msgs/share/person_msgs/hook/ld_library_path_lib.sh'
[11.247s] Level 1:colcon.colcon_core.environment:checking '/home/daisuke/ros2_ws/src/install/person_msgs/bin'
[11.247s] Level 1:colcon.colcon_core.environment:checking '/home/daisuke/ros2_ws/src/install/person_msgs/lib/pkgconfig/person_msgs.pc'
[11.247s] Level 1:colcon.colcon_core.environment:checking '/home/daisuke/ros2_ws/src/install/person_msgs/lib/python3.6/site-packages'
[11.247s] Level 1:colcon.colcon_core.shell:create_environment_hook('person_msgs', 'pythonpath')
[11.247s] INFO:colcon.colcon_core.shell:Creating environment hook '/home/daisuke/ros2_ws/src/install/person_msgs/share/person_msgs/hook/pythonpath.ps1'
[11.248s] INFO:colcon.colcon_core.shell:Creating environment descriptor '/home/daisuke/ros2_ws/src/install/person_msgs/share/person_msgs/hook/pythonpath.dsv'
[11.248s] INFO:colcon.colcon_core.shell:Creating environment hook '/home/daisuke/ros2_ws/src/install/person_msgs/share/person_msgs/hook/pythonpath.sh'
[11.248s] Level 1:colcon.colcon_core.environment:checking '/home/daisuke/ros2_ws/src/install/person_msgs/bin'
[11.249s] INFO:colcon.colcon_core.shell:Creating package script '/home/daisuke/ros2_ws/src/install/person_msgs/share/person_msgs/package.ps1'
[11.249s] INFO:colcon.colcon_core.shell:Creating package descriptor '/home/daisuke/ros2_ws/src/install/person_msgs/share/person_msgs/package.dsv'
[11.249s] INFO:colcon.colcon_core.shell:Creating package script '/home/daisuke/ros2_ws/src/install/person_msgs/share/person_msgs/package.sh'
[11.249s] INFO:colcon.colcon_core.shell:Creating package script '/home/daisuke/ros2_ws/src/install/person_msgs/share/person_msgs/package.bash'
[11.250s] INFO:colcon.colcon_core.shell:Creating package script '/home/daisuke/ros2_ws/src/install/person_msgs/share/person_msgs/package.zsh'
[11.250s] Level 1:colcon.colcon_core.environment:create_file_with_runtime_dependencies(/home/daisuke/ros2_ws/src/install/person_msgs/share/colcon-core/packages/person_msgs)
[11.285s] Level 1:colcon.colcon_core.environment:create_environment_scripts_only(person_msgs)
[11.286s] Level 1:colcon.colcon_core.environment:checking '/home/daisuke/ros2_ws/src/install/person_msgs' for CMake module files
[11.286s] Level 1:colcon.colcon_core.environment:checking '/home/daisuke/ros2_ws/src/install/person_msgs' for CMake config files
[11.286s] Level 1:colcon.colcon_core.shell:create_environment_hook('person_msgs', 'cmake_prefix_path')
[11.287s] INFO:colcon.colcon_core.shell:Creating environment hook '/home/daisuke/ros2_ws/src/install/person_msgs/share/person_msgs/hook/cmake_prefix_path.ps1'
[11.288s] INFO:colcon.colcon_core.shell:Creating environment descriptor '/home/daisuke/ros2_ws/src/install/person_msgs/share/person_msgs/hook/cmake_prefix_path.dsv'
[11.288s] INFO:colcon.colcon_core.shell:Creating environment hook '/home/daisuke/ros2_ws/src/install/person_msgs/share/person_msgs/hook/cmake_prefix_path.sh'
[11.288s] Level 1:colcon.colcon_core.environment:checking '/home/daisuke/ros2_ws/src/install/person_msgs/lib'
[11.288s] Level 1:colcon.colcon_core.shell:create_environment_hook('person_msgs', 'ld_library_path_lib')
[11.289s] INFO:colcon.colcon_core.shell:Creating environment hook '/home/daisuke/ros2_ws/src/install/person_msgs/share/person_msgs/hook/ld_library_path_lib.ps1'
[11.289s] INFO:colcon.colcon_core.shell:Creating environment descriptor '/home/daisuke/ros2_ws/src/install/person_msgs/share/person_msgs/hook/ld_library_path_lib.dsv'
[11.290s] INFO:colcon.colcon_core.shell:Creating environment hook '/home/daisuke/ros2_ws/src/install/person_msgs/share/person_msgs/hook/ld_library_path_lib.sh'
[11.290s] Level 1:colcon.colcon_core.environment:checking '/home/daisuke/ros2_ws/src/install/person_msgs/bin'
[11.290s] Level 1:colcon.colcon_core.environment:checking '/home/daisuke/ros2_ws/src/install/person_msgs/lib/pkgconfig/person_msgs.pc'
[11.290s] Level 1:colcon.colcon_core.environment:checking '/home/daisuke/ros2_ws/src/install/person_msgs/lib/python3.6/site-packages'
[11.290s] Level 1:colcon.colcon_core.shell:create_environment_hook('person_msgs', 'pythonpath')
[11.291s] INFO:colcon.colcon_core.shell:Creating environment hook '/home/daisuke/ros2_ws/src/install/person_msgs/share/person_msgs/hook/pythonpath.ps1'
[11.291s] INFO:colcon.colcon_core.shell:Creating environment descriptor '/home/daisuke/ros2_ws/src/install/person_msgs/share/person_msgs/hook/pythonpath.dsv'
[11.291s] INFO:colcon.colcon_core.shell:Creating environment hook '/home/daisuke/ros2_ws/src/install/person_msgs/share/person_msgs/hook/pythonpath.sh'
[11.291s] Level 1:colcon.colcon_core.environment:checking '/home/daisuke/ros2_ws/src/install/person_msgs/bin'
[11.292s] INFO:colcon.colcon_core.shell:Creating package script '/home/daisuke/ros2_ws/src/install/person_msgs/share/person_msgs/package.ps1'
[11.293s] INFO:colcon.colcon_core.shell:Creating package descriptor '/home/daisuke/ros2_ws/src/install/person_msgs/share/person_msgs/package.dsv'
[11.293s] INFO:colcon.colcon_core.shell:Creating package script '/home/daisuke/ros2_ws/src/install/person_msgs/share/person_msgs/package.sh'
[11.293s] INFO:colcon.colcon_core.shell:Creating package script '/home/daisuke/ros2_ws/src/install/person_msgs/share/person_msgs/package.bash'
[11.293s] INFO:colcon.colcon_core.shell:Creating package script '/home/daisuke/ros2_ws/src/install/person_msgs/share/person_msgs/package.zsh'
[11.294s] Level 1:colcon.colcon_core.environment:create_file_with_runtime_dependencies(/home/daisuke/ros2_ws/src/install/person_msgs/share/colcon-core/packages/person_msgs)
[11.294s] DEBUG:colcon.colcon_parallel_executor.executor.parallel:closing loop
[11.295s] DEBUG:colcon.colcon_parallel_executor.executor.parallel:loop closed
[11.295s] DEBUG:colcon.colcon_parallel_executor.executor.parallel:run_until_complete finished with '0'
[11.295s] DEBUG:colcon.colcon_core.event_reactor:joining thread
[11.321s] INFO:colcon.colcon_core.plugin_system:Skipping extension 'colcon_notification.desktop_notification.notify_send': Could not find 'notify-send'
[11.321s] INFO:colcon.colcon_core.plugin_system:Skipping extension 'colcon_notification.desktop_notification.terminal_notifier': Not used on non-Darwin systems
[11.321s] INFO:colcon.colcon_core.plugin_system:Skipping extension 'colcon_notification.desktop_notification.win32': Not used on non-Windows systems
[11.322s] INFO:colcon.colcon_notification.desktop_notification:Sending desktop notification using 'notify2'
[11.344s] DEBUG:colcon.colcon_notification.desktop_notification.notify2:Failed to initialize notify2: org.freedesktop.DBus.Error.ServiceUnknown: The name org.freedesktop.Notifications was not provided by any .service files
[11.345s] DEBUG:colcon.colcon_core.event_reactor:joined thread
[11.346s] INFO:colcon.colcon_core.shell:Creating prefix script '/home/daisuke/ros2_ws/src/install/local_setup.ps1'
[11.347s] INFO:colcon.colcon_core.shell:Creating prefix util module '/home/daisuke/ros2_ws/src/install/_local_setup_util_ps1.py'
[11.348s] INFO:colcon.colcon_core.shell:Creating prefix chain script '/home/daisuke/ros2_ws/src/install/setup.ps1'
[11.349s] INFO:colcon.colcon_core.shell:Creating prefix script '/home/daisuke/ros2_ws/src/install/local_setup.sh'
[11.349s] INFO:colcon.colcon_core.shell:Creating prefix util module '/home/daisuke/ros2_ws/src/install/_local_setup_util_sh.py'
[11.349s] INFO:colcon.colcon_core.shell:Creating prefix chain script '/home/daisuke/ros2_ws/src/install/setup.sh'
[11.350s] INFO:colcon.colcon_core.shell:Creating prefix script '/home/daisuke/ros2_ws/src/install/local_setup.bash'
[11.351s] INFO:colcon.colcon_core.shell:Creating prefix chain script '/home/daisuke/ros2_ws/src/install/setup.bash'
[11.351s] INFO:colcon.colcon_core.shell:Creating prefix script '/home/daisuke/ros2_ws/src/install/local_setup.zsh'
[11.352s] INFO:colcon.colcon_core.shell:Creating prefix chain script '/home/daisuke/ros2_ws/src/install/setup.zsh'
