[0.305s] Invoking command in '/home/daisuke/ros2_ws/build/person_msgs': CMAKE_PREFIX_PATH=/opt/ros/humble /usr/bin/cmake --build /home/daisuke/ros2_ws/build/person_msgs -- -j8 -l8
[0.401s] -- The C compiler identification is GNU 11.3.0
[0.459s] -- The CXX compiler identification is GNU 11.3.0
[0.465s] -- Detecting C compiler ABI info
[0.526s] -- Detecting C compiler ABI info - done
[0.535s] -- Check for working C compiler: /usr/bin/cc - skipped
[0.535s] -- Detecting C compile features
[0.535s] -- Detecting C compile features - done
[0.538s] -- Detecting CXX compiler ABI info
[0.611s] -- Detecting CXX compiler ABI info - done
[0.618s] -- Check for working CXX compiler: /usr/bin/c++ - skipped
[0.618s] -- Detecting CXX compile features
[0.619s] -- Detecting CXX compile features - done
[0.621s] -- Found ament_cmake: 1.3.3 (/opt/ros/humble/share/ament_cmake/cmake)
[0.786s] -- Found Python3: /usr/bin/python3.10 (found version "3.10.6") found components: Interpreter 
[0.864s] -- Found rosidl_default_generators: 1.2.0 (/opt/ros/humble/share/rosidl_default_generators/cmake)
[0.867s] -- Using all available rosidl_typesupport_c: rosidl_typesupport_fastrtps_c;rosidl_typesupport_introspection_c
[0.874s] -- Found rosidl_adapter: 3.1.4 (/opt/ros/humble/share/rosidl_adapter/cmake)
[0.909s] -- Using all available rosidl_typesupport_cpp: rosidl_typesupport_fastrtps_cpp;rosidl_typesupport_introspection_cpp
[1.206s] -- Found ament_cmake_ros: 0.10.0 (/opt/ros/humble/share/ament_cmake_ros/cmake)
[1.379s] -- Using all available rosidl_typesupport_c: rosidl_typesupport_fastrtps_c;rosidl_typesupport_introspection_c
[1.614s] -- Using all available rosidl_typesupport_cpp: rosidl_typesupport_fastrtps_cpp;rosidl_typesupport_introspection_cpp
[1.636s] -- Found PythonInterp: /usr/bin/python3 (found suitable version "3.10.6", minimum required is "3.6") 
[1.637s] -- Found python_cmake_module: 0.10.0 (/opt/ros/humble/share/python_cmake_module/cmake)
[1.659s] -- Found PythonLibs: /usr/lib/x86_64-linux-gnu/libpython3.6m.so (Required is at least version "3.5") 
[1.659s] -- Using PYTHON_EXECUTABLE: /usr/bin/python3
[1.659s] -- Using PYTHON_INCLUDE_DIRS: /usr/include/python3.6m
[1.660s] -- Using PYTHON_LIBRARIES: /usr/lib/x86_64-linux-gnu/libpython3.6m.so
[1.660s] -- Found PythonExtra: .so  
[1.669s] -- Found ament_lint_auto: 0.12.4 (/opt/ros/humble/share/ament_lint_auto/cmake)
[1.683s] -- Added test 'copyright' to check source files copyright and LICENSE
[1.684s] -- Added test 'lint_cmake' to check CMake code style
[1.685s] -- Added test 'xmllint' to check XML markup files
[1.687s] -- Configuring done
[1.717s] -- Generating done
[1.719s] -- Build files have been written to: /home/daisuke/ros2_ws/build/person_msgs
[1.734s] make[1]: Entering directory '/home/daisuke/ros2_ws/build/person_msgs'
[1.736s] make[2]: Entering directory '/home/daisuke/ros2_ws/build/person_msgs'
[1.736s] make[2]: Entering directory '/home/daisuke/ros2_ws/build/person_msgs'
[1.736s] make[2]: Entering directory '/home/daisuke/ros2_ws/build/person_msgs'
[1.742s] [  2%] [34m[1mGenerating C code for ROS interfaces[0m
[1.743s] make[2]: Leaving directory '/home/daisuke/ros2_ws/build/person_msgs'
[1.743s] make[2]: Leaving directory '/home/daisuke/ros2_ws/build/person_msgs'
[1.745s] make[2]: Entering directory '/home/daisuke/ros2_ws/build/person_msgs'
[1.745s] make[2]: Entering directory '/home/daisuke/ros2_ws/build/person_msgs'
[1.752s] [  5%] [34m[1mGenerating C++ code for ROS interfaces[0m
[1.754s] make[2]: Leaving directory '/home/daisuke/ros2_ws/build/person_msgs'
[1.761s] [  5%] Built target ament_cmake_python_copy_person_msgs
[1.763s] make[2]: Entering directory '/home/daisuke/ros2_ws/build/person_msgs'
[1.773s] make[2]: Leaving directory '/home/daisuke/ros2_ws/build/person_msgs'
[1.774s] make[2]: Entering directory '/home/daisuke/ros2_ws/build/person_msgs'
[2.054s] running egg_info
[2.055s] creating person_msgs.egg-info
[2.055s] writing person_msgs.egg-info/PKG-INFO
[2.056s] writing dependency_links to person_msgs.egg-info/dependency_links.txt
[2.056s] writing top-level names to person_msgs.egg-info/top_level.txt
[2.057s] writing manifest file 'person_msgs.egg-info/SOURCES.txt'
[2.060s] reading manifest file 'person_msgs.egg-info/SOURCES.txt'
[2.060s] writing manifest file 'person_msgs.egg-info/SOURCES.txt'
[2.081s] make[2]: Leaving directory '/home/daisuke/ros2_ws/build/person_msgs'
[2.088s] [  5%] Built target ament_cmake_python_build_person_msgs_egg
[2.162s] make[2]: Leaving directory '/home/daisuke/ros2_ws/build/person_msgs'
[2.164s] make[2]: Entering directory '/home/daisuke/ros2_ws/build/person_msgs'
[2.169s] make[2]: Leaving directory '/home/daisuke/ros2_ws/build/person_msgs'
[2.173s] [  7%] [32mBuilding C object CMakeFiles/person_msgs__rosidl_generator_c.dir/rosidl_generator_c/person_msgs/msg/detail/person__functions.c.o[0m
[2.174s] [ 10%] [32mBuilding C object CMakeFiles/person_msgs__rosidl_generator_c.dir/rosidl_generator_c/person_msgs/srv/detail/query__functions.c.o[0m
[2.174s] [ 10%] Built target person_msgs__cpp
[2.177s] make[2]: Entering directory '/home/daisuke/ros2_ws/build/person_msgs'
[2.177s] make[2]: Entering directory '/home/daisuke/ros2_ws/build/person_msgs'
[2.177s] make[2]: Entering directory '/home/daisuke/ros2_ws/build/person_msgs'
[2.184s] [ 15%] [34m[1mGenerating C++ type support dispatch for ROS interfaces[0m
[2.184s] [ 15%] [34m[1mGenerating C++ type support for eProsima Fast-RTPS[0m
[2.185s] [ 17%] [34m[1mGenerating C++ introspection for ROS interfaces[0m
[2.232s] [ 20%] [32m[1mLinking C shared library libperson_msgs__rosidl_generator_c.so[0m
[2.261s] make[2]: Leaving directory '/home/daisuke/ros2_ws/build/person_msgs'
[2.268s] [ 20%] Built target person_msgs__rosidl_generator_c
[2.271s] make[2]: Entering directory '/home/daisuke/ros2_ws/build/person_msgs'
[2.271s] make[2]: Entering directory '/home/daisuke/ros2_ws/build/person_msgs'
[2.271s] make[2]: Entering directory '/home/daisuke/ros2_ws/build/person_msgs'
[2.278s] [ 25%] [34m[1mGenerating C type support for eProsima Fast-RTPS[0m
[2.278s] [ 25%] [34m[1mGenerating C type support dispatch for ROS interfaces[0m
[2.279s] [ 28%] [34m[1mGenerating C introspection for ROS interfaces[0m
[2.587s] make[2]: Leaving directory '/home/daisuke/ros2_ws/build/person_msgs'
[2.588s] make[2]: Entering directory '/home/daisuke/ros2_ws/build/person_msgs'
[2.597s] [ 30%] [32mBuilding CXX object CMakeFiles/person_msgs__rosidl_typesupport_cpp.dir/rosidl_typesupport_cpp/person_msgs/msg/person__type_support.cpp.o[0m
[2.599s] [ 33%] [32mBuilding CXX object CMakeFiles/person_msgs__rosidl_typesupport_cpp.dir/rosidl_typesupport_cpp/person_msgs/srv/query__type_support.cpp.o[0m
[2.645s] make[2]: Leaving directory '/home/daisuke/ros2_ws/build/person_msgs'
[2.647s] make[2]: Entering directory '/home/daisuke/ros2_ws/build/person_msgs'
[2.656s] [ 35%] [32mBuilding CXX object CMakeFiles/person_msgs__rosidl_typesupport_introspection_cpp.dir/rosidl_typesupport_introspection_cpp/person_msgs/msg/detail/person__type_support.cpp.o[0m
[2.657s] [ 38%] [32mBuilding CXX object CMakeFiles/person_msgs__rosidl_typesupport_introspection_cpp.dir/rosidl_typesupport_introspection_cpp/person_msgs/srv/detail/query__type_support.cpp.o[0m
[2.667s] make[2]: Leaving directory '/home/daisuke/ros2_ws/build/person_msgs'
[2.669s] make[2]: Entering directory '/home/daisuke/ros2_ws/build/person_msgs'
[2.679s] [ 41%] [32mBuilding CXX object CMakeFiles/person_msgs__rosidl_typesupport_fastrtps_cpp.dir/rosidl_typesupport_fastrtps_cpp/person_msgs/msg/detail/dds_fastrtps/person__type_support.cpp.o[0m
[2.701s] make[2]: Leaving directory '/home/daisuke/ros2_ws/build/person_msgs'
[2.703s] make[2]: Entering directory '/home/daisuke/ros2_ws/build/person_msgs'
[2.714s] [ 43%] [32mBuilding CXX object CMakeFiles/person_msgs__rosidl_typesupport_c.dir/rosidl_typesupport_c/person_msgs/msg/person__type_support.cpp.o[0m
[2.758s] [ 46%] [32mBuilding CXX object CMakeFiles/person_msgs__rosidl_typesupport_c.dir/rosidl_typesupport_c/person_msgs/srv/query__type_support.cpp.o[0m
[2.775s] make[2]: Leaving directory '/home/daisuke/ros2_ws/build/person_msgs'
[2.778s] make[2]: Entering directory '/home/daisuke/ros2_ws/build/person_msgs'
[2.786s] [ 48%] [32mBuilding CXX object CMakeFiles/person_msgs__rosidl_typesupport_fastrtps_c.dir/rosidl_typesupport_fastrtps_c/person_msgs/msg/detail/person__type_support_c.cpp.o[0m
[2.799s] make[2]: Leaving directory '/home/daisuke/ros2_ws/build/person_msgs'
[2.799s] [ 51%] [32m[1mLinking CXX shared library libperson_msgs__rosidl_typesupport_c.so[0m
[2.801s] make[2]: Entering directory '/home/daisuke/ros2_ws/build/person_msgs'
[2.815s] [ 53%] [32mBuilding C object CMakeFiles/person_msgs__rosidl_typesupport_introspection_c.dir/rosidl_typesupport_introspection_c/person_msgs/msg/detail/person__type_support.c.o[0m
[2.856s] make[2]: Leaving directory '/home/daisuke/ros2_ws/build/person_msgs'
[2.864s] [ 56%] [32mBuilding C object CMakeFiles/person_msgs__rosidl_typesupport_introspection_c.dir/rosidl_typesupport_introspection_c/person_msgs/srv/detail/query__type_support.c.o[0m
[2.864s] [ 56%] Built target person_msgs__rosidl_typesupport_c
[2.876s] [ 58%] [32mBuilding CXX object CMakeFiles/person_msgs__rosidl_typesupport_fastrtps_cpp.dir/rosidl_typesupport_fastrtps_cpp/person_msgs/srv/detail/dds_fastrtps/query__type_support.cpp.o[0m
[2.923s] [ 61%] [32m[1mLinking C shared library libperson_msgs__rosidl_typesupport_introspection_c.so[0m
[2.959s] make[2]: Leaving directory '/home/daisuke/ros2_ws/build/person_msgs'
[2.972s] [ 61%] Built target person_msgs__rosidl_typesupport_introspection_c
[2.984s] [ 64%] [32mBuilding CXX object CMakeFiles/person_msgs__rosidl_typesupport_fastrtps_c.dir/rosidl_typesupport_fastrtps_c/person_msgs/srv/detail/query__type_support_c.cpp.o[0m
[3.077s] [ 66%] [32m[1mLinking CXX shared library libperson_msgs__rosidl_typesupport_cpp.so[0m
[3.130s] make[2]: Leaving directory '/home/daisuke/ros2_ws/build/person_msgs'
[3.140s] [ 66%] Built target person_msgs__rosidl_typesupport_cpp
[3.301s] [ 69%] [32m[1mLinking CXX shared library libperson_msgs__rosidl_typesupport_introspection_cpp.so[0m
[3.358s] make[2]: Leaving directory '/home/daisuke/ros2_ws/build/person_msgs'
[3.365s] [ 69%] Built target person_msgs__rosidl_typesupport_introspection_cpp
[3.461s] [ 71%] [32m[1mLinking CXX shared library libperson_msgs__rosidl_typesupport_fastrtps_cpp.so[0m
[3.472s] [ 74%] [32m[1mLinking CXX shared library libperson_msgs__rosidl_typesupport_fastrtps_c.so[0m
[3.533s] make[2]: Leaving directory '/home/daisuke/ros2_ws/build/person_msgs'
[3.538s] make[2]: Leaving directory '/home/daisuke/ros2_ws/build/person_msgs'
[3.542s] [ 74%] Built target person_msgs__rosidl_typesupport_fastrtps_cpp
[3.547s] [ 74%] Built target person_msgs__rosidl_typesupport_fastrtps_c
[3.549s] make[2]: Entering directory '/home/daisuke/ros2_ws/build/person_msgs'
[3.559s] make[2]: Leaving directory '/home/daisuke/ros2_ws/build/person_msgs'
[3.572s] [ 74%] Built target person_msgs
[3.575s] make[2]: Entering directory '/home/daisuke/ros2_ws/build/person_msgs'
[3.588s] make[2]: Leaving directory '/home/daisuke/ros2_ws/build/person_msgs'
[3.591s] make[2]: Entering directory '/home/daisuke/ros2_ws/build/person_msgs'
[3.602s] [ 76%] [34m[1mGenerating Python code for ROS interfaces[0m
[4.097s] make[2]: Leaving directory '/home/daisuke/ros2_ws/build/person_msgs'
[4.105s] [ 76%] Built target person_msgs__py
[4.107s] make[2]: Entering directory '/home/daisuke/ros2_ws/build/person_msgs'
[4.115s] make[2]: Leaving directory '/home/daisuke/ros2_ws/build/person_msgs'
[4.117s] make[2]: Entering directory '/home/daisuke/ros2_ws/build/person_msgs'
[4.117s] make[2]: *** No rule to make target '/usr/lib/x86_64-linux-gnu/libpython3.6m.so', needed by 'rosidl_generator_py/person_msgs/libperson_msgs__rosidl_generator_py.so'.  Stop.
[4.117s] make[2]: *** Waiting for unfinished jobs....
[4.125s] [ 82%] [32mBuilding C object CMakeFiles/person_msgs__rosidl_generator_py.dir/rosidl_generator_py/person_msgs/srv/_query_s.c.o[0m
[4.125s] [ 82%] [32mBuilding C object CMakeFiles/person_msgs__rosidl_generator_py.dir/rosidl_generator_py/person_msgs/msg/_person_s.c.o[0m
[4.131s] [01m[K/home/daisuke/ros2_ws/build/person_msgs/rosidl_generator_py/person_msgs/msg/_person_s.c:5:10:[m[K [01;31m[Kfatal error: [m[KPython.h: No such file or directory
[4.132s]     5 | #include [01;31m[K<Python.h>[m[K
[4.132s]       |          [01;31m[K^~~~~~~~~~[m[K
[4.132s] [01m[K/home/daisuke/ros2_ws/build/person_msgs/rosidl_generator_py/person_msgs/srv/_query_s.c:5:10:[m[K [01;31m[Kfatal error: [m[KPython.h: No such file or directory
[4.132s]     5 | #include [01;31m[K<Python.h>[m[K
[4.133s]       |          [01;31m[K^~~~~~~~~~[m[K
[4.133s] compilation terminated.
[4.133s] compilation terminated.
[4.133s] make[2]: Leaving directory '/home/daisuke/ros2_ws/build/person_msgs'
[4.133s] make[1]: Leaving directory '/home/daisuke/ros2_ws/build/person_msgs'
[4.133s] make[2]: *** [CMakeFiles/person_msgs__rosidl_generator_py.dir/build.make:76: CMakeFiles/person_msgs__rosidl_generator_py.dir/rosidl_generator_py/person_msgs/msg/_person_s.c.o] Error 1
[4.133s] make[2]: *** [CMakeFiles/person_msgs__rosidl_generator_py.dir/build.make:90: CMakeFiles/person_msgs__rosidl_generator_py.dir/rosidl_generator_py/person_msgs/srv/_query_s.c.o] Error 1
[4.133s] make[1]: *** [CMakeFiles/Makefile2:475: CMakeFiles/person_msgs__rosidl_generator_py.dir/all] Error 2
[4.133s] make: *** [Makefile:141: all] Error 2
[4.136s] Invoked command in '/home/daisuke/ros2_ws/build/person_msgs' returned '2': CMAKE_PREFIX_PATH=/opt/ros/humble /usr/bin/cmake --build /home/daisuke/ros2_ws/build/person_msgs -- -j8 -l8
