[0.148s] Invoking command in '/home/daisuke/ros2_ws/build/person_msgs': CMAKE_PREFIX_PATH=/opt/ros/dashing /usr/bin/cmake --build /home/daisuke/ros2_ws/build/person_msgs -- -j8 -l8
[0.164s] -- Found ament_cmake: 0.7.6 (/opt/ros/dashing/share/ament_cmake/cmake)
[0.179s] -- Found PythonInterp: /usr/bin/python3 (found suitable version "3.6.9", minimum required is "3") 
[0.179s] -- Using PYTHON_EXECUTABLE: /usr/bin/python3
[0.301s] -- Found rosidl_default_generators: 0.7.0 (/opt/ros/dashing/share/rosidl_default_generators/cmake)
[1.404s] -- Found rosidl_adapter: 0.7.10 (/opt/ros/dashing/share/rosidl_adapter/cmake)
[2.431s] -- Found PythonInterp: /usr/bin/python3 (found version "3.6.9") 
[2.519s] -- Using single matching rosidl_typesupport_c: rosidl_typesupport_fastrtps_c
[2.522s] -- Using single matching rosidl_typesupport_cpp: rosidl_typesupport_fastrtps_cpp
[4.567s] -- Found rmw_implementation_cmake: 0.7.2 (/opt/ros/dashing/share/rmw_implementation_cmake/cmake)
[4.583s] -- Found PythonInterp: /usr/bin/python3 (found suitable version "3.6.9", minimum required is "3.5") 
[4.583s] -- Found python_cmake_module: 0.7.11 (/opt/ros/dashing/share/python_cmake_module/cmake)
[4.598s] -- Using PYTHON_EXECUTABLE: /usr/bin/python3
[4.598s] -- Using PYTHON_INCLUDE_DIRS: /usr/include/python3.6m
[4.598s] -- Using PYTHON_LIBRARIES: /usr/lib/x86_64-linux-gnu/libpython3.6m.so
[6.708s] -- Found ament_lint_auto: 0.7.12 (/opt/ros/dashing/share/ament_lint_auto/cmake)
[6.716s] -- Added test 'lint_cmake' to check CMake code style
[6.716s] -- Added test 'xmllint' to check XML markup files
[6.719s] -- Configuring done
[6.744s] -- Generating done
[6.746s] -- Build files have been written to: /home/daisuke/ros2_ws/build/person_msgs
[6.763s] [  2%] [34m[1mGenerating C code for ROS interfaces[0m
[6.764s] [35m[1mScanning dependencies of target person_msgs__cpp[0m
[6.771s] [  5%] [34m[1mGenerating C++ code for ROS interfaces[0m
[7.010s] [  5%] Built target person_msgs__cpp
[7.017s] [  8%] [34m[1mGenerating C++ introspection for ROS interfaces[0m
[7.019s] [ 10%] [34m[1mGenerating C++ type support for eProsima Fast-RTPS[0m
[7.068s] [35m[1mScanning dependencies of target person_msgs__rosidl_generator_c[0m
[7.077s] [ 13%] [32mBuilding C object CMakeFiles/person_msgs__rosidl_generator_c.dir/rosidl_generator_c/person_msgs/msg/person__functions.c.o[0m
[7.079s] [ 16%] [32mBuilding C object CMakeFiles/person_msgs__rosidl_generator_c.dir/rosidl_generator_c/person_msgs/srv/query__functions.c.o[0m
[7.107s] [ 18%] [32m[1mLinking C shared library libperson_msgs__rosidl_generator_c.so[0m
[7.167s] [ 18%] Built target person_msgs__rosidl_generator_c
[7.174s] [ 21%] [34m[1mGenerating C introspection for ROS interfaces[0m
[7.300s] [35m[1mScanning dependencies of target person_msgs__rosidl_typesupport_introspection_cpp[0m
[7.310s] [ 27%] [32mBuilding CXX object CMakeFiles/person_msgs__rosidl_typesupport_introspection_cpp.dir/rosidl_typesupport_introspection_cpp/person_msgs/msg/person__type_support.cpp.o[0m
[7.310s] [ 27%] [32mBuilding CXX object CMakeFiles/person_msgs__rosidl_typesupport_introspection_cpp.dir/rosidl_typesupport_introspection_cpp/person_msgs/srv/query__type_support.cpp.o[0m
[7.330s] [35m[1mScanning dependencies of target person_msgs__rosidl_typesupport_fastrtps_cpp[0m
[7.350s] [ 32%] [32mBuilding CXX object CMakeFiles/person_msgs__rosidl_typesupport_fastrtps_cpp.dir/rosidl_typesupport_fastrtps_cpp/person_msgs/srv/dds_fastrtps/query__type_support.cpp.o[0m
[7.350s] [ 32%] [32mBuilding CXX object CMakeFiles/person_msgs__rosidl_typesupport_fastrtps_cpp.dir/rosidl_typesupport_fastrtps_cpp/person_msgs/msg/dds_fastrtps/person__type_support.cpp.o[0m
[7.457s] [35m[1mScanning dependencies of target person_msgs__rosidl_typesupport_introspection_c[0m
[7.468s] [ 37%] [32mBuilding C object CMakeFiles/person_msgs__rosidl_typesupport_introspection_c.dir/rosidl_typesupport_introspection_c/person_msgs/srv/query__type_support.c.o[0m
[7.469s] [ 37%] [32mBuilding C object CMakeFiles/person_msgs__rosidl_typesupport_introspection_c.dir/rosidl_typesupport_introspection_c/person_msgs/msg/person__type_support.c.o[0m
[7.493s] [ 40%] [32m[1mLinking C shared library libperson_msgs__rosidl_typesupport_introspection_c.so[0m
[7.520s] [ 43%] [32m[1mLinking CXX shared library libperson_msgs__rosidl_typesupport_introspection_cpp.so[0m
[7.539s] [ 43%] Built target person_msgs__rosidl_typesupport_introspection_c
[7.579s] [ 43%] Built target person_msgs__rosidl_typesupport_introspection_cpp
[7.624s] [ 45%] [32m[1mLinking CXX shared library libperson_msgs__rosidl_typesupport_fastrtps_cpp.so[0m
[7.715s] [ 45%] Built target person_msgs__rosidl_typesupport_fastrtps_cpp
[7.722s] [ 51%] [34m[1mGenerating C++ type support dispatch for ROS interfaces[0m
[7.722s] [ 51%] [34m[1mGenerating C type support for eProsima Fast-RTPS[0m
[8.015s] [35m[1mScanning dependencies of target person_msgs__rosidl_typesupport_cpp[0m
[8.025s] [ 56%] [32mBuilding CXX object CMakeFiles/person_msgs__rosidl_typesupport_cpp.dir/rosidl_typesupport_cpp/person_msgs/srv/query__type_support.cpp.o[0m
[8.025s] [ 56%] [32mBuilding CXX object CMakeFiles/person_msgs__rosidl_typesupport_cpp.dir/rosidl_typesupport_cpp/person_msgs/msg/person__type_support.cpp.o[0m
[8.061s] [35m[1mScanning dependencies of target person_msgs__rosidl_typesupport_fastrtps_c[0m
[8.072s] [ 59%] [32mBuilding CXX object CMakeFiles/person_msgs__rosidl_typesupport_fastrtps_c.dir/rosidl_typesupport_fastrtps_c/person_msgs/srv/query__type_support_c.cpp.o[0m
[8.072s] [ 62%] [32mBuilding CXX object CMakeFiles/person_msgs__rosidl_typesupport_fastrtps_c.dir/rosidl_typesupport_fastrtps_c/person_msgs/msg/person__type_support_c.cpp.o[0m
[8.304s] [ 64%] [32m[1mLinking CXX shared library libperson_msgs__rosidl_typesupport_cpp.so[0m
[8.308s] [ 67%] [32m[1mLinking CXX shared library libperson_msgs__rosidl_typesupport_fastrtps_c.so[0m
[8.385s] [ 67%] Built target person_msgs__rosidl_typesupport_fastrtps_c
[8.385s] [ 67%] Built target person_msgs__rosidl_typesupport_cpp
[8.392s] [ 70%] [34m[1mGenerating C type support dispatch for ROS interfaces[0m
[8.590s] [35m[1mScanning dependencies of target person_msgs__rosidl_typesupport_c[0m
[8.598s] [ 75%] [32mBuilding CXX object CMakeFiles/person_msgs__rosidl_typesupport_c.dir/rosidl_typesupport_c/person_msgs/msg/person__type_support.cpp.o[0m
[8.599s] [ 75%] [32mBuilding CXX object CMakeFiles/person_msgs__rosidl_typesupport_c.dir/rosidl_typesupport_c/person_msgs/srv/query__type_support.cpp.o[0m
[8.616s] [ 78%] [32m[1mLinking CXX shared library libperson_msgs__rosidl_typesupport_c.so[0m
[8.688s] [ 78%] Built target person_msgs__rosidl_typesupport_c
[8.700s] [ 78%] Built target person_msgs
[8.706s] [35m[1mScanning dependencies of target person_msgs__py[0m
[8.714s] [ 81%] [34m[1mGenerating Python code for ROS interfaces[0m
[9.133s] [ 81%] Built target person_msgs__py
[9.140s] [35m[1mScanning dependencies of target person_msgs__python[0m
[9.150s] [ 86%] [32mBuilding C object CMakeFiles/person_msgs__python.dir/rosidl_generator_py/person_msgs/msg/_person_s.c.o[0m
[9.150s] [ 86%] [32mBuilding C object CMakeFiles/person_msgs__python.dir/rosidl_generator_py/person_msgs/srv/_query_s.c.o[0m
[9.199s] [ 89%] [32m[1mLinking C shared library rosidl_generator_py/person_msgs/libperson_msgs__python.so[0m
[9.271s] [ 89%] Built target person_msgs__python
[9.278s] [35m[1mScanning dependencies of target person_msgs__rosidl_typesupport_fastrtps_c__pyext[0m
[9.278s] [35m[1mScanning dependencies of target person_msgs__rosidl_typesupport_c__pyext[0m
[9.288s] [ 94%] [32mBuilding C object CMakeFiles/person_msgs__rosidl_typesupport_fastrtps_c__pyext.dir/rosidl_generator_py/person_msgs/_person_msgs_s.ep.rosidl_typesupport_fastrtps_c.c.o[0m
[9.288s] [ 94%] [32mBuilding C object CMakeFiles/person_msgs__rosidl_typesupport_c__pyext.dir/rosidl_generator_py/person_msgs/_person_msgs_s.ep.rosidl_typesupport_c.c.o[0m
[9.333s] [ 97%] [32m[1mLinking C shared library rosidl_generator_py/person_msgs/person_msgs_s__rosidl_typesupport_fastrtps_c.cpython-36m-x86_64-linux-gnu.so[0m
[9.334s] [100%] [32m[1mLinking C shared library rosidl_generator_py/person_msgs/person_msgs_s__rosidl_typesupport_c.cpython-36m-x86_64-linux-gnu.so[0m
[9.391s] [100%] Built target person_msgs__rosidl_typesupport_c__pyext
[9.391s] [100%] Built target person_msgs__rosidl_typesupport_fastrtps_c__pyext
[9.400s] Invoked command in '/home/daisuke/ros2_ws/build/person_msgs' returned '0': CMAKE_PREFIX_PATH=/opt/ros/dashing /usr/bin/cmake --build /home/daisuke/ros2_ws/build/person_msgs -- -j8 -l8
[9.452s] Invoking command in '/home/daisuke/ros2_ws/build/person_msgs': CMAKE_PREFIX_PATH=/opt/ros/dashing /usr/bin/cmake --build /home/daisuke/ros2_ws/build/person_msgs --target install -- -j8 -l8
[9.483s] [  2%] Built target person_msgs__cpp
[9.483s] [ 13%] Built target person_msgs__rosidl_generator_c
[9.500s] [ 32%] Built target person_msgs__rosidl_typesupport_introspection_c
[9.500s] [ 35%] Built target person_msgs__rosidl_typesupport_introspection_cpp
[9.501s] [ 45%] Built target person_msgs__rosidl_typesupport_fastrtps_cpp
[9.517s] [ 67%] Built target person_msgs__rosidl_typesupport_fastrtps_c
[9.517s] [ 67%] Built target person_msgs__rosidl_typesupport_cpp
[9.532s] [ 78%] Built target person_msgs__rosidl_typesupport_c
[9.545s] [ 78%] Built target person_msgs
[9.558s] [ 81%] Built target person_msgs__py
[9.573s] [ 89%] Built target person_msgs__python
[9.589s] [100%] Built target person_msgs__rosidl_typesupport_fastrtps_c__pyext
[9.589s] [100%] Built target person_msgs__rosidl_typesupport_c__pyext
[9.600s] [36mInstall the project...[0m
[9.606s] -- Install configuration: ""
[9.606s] -- Installing: /home/daisuke/ros2_ws/install/person_msgs/share/ament_index/resource_index/rosidl_interfaces/person_msgs
[9.606s] -- Installing: /home/daisuke/ros2_ws/install/person_msgs/lib/libperson_msgs__rosidl_typesupport_c.so
[9.606s] -- Set runtime path of "/home/daisuke/ros2_ws/install/person_msgs/lib/libperson_msgs__rosidl_typesupport_c.so" to ""
[9.607s] -- Up-to-date: /home/daisuke/ros2_ws/install/person_msgs/share/person_msgs/environment/library_path.sh
[9.607s] -- Installing: /home/daisuke/ros2_ws/install/person_msgs/lib/libperson_msgs__rosidl_typesupport_cpp.so
[9.607s] -- Set runtime path of "/home/daisuke/ros2_ws/install/person_msgs/lib/libperson_msgs__rosidl_typesupport_cpp.so" to ""
[9.607s] -- Up-to-date: /home/daisuke/ros2_ws/install/person_msgs/include/person_msgs
[9.607s] -- Installing: /home/daisuke/ros2_ws/install/person_msgs/include/person_msgs/srv
[9.607s] -- Installing: /home/daisuke/ros2_ws/install/person_msgs/include/person_msgs/srv/query__rosidl_typesupport_fastrtps_c.h
[9.607s] -- Up-to-date: /home/daisuke/ros2_ws/install/person_msgs/include/person_msgs/msg
[9.607s] -- Up-to-date: /home/daisuke/ros2_ws/install/person_msgs/include/person_msgs/msg/rosidl_typesupport_fastrtps_c__visibility_control.h
[9.608s] -- Installing: /home/daisuke/ros2_ws/install/person_msgs/include/person_msgs/msg/person__rosidl_typesupport_fastrtps_c.h
[9.608s] -- Installing: /home/daisuke/ros2_ws/install/person_msgs/lib/libperson_msgs__rosidl_typesupport_fastrtps_c.so
[9.608s] -- Set runtime path of "/home/daisuke/ros2_ws/install/person_msgs/lib/libperson_msgs__rosidl_typesupport_fastrtps_c.so" to ""
[9.608s] -- Up-to-date: /home/daisuke/ros2_ws/install/person_msgs/include/person_msgs
[9.608s] -- Up-to-date: /home/daisuke/ros2_ws/install/person_msgs/include/person_msgs/srv
[9.608s] -- Installing: /home/daisuke/ros2_ws/install/person_msgs/include/person_msgs/srv/query__functions.c
[9.608s] -- Installing: /home/daisuke/ros2_ws/install/person_msgs/include/person_msgs/srv/query.h
[9.608s] -- Installing: /home/daisuke/ros2_ws/install/person_msgs/include/person_msgs/srv/query__type_support.h
[9.608s] -- Installing: /home/daisuke/ros2_ws/install/person_msgs/include/person_msgs/srv/query__functions.h
[9.609s] -- Installing: /home/daisuke/ros2_ws/install/person_msgs/include/person_msgs/srv/query__struct.h
[9.609s] -- Up-to-date: /home/daisuke/ros2_ws/install/person_msgs/include/person_msgs/msg
[9.609s] -- Installing: /home/daisuke/ros2_ws/install/person_msgs/include/person_msgs/msg/person.h
[9.609s] -- Installing: /home/daisuke/ros2_ws/install/person_msgs/include/person_msgs/msg/person__functions.c
[9.609s] -- Installing: /home/daisuke/ros2_ws/install/person_msgs/include/person_msgs/msg/person__type_support.h
[9.609s] -- Installing: /home/daisuke/ros2_ws/install/person_msgs/include/person_msgs/msg/person__functions.h
[9.610s] -- Up-to-date: /home/daisuke/ros2_ws/install/person_msgs/include/person_msgs/msg/rosidl_generator_c__visibility_control.h
[9.610s] -- Installing: /home/daisuke/ros2_ws/install/person_msgs/include/person_msgs/msg/person__struct.h
[9.610s] -- Installing: /home/daisuke/ros2_ws/install/person_msgs/lib/libperson_msgs__rosidl_generator_c.so
[9.610s] -- Set runtime path of "/home/daisuke/ros2_ws/install/person_msgs/lib/libperson_msgs__rosidl_generator_c.so" to ""
[9.610s] -- Up-to-date: /home/daisuke/ros2_ws/install/person_msgs/include/person_msgs
[9.611s] -- Up-to-date: /home/daisuke/ros2_ws/install/person_msgs/include/person_msgs/srv
[9.611s] -- Installing: /home/daisuke/ros2_ws/install/person_msgs/include/person_msgs/srv/dds_fastrtps
[9.611s] -- Installing: /home/daisuke/ros2_ws/install/person_msgs/include/person_msgs/srv/query__rosidl_typesupport_fastrtps_cpp.hpp
[9.611s] -- Up-to-date: /home/daisuke/ros2_ws/install/person_msgs/include/person_msgs/msg
[9.611s] -- Up-to-date: /home/daisuke/ros2_ws/install/person_msgs/include/person_msgs/msg/rosidl_typesupport_fastrtps_cpp__visibility_control.h
[9.612s] -- Up-to-date: /home/daisuke/ros2_ws/install/person_msgs/include/person_msgs/msg/dds_fastrtps
[9.612s] -- Installing: /home/daisuke/ros2_ws/install/person_msgs/include/person_msgs/msg/person__rosidl_typesupport_fastrtps_cpp.hpp
[9.612s] -- Installing: /home/daisuke/ros2_ws/install/person_msgs/lib/libperson_msgs__rosidl_typesupport_fastrtps_cpp.so
[9.612s] -- Set runtime path of "/home/daisuke/ros2_ws/install/person_msgs/lib/libperson_msgs__rosidl_typesupport_fastrtps_cpp.so" to ""
[9.612s] -- Up-to-date: /home/daisuke/ros2_ws/install/person_msgs/include/person_msgs
[9.612s] -- Up-to-date: /home/daisuke/ros2_ws/install/person_msgs/include/person_msgs/srv
[9.612s] -- Installing: /home/daisuke/ros2_ws/install/person_msgs/include/person_msgs/srv/query__struct.hpp
[9.612s] -- Installing: /home/daisuke/ros2_ws/install/person_msgs/include/person_msgs/srv/query__traits.hpp
[9.612s] -- Installing: /home/daisuke/ros2_ws/install/person_msgs/include/person_msgs/srv/query.hpp
[9.612s] -- Up-to-date: /home/daisuke/ros2_ws/install/person_msgs/include/person_msgs/msg
[9.612s] -- Installing: /home/daisuke/ros2_ws/install/person_msgs/include/person_msgs/msg/person.hpp
[9.612s] -- Installing: /home/daisuke/ros2_ws/install/person_msgs/include/person_msgs/msg/person__traits.hpp
[9.612s] -- Installing: /home/daisuke/ros2_ws/install/person_msgs/include/person_msgs/msg/person__struct.hpp
[9.612s] -- Up-to-date: /home/daisuke/ros2_ws/install/person_msgs/include/person_msgs
[9.612s] -- Up-to-date: /home/daisuke/ros2_ws/install/person_msgs/include/person_msgs/srv
[9.612s] -- Installing: /home/daisuke/ros2_ws/install/person_msgs/include/person_msgs/srv/query__type_support.c
[9.612s] -- Installing: /home/daisuke/ros2_ws/install/person_msgs/include/person_msgs/srv/query__rosidl_typesupport_introspection_c.h
[9.612s] -- Up-to-date: /home/daisuke/ros2_ws/install/person_msgs/include/person_msgs/msg
[9.612s] -- Up-to-date: /home/daisuke/ros2_ws/install/person_msgs/include/person_msgs/msg/rosidl_typesupport_introspection_c__visibility_control.h
[9.612s] -- Installing: /home/daisuke/ros2_ws/install/person_msgs/include/person_msgs/msg/person__type_support.c
[9.613s] -- Installing: /home/daisuke/ros2_ws/install/person_msgs/include/person_msgs/msg/person__rosidl_typesupport_introspection_c.h
[9.613s] -- Installing: /home/daisuke/ros2_ws/install/person_msgs/lib/libperson_msgs__rosidl_typesupport_introspection_c.so
[9.613s] -- Set runtime path of "/home/daisuke/ros2_ws/install/person_msgs/lib/libperson_msgs__rosidl_typesupport_introspection_c.so" to ""
[9.613s] -- Up-to-date: /home/daisuke/ros2_ws/install/person_msgs/include/person_msgs
[9.613s] -- Up-to-date: /home/daisuke/ros2_ws/install/person_msgs/include/person_msgs/srv
[9.613s] -- Installing: /home/daisuke/ros2_ws/install/person_msgs/include/person_msgs/srv/query__type_support.cpp
[9.613s] -- Installing: /home/daisuke/ros2_ws/install/person_msgs/include/person_msgs/srv/query__rosidl_typesupport_introspection_cpp.hpp
[9.613s] -- Up-to-date: /home/daisuke/ros2_ws/install/person_msgs/include/person_msgs/msg
[9.613s] -- Installing: /home/daisuke/ros2_ws/install/person_msgs/include/person_msgs/msg/person__rosidl_typesupport_introspection_cpp.hpp
[9.613s] -- Installing: /home/daisuke/ros2_ws/install/person_msgs/include/person_msgs/msg/person__type_support.cpp
[9.613s] -- Installing: /home/daisuke/ros2_ws/install/person_msgs/lib/libperson_msgs__rosidl_typesupport_introspection_cpp.so
[9.613s] -- Set runtime path of "/home/daisuke/ros2_ws/install/person_msgs/lib/libperson_msgs__rosidl_typesupport_introspection_cpp.so" to ""
[9.613s] -- Up-to-date: /home/daisuke/ros2_ws/install/person_msgs/share/person_msgs/environment/pythonpath.sh
[9.613s] -- Installing: /home/daisuke/ros2_ws/install/person_msgs/lib/python3.6/site-packages/person_msgs/__init__.py
[9.630s] Compiling '/home/daisuke/ros2_ws/install/person_msgs/lib/python3.6/site-packages/person_msgs/__init__.py'...
[9.634s] -- Up-to-date: /home/daisuke/ros2_ws/install/person_msgs/lib/python3.6/site-packages/person_msgs/msg
[9.635s] -- Installing: /home/daisuke/ros2_ws/install/person_msgs/lib/python3.6/site-packages/person_msgs/msg/_person.py
[9.635s] -- Installing: /home/daisuke/ros2_ws/install/person_msgs/lib/python3.6/site-packages/person_msgs/msg/_person_s.c
[9.635s] -- Installing: /home/daisuke/ros2_ws/install/person_msgs/lib/python3.6/site-packages/person_msgs/msg/__init__.py
[9.635s] -- Installing: /home/daisuke/ros2_ws/install/person_msgs/lib/python3.6/site-packages/person_msgs/srv
[9.635s] -- Installing: /home/daisuke/ros2_ws/install/person_msgs/lib/python3.6/site-packages/person_msgs/srv/_query_s.c
[9.635s] -- Installing: /home/daisuke/ros2_ws/install/person_msgs/lib/python3.6/site-packages/person_msgs/srv/_query.py
[9.635s] -- Installing: /home/daisuke/ros2_ws/install/person_msgs/lib/python3.6/site-packages/person_msgs/srv/__init__.py
[9.635s] -- Installing: /home/daisuke/ros2_ws/install/person_msgs/lib/python3.6/site-packages/person_msgs/person_msgs_s__rosidl_typesupport_c.cpython-36m-x86_64-linux-gnu.so
[9.635s] -- Set runtime path of "/home/daisuke/ros2_ws/install/person_msgs/lib/python3.6/site-packages/person_msgs/person_msgs_s__rosidl_typesupport_c.cpython-36m-x86_64-linux-gnu.so" to ""
[9.636s] -- Installing: /home/daisuke/ros2_ws/install/person_msgs/lib/python3.6/site-packages/person_msgs/person_msgs_s__rosidl_typesupport_fastrtps_c.cpython-36m-x86_64-linux-gnu.so
[9.636s] -- Set runtime path of "/home/daisuke/ros2_ws/install/person_msgs/lib/python3.6/site-packages/person_msgs/person_msgs_s__rosidl_typesupport_fastrtps_c.cpython-36m-x86_64-linux-gnu.so" to ""
[9.636s] -- Installing: /home/daisuke/ros2_ws/install/person_msgs/lib/libperson_msgs__python.so
[9.636s] -- Set runtime path of "/home/daisuke/ros2_ws/install/person_msgs/lib/libperson_msgs__python.so" to ""
[9.637s] -- Up-to-date: /home/daisuke/ros2_ws/install/person_msgs/share/person_msgs/msg/Person.idl
[9.637s] -- Installing: /home/daisuke/ros2_ws/install/person_msgs/share/person_msgs/srv/Query.idl
[9.637s] -- Up-to-date: /home/daisuke/ros2_ws/install/person_msgs/share/person_msgs/msg/Person.msg
[9.637s] -- Installing: /home/daisuke/ros2_ws/install/person_msgs/share/person_msgs/srv/Query.srv
[9.637s] -- Installing: /home/daisuke/ros2_ws/install/person_msgs/share/person_msgs/srv/Query_Request.msg
[9.637s] -- Installing: /home/daisuke/ros2_ws/install/person_msgs/share/person_msgs/srv/Query_Response.msg
[9.638s] -- Up-to-date: /home/daisuke/ros2_ws/install/person_msgs/share/ament_index/resource_index/package_run_dependencies/person_msgs
[9.638s] -- Installing: /home/daisuke/ros2_ws/install/person_msgs/share/ament_index/resource_index/parent_prefix_path/person_msgs
[9.638s] -- Up-to-date: /home/daisuke/ros2_ws/install/person_msgs/share/person_msgs/environment/ament_prefix_path.sh
[9.638s] -- Up-to-date: /home/daisuke/ros2_ws/install/person_msgs/share/person_msgs/environment/path.sh
[9.638s] -- Up-to-date: /home/daisuke/ros2_ws/install/person_msgs/share/person_msgs/local_setup.bash
[9.638s] -- Up-to-date: /home/daisuke/ros2_ws/install/person_msgs/share/person_msgs/local_setup.sh
[9.638s] -- Up-to-date: /home/daisuke/ros2_ws/install/person_msgs/share/person_msgs/local_setup.zsh
[9.638s] -- Up-to-date: /home/daisuke/ros2_ws/install/person_msgs/share/ament_index/resource_index/packages/person_msgs
[9.638s] -- Installing: /home/daisuke/ros2_ws/install/person_msgs/share/person_msgs/cmake/rosidl_cmake-extras.cmake
[9.638s] -- Up-to-date: /home/daisuke/ros2_ws/install/person_msgs/share/person_msgs/cmake/ament_cmake_export_libraries-extras.cmake
[9.638s] -- Up-to-date: /home/daisuke/ros2_ws/install/person_msgs/share/person_msgs/cmake/ament_cmake_export_include_directories-extras.cmake
[9.638s] -- Up-to-date: /home/daisuke/ros2_ws/install/person_msgs/share/person_msgs/cmake/person_msgsConfig.cmake
[9.638s] -- Up-to-date: /home/daisuke/ros2_ws/install/person_msgs/share/person_msgs/cmake/person_msgsConfig-version.cmake
[9.638s] -- Up-to-date: /home/daisuke/ros2_ws/install/person_msgs/share/person_msgs/package.xml
[9.641s] Invoked command in '/home/daisuke/ros2_ws/build/person_msgs' returned '0': CMAKE_PREFIX_PATH=/opt/ros/dashing /usr/bin/cmake --build /home/daisuke/ros2_ws/build/person_msgs --target install -- -j8 -l8
