[0.450s] Invoking command in '/home/daisuke/ros2_ws/src/mypkg': PYTHONPATH=/home/daisuke/ros2_ws/install/mypkg/lib/python3.6/site-packages:${PYTHONPATH} /usr/bin/python3 setup.py egg_info --egg-base ../../build/mypkg build --build-base /home/daisuke/ros2_ws/build/mypkg/build install --prefix /home/daisuke/ros2_ws/install/mypkg --record /home/daisuke/ros2_ws/build/mypkg/install.log --single-version-externally-managed
[0.610s] running egg_info
[0.611s] writing ../../build/mypkg/mypkg.egg-info/PKG-INFO
[0.611s] writing dependency_links to ../../build/mypkg/mypkg.egg-info/dependency_links.txt
[0.612s] writing entry points to ../../build/mypkg/mypkg.egg-info/entry_points.txt
[0.612s] writing requirements to ../../build/mypkg/mypkg.egg-info/requires.txt
[0.612s] writing top-level names to ../../build/mypkg/mypkg.egg-info/top_level.txt
[0.643s] reading manifest file '../../build/mypkg/mypkg.egg-info/SOURCES.txt'
[0.644s] writing manifest file '../../build/mypkg/mypkg.egg-info/SOURCES.txt'
[0.644s] running build
[0.645s] running build_py
[0.645s] copying mypkg/listener.py -> /home/daisuke/ros2_ws/build/mypkg/build/lib/mypkg
[0.645s] running install
[0.645s] running install_lib
[0.645s] copying /home/daisuke/ros2_ws/build/mypkg/build/lib/mypkg/listener.py -> /home/daisuke/ros2_ws/install/mypkg/lib/python3.6/site-packages/mypkg
[0.646s] byte-compiling /home/daisuke/ros2_ws/install/mypkg/lib/python3.6/site-packages/mypkg/listener.py to listener.cpython-36.pyc
[0.646s] running install_data
[0.647s] running install_egg_info
[0.648s] removing '/home/daisuke/ros2_ws/install/mypkg/lib/python3.6/site-packages/mypkg-0.0.0-py3.6.egg-info' (and everything under it)
[0.648s] Copying ../../build/mypkg/mypkg.egg-info to /home/daisuke/ros2_ws/install/mypkg/lib/python3.6/site-packages/mypkg-0.0.0-py3.6.egg-info
[0.649s] running install_scripts
[0.663s] Installing listener script to /home/daisuke/ros2_ws/install/mypkg/lib/mypkg
[0.664s] Installing talker script to /home/daisuke/ros2_ws/install/mypkg/lib/mypkg
[0.664s] writing list of installed files to '/home/daisuke/ros2_ws/build/mypkg/install.log'
[0.681s] Invoked command in '/home/daisuke/ros2_ws/src/mypkg' returned '0': PYTHONPATH=/home/daisuke/ros2_ws/install/mypkg/lib/python3.6/site-packages:${PYTHONPATH} /usr/bin/python3 setup.py egg_info --egg-base ../../build/mypkg build --build-base /home/daisuke/ros2_ws/build/mypkg/build install --prefix /home/daisuke/ros2_ws/install/mypkg --record /home/daisuke/ros2_ws/build/mypkg/install.log --single-version-externally-managed
