[0.574s] Invoking command in '/home/daisuke/ros2_ws/src/mypkg': PYTHONPATH=/home/daisuke/ros2_ws/build/mypkg/prefix_override:/home/daisuke/ros2_ws/install/mypkg/lib/python3.10/site-packages:${PYTHONPATH} /usr/bin/python3 setup.py egg_info --egg-base ../../build/mypkg build --build-base /home/daisuke/ros2_ws/build/mypkg/build install --record /home/daisuke/ros2_ws/build/mypkg/install.log --install-scripts $base/lib/mypkg --single-version-externally-managed
[0.759s] /usr/lib/python3/dist-packages/setuptools/dist.py:723: UserWarning: Usage of dash-separated 'script-dir' will not be supported in future versions. Please use the underscore name 'script_dir' instead
[0.759s]   warnings.warn(
[0.765s] running egg_info
[0.765s] writing ../../build/mypkg/mypkg.egg-info/PKG-INFO
[0.766s] writing dependency_links to ../../build/mypkg/mypkg.egg-info/dependency_links.txt
[0.766s] writing entry points to ../../build/mypkg/mypkg.egg-info/entry_points.txt
[0.767s] writing requirements to ../../build/mypkg/mypkg.egg-info/requires.txt
[0.767s] writing top-level names to ../../build/mypkg/mypkg.egg-info/top_level.txt
[0.769s] reading manifest file '../../build/mypkg/mypkg.egg-info/SOURCES.txt'
[0.770s] writing manifest file '../../build/mypkg/mypkg.egg-info/SOURCES.txt'
[0.770s] running build
[0.770s] running build_py
[0.772s] running install
[0.772s] /usr/lib/python3/dist-packages/setuptools/command/install.py:34: SetuptoolsDeprecationWarning: setup.py install is deprecated. Use build and pip and other standards-based tools.
[0.773s]   warnings.warn(
[0.773s] running install_lib
[0.774s] running install_data
[0.776s] running install_egg_info
[0.777s] removing '/home/daisuke/ros2_ws/install/mypkg/lib/python3.10/site-packages/mypkg-0.0.0-py3.10.egg-info' (and everything under it)
[0.777s] Copying ../../build/mypkg/mypkg.egg-info to /home/daisuke/ros2_ws/install/mypkg/lib/python3.10/site-packages/mypkg-0.0.0-py3.10.egg-info
[0.778s] running install_scripts
[0.792s] Installing listener script to /home/daisuke/ros2_ws/install/mypkg/lib/mypkg
[0.793s] Installing talker script to /home/daisuke/ros2_ws/install/mypkg/lib/mypkg
[0.793s] writing list of installed files to '/home/daisuke/ros2_ws/build/mypkg/install.log'
