[0.391s] Invoking command in '/home/daisuke/ros2_ws/src/mypkg': PYTHONPATH=/home/daisuke/ros2_ws/install/mypkg/lib/python3.6/site-packages:${PYTHONPATH} /usr/bin/python3 setup.py egg_info --egg-base ../../build/mypkg build --build-base /home/daisuke/ros2_ws/build/mypkg/build install --prefix /home/daisuke/ros2_ws/install/mypkg --record /home/daisuke/ros2_ws/build/mypkg/install.log --single-version-externally-managed
[0.539s] running egg_info
[0.541s] writing ../../build/mypkg/mypkg.egg-info/PKG-INFO
[0.542s] writing dependency_links to ../../build/mypkg/mypkg.egg-info/dependency_links.txt
[0.542s] writing entry points to ../../build/mypkg/mypkg.egg-info/entry_points.txt
[0.542s] writing requirements to ../../build/mypkg/mypkg.egg-info/requires.txt
[0.542s] writing top-level names to ../../build/mypkg/mypkg.egg-info/top_level.txt
[0.572s] reading manifest file '../../build/mypkg/mypkg.egg-info/SOURCES.txt'
[0.572s] writing manifest file '../../build/mypkg/mypkg.egg-info/SOURCES.txt'
[0.572s] running build
[0.572s] running build_py
[0.574s] running install
[0.574s] running install_lib
[0.574s] running install_data
[0.574s] running install_egg_info
[0.574s] removing '/home/daisuke/ros2_ws/install/mypkg/lib/python3.6/site-packages/mypkg-0.0.0-py3.6.egg-info' (and everything under it)
[0.575s] Copying ../../build/mypkg/mypkg.egg-info to /home/daisuke/ros2_ws/install/mypkg/lib/python3.6/site-packages/mypkg-0.0.0-py3.6.egg-info
[0.576s] running install_scripts
[0.590s] Installing listener script to /home/daisuke/ros2_ws/install/mypkg/lib/mypkg
[0.590s] Installing talker script to /home/daisuke/ros2_ws/install/mypkg/lib/mypkg
[0.591s] writing list of installed files to '/home/daisuke/ros2_ws/build/mypkg/install.log'
[0.607s] Invoked command in '/home/daisuke/ros2_ws/src/mypkg' returned '0': PYTHONPATH=/home/daisuke/ros2_ws/install/mypkg/lib/python3.6/site-packages:${PYTHONPATH} /usr/bin/python3 setup.py egg_info --egg-base ../../build/mypkg build --build-base /home/daisuke/ros2_ws/build/mypkg/build install --prefix /home/daisuke/ros2_ws/install/mypkg --record /home/daisuke/ros2_ws/build/mypkg/install.log --single-version-externally-managed
