[0.758s] Invoking command in '/home/daisuke/ros2_ws/src/mypkg': PYTHONPATH=/home/daisuke/ros2_ws/install/mypkg/lib/python3.6/site-packages:${PYTHONPATH} /usr/bin/python3 setup.py egg_info --egg-base ../../build/mypkg build --build-base /home/daisuke/ros2_ws/build/mypkg/build install --prefix /home/daisuke/ros2_ws/install/mypkg --record /home/daisuke/ros2_ws/build/mypkg/install.log --single-version-externally-managed
[0.942s] running egg_info
[0.943s] creating ../../build/mypkg/mypkg.egg-info
[0.944s] writing ../../build/mypkg/mypkg.egg-info/PKG-INFO
[0.944s] writing dependency_links to ../../build/mypkg/mypkg.egg-info/dependency_links.txt
[0.944s] writing entry points to ../../build/mypkg/mypkg.egg-info/entry_points.txt
[0.944s] writing requirements to ../../build/mypkg/mypkg.egg-info/requires.txt
[0.944s] writing top-level names to ../../build/mypkg/mypkg.egg-info/top_level.txt
[0.944s] writing manifest file '../../build/mypkg/mypkg.egg-info/SOURCES.txt'
[0.969s] reading manifest file '../../build/mypkg/mypkg.egg-info/SOURCES.txt'
[0.970s] writing manifest file '../../build/mypkg/mypkg.egg-info/SOURCES.txt'
[0.970s] running build
[0.971s] running build_py
[0.971s] creating /home/daisuke/ros2_ws/build/mypkg/build
[0.971s] creating /home/daisuke/ros2_ws/build/mypkg/build/lib
[0.971s] creating /home/daisuke/ros2_ws/build/mypkg/build/lib/mypkg
[0.971s] copying mypkg/__init__.py -> /home/daisuke/ros2_ws/build/mypkg/build/lib/mypkg
[0.971s] running install
[0.972s] running install_lib
[0.972s] creating /home/daisuke/ros2_ws/install/mypkg/lib/python3.6/site-packages/mypkg
[0.972s] copying /home/daisuke/ros2_ws/build/mypkg/build/lib/mypkg/__init__.py -> /home/daisuke/ros2_ws/install/mypkg/lib/python3.6/site-packages/mypkg
[0.973s] byte-compiling /home/daisuke/ros2_ws/install/mypkg/lib/python3.6/site-packages/mypkg/__init__.py to __init__.cpython-36.pyc
[0.973s] running install_data
[0.973s] creating /home/daisuke/ros2_ws/install/mypkg/share/ament_index
[0.974s] creating /home/daisuke/ros2_ws/install/mypkg/share/ament_index/resource_index
[0.974s] creating /home/daisuke/ros2_ws/install/mypkg/share/ament_index/resource_index/packages
[0.974s] copying resource/mypkg -> /home/daisuke/ros2_ws/install/mypkg/share/ament_index/resource_index/packages
[0.974s] copying package.xml -> /home/daisuke/ros2_ws/install/mypkg/share/mypkg
[0.974s] running install_egg_info
[0.975s] Copying ../../build/mypkg/mypkg.egg-info to /home/daisuke/ros2_ws/install/mypkg/lib/python3.6/site-packages/mypkg-0.0.0-py3.6.egg-info
[0.976s] running install_scripts
[0.992s] writing list of installed files to '/home/daisuke/ros2_ws/build/mypkg/install.log'
[1.011s] Invoked command in '/home/daisuke/ros2_ws/src/mypkg' returned '0': PYTHONPATH=/home/daisuke/ros2_ws/install/mypkg/lib/python3.6/site-packages:${PYTHONPATH} /usr/bin/python3 setup.py egg_info --egg-base ../../build/mypkg build --build-base /home/daisuke/ros2_ws/build/mypkg/build install --prefix /home/daisuke/ros2_ws/install/mypkg --record /home/daisuke/ros2_ws/build/mypkg/install.log --single-version-externally-managed
