running egg_info
writing ../../build/mypkg/mypkg.egg-info/PKG-INFO
writing dependency_links to ../../build/mypkg/mypkg.egg-info/dependency_links.txt
writing entry points to ../../build/mypkg/mypkg.egg-info/entry_points.txt
writing requirements to ../../build/mypkg/mypkg.egg-info/requires.txt
writing top-level names to ../../build/mypkg/mypkg.egg-info/top_level.txt
reading manifest file '../../build/mypkg/mypkg.egg-info/SOURCES.txt'
writing manifest file '../../build/mypkg/mypkg.egg-info/SOURCES.txt'
running build
running build_py
running install
running install_lib
creating /home/daisuke/ros2_ws/install/mypkg/lib/python3.10/site-packages/mypkg
copying /home/daisuke/ros2_ws/build/mypkg/build/lib/mypkg/talker.py -> /home/daisuke/ros2_ws/install/mypkg/lib/python3.10/site-packages/mypkg
copying /home/daisuke/ros2_ws/build/mypkg/build/lib/mypkg/listener.py -> /home/daisuke/ros2_ws/install/mypkg/lib/python3.10/site-packages/mypkg
copying /home/daisuke/ros2_ws/build/mypkg/build/lib/mypkg/__init__.py -> /home/daisuke/ros2_ws/install/mypkg/lib/python3.10/site-packages/mypkg
byte-compiling /home/daisuke/ros2_ws/install/mypkg/lib/python3.10/site-packages/mypkg/talker.py to talker.cpython-310.pyc
byte-compiling /home/daisuke/ros2_ws/install/mypkg/lib/python3.10/site-packages/mypkg/listener.py to listener.cpython-310.pyc
byte-compiling /home/daisuke/ros2_ws/install/mypkg/lib/python3.10/site-packages/mypkg/__init__.py to __init__.cpython-310.pyc
running install_data
running install_egg_info
Copying ../../build/mypkg/mypkg.egg-info to /home/daisuke/ros2_ws/install/mypkg/lib/python3.10/site-packages/mypkg-0.0.0-py3.10.egg-info
running install_scripts
Installing listener script to /home/daisuke/ros2_ws/install/mypkg/lib/mypkg
Installing talker script to /home/daisuke/ros2_ws/install/mypkg/lib/mypkg
writing list of installed files to '/home/daisuke/ros2_ws/build/mypkg/install.log'
