[0.733s] Invoking command in '/home/daisuke/ros2_ws/src/mypkg': PYTHONPATH=/home/daisuke/ros2_ws/build/mypkg/prefix_override:/home/daisuke/ros2_ws/install/mypkg/lib/python3.10/site-packages:${PYTHONPATH} /usr/bin/python3 setup.py egg_info --egg-base ../../build/mypkg build --build-base /home/daisuke/ros2_ws/build/mypkg/build install --record /home/daisuke/ros2_ws/build/mypkg/install.log --install-scripts $base/lib/mypkg --single-version-externally-managed
[0.974s] /usr/lib/python3/dist-packages/setuptools/dist.py:723: UserWarning: Usage of dash-separated 'script-dir' will not be supported in future versions. Please use the underscore name 'script_dir' instead
[0.974s]   warnings.warn(
[0.983s] running egg_info
[0.984s] writing ../../build/mypkg/mypkg.egg-info/PKG-INFO
[0.984s] writing dependency_links to ../../build/mypkg/mypkg.egg-info/dependency_links.txt
[0.985s] writing entry points to ../../build/mypkg/mypkg.egg-info/entry_points.txt
[0.985s] writing requirements to ../../build/mypkg/mypkg.egg-info/requires.txt
[0.985s] writing top-level names to ../../build/mypkg/mypkg.egg-info/top_level.txt
[0.987s] reading manifest file '../../build/mypkg/mypkg.egg-info/SOURCES.txt'
[0.988s] writing manifest file '../../build/mypkg/mypkg.egg-info/SOURCES.txt'
[0.988s] running build
[0.988s] running build_py
[0.989s] running install
[0.989s] /usr/lib/python3/dist-packages/setuptools/command/install.py:34: SetuptoolsDeprecationWarning: setup.py install is deprecated. Use build and pip and other standards-based tools.
[0.989s]   warnings.warn(
[0.990s] running install_lib
[0.990s] creating /home/daisuke/ros2_ws/install/mypkg/lib/python3.10/site-packages/mypkg
[0.991s] copying /home/daisuke/ros2_ws/build/mypkg/build/lib/mypkg/talker.py -> /home/daisuke/ros2_ws/install/mypkg/lib/python3.10/site-packages/mypkg
[0.991s] copying /home/daisuke/ros2_ws/build/mypkg/build/lib/mypkg/listener.py -> /home/daisuke/ros2_ws/install/mypkg/lib/python3.10/site-packages/mypkg
[0.991s] copying /home/daisuke/ros2_ws/build/mypkg/build/lib/mypkg/__init__.py -> /home/daisuke/ros2_ws/install/mypkg/lib/python3.10/site-packages/mypkg
[0.992s] byte-compiling /home/daisuke/ros2_ws/install/mypkg/lib/python3.10/site-packages/mypkg/talker.py to talker.cpython-310.pyc
[0.992s] byte-compiling /home/daisuke/ros2_ws/install/mypkg/lib/python3.10/site-packages/mypkg/listener.py to listener.cpython-310.pyc
[0.992s] byte-compiling /home/daisuke/ros2_ws/install/mypkg/lib/python3.10/site-packages/mypkg/__init__.py to __init__.cpython-310.pyc
[0.993s] running install_data
[0.993s] running install_egg_info
[0.996s] Copying ../../build/mypkg/mypkg.egg-info to /home/daisuke/ros2_ws/install/mypkg/lib/python3.10/site-packages/mypkg-0.0.0-py3.10.egg-info
[0.996s] running install_scripts
[1.021s] Installing listener script to /home/daisuke/ros2_ws/install/mypkg/lib/mypkg
[1.021s] Installing talker script to /home/daisuke/ros2_ws/install/mypkg/lib/mypkg
[1.021s] writing list of installed files to '/home/daisuke/ros2_ws/build/mypkg/install.log'
[1.047s] Invoked command in '/home/daisuke/ros2_ws/src/mypkg' returned '0': PYTHONPATH=/home/daisuke/ros2_ws/build/mypkg/prefix_override:/home/daisuke/ros2_ws/install/mypkg/lib/python3.10/site-packages:${PYTHONPATH} /usr/bin/python3 setup.py egg_info --egg-base ../../build/mypkg build --build-base /home/daisuke/ros2_ws/build/mypkg/build install --record /home/daisuke/ros2_ws/build/mypkg/install.log --install-scripts $base/lib/mypkg --single-version-externally-managed
