[0.389s] Invoking command in '/home/daisuke/ros2_ws/src/mypkg': PYTHONPATH=/home/daisuke/ros2_ws/install/mypkg/lib/python3.6/site-packages:${PYTHONPATH} /usr/bin/python3 setup.py egg_info --egg-base ../../build/mypkg build --build-base /home/daisuke/ros2_ws/build/mypkg/build install --prefix /home/daisuke/ros2_ws/install/mypkg --record /home/daisuke/ros2_ws/build/mypkg/install.log --single-version-externally-managed
[0.514s] running egg_info
[0.515s] writing ../../build/mypkg/mypkg.egg-info/PKG-INFO
[0.515s] writing dependency_links to ../../build/mypkg/mypkg.egg-info/dependency_links.txt
[0.515s] writing entry points to ../../build/mypkg/mypkg.egg-info/entry_points.txt
[0.515s] writing requirements to ../../build/mypkg/mypkg.egg-info/requires.txt
[0.515s] writing top-level names to ../../build/mypkg/mypkg.egg-info/top_level.txt
[0.538s] reading manifest file '../../build/mypkg/mypkg.egg-info/SOURCES.txt'
[0.539s] writing manifest file '../../build/mypkg/mypkg.egg-info/SOURCES.txt'
[0.539s] running build
[0.539s] running build_py
[0.541s] running install
[0.541s] running install_lib
[0.543s] running install_data
[0.543s] copying launch/talk_listen.launch.py -> /home/daisuke/ros2_ws/install/mypkg/share/mypkg
[0.543s] running install_egg_info
[0.543s] removing '/home/daisuke/ros2_ws/install/mypkg/lib/python3.6/site-packages/mypkg-0.0.0-py3.6.egg-info' (and everything under it)
[0.543s] Copying ../../build/mypkg/mypkg.egg-info to /home/daisuke/ros2_ws/install/mypkg/lib/python3.6/site-packages/mypkg-0.0.0-py3.6.egg-info
[0.544s] running install_scripts
[0.557s] Installing listener script to /home/daisuke/ros2_ws/install/mypkg/lib/mypkg
[0.558s] Installing talker script to /home/daisuke/ros2_ws/install/mypkg/lib/mypkg
[0.558s] writing list of installed files to '/home/daisuke/ros2_ws/build/mypkg/install.log'
[0.575s] Invoked command in '/home/daisuke/ros2_ws/src/mypkg' returned '0': PYTHONPATH=/home/daisuke/ros2_ws/install/mypkg/lib/python3.6/site-packages:${PYTHONPATH} /usr/bin/python3 setup.py egg_info --egg-base ../../build/mypkg build --build-base /home/daisuke/ros2_ws/build/mypkg/build install --prefix /home/daisuke/ros2_ws/install/mypkg --record /home/daisuke/ros2_ws/build/mypkg/install.log --single-version-externally-managed
