[0.400s] Invoking command in '/home/daisuke/ros2_ws/src/mypkg': PYTHONPATH=/home/daisuke/ros2_ws/src/install/mypkg/lib/python3.6/site-packages:${PYTHONPATH} /usr/bin/python3 setup.py egg_info --egg-base ../build/mypkg build --build-base /home/daisuke/ros2_ws/src/build/mypkg/build install --prefix /home/daisuke/ros2_ws/src/install/mypkg --record /home/daisuke/ros2_ws/src/build/mypkg/install.log --single-version-externally-managed
[0.543s] running egg_info
[0.544s] writing ../build/mypkg/mypkg.egg-info/PKG-INFO
[0.544s] writing dependency_links to ../build/mypkg/mypkg.egg-info/dependency_links.txt
[0.545s] writing entry points to ../build/mypkg/mypkg.egg-info/entry_points.txt
[0.545s] writing requirements to ../build/mypkg/mypkg.egg-info/requires.txt
[0.545s] writing top-level names to ../build/mypkg/mypkg.egg-info/top_level.txt
[0.570s] reading manifest file '../build/mypkg/mypkg.egg-info/SOURCES.txt'
[0.572s] writing manifest file '../build/mypkg/mypkg.egg-info/SOURCES.txt'
[0.572s] running build
[0.572s] running build_py
[0.573s] copying mypkg/talker.py -> /home/daisuke/ros2_ws/src/build/mypkg/build/lib/mypkg
[0.573s] copying mypkg/listener.py -> /home/daisuke/ros2_ws/src/build/mypkg/build/lib/mypkg
[0.573s] running install
[0.574s] running install_lib
[0.574s] copying /home/daisuke/ros2_ws/src/build/mypkg/build/lib/mypkg/talker.py -> /home/daisuke/ros2_ws/src/install/mypkg/lib/python3.6/site-packages/mypkg
[0.575s] copying /home/daisuke/ros2_ws/src/build/mypkg/build/lib/mypkg/listener.py -> /home/daisuke/ros2_ws/src/install/mypkg/lib/python3.6/site-packages/mypkg
[0.575s] byte-compiling /home/daisuke/ros2_ws/src/install/mypkg/lib/python3.6/site-packages/mypkg/talker.py to talker.cpython-36.pyc
[0.576s] byte-compiling /home/daisuke/ros2_ws/src/install/mypkg/lib/python3.6/site-packages/mypkg/listener.py to listener.cpython-36.pyc
[0.576s] running install_data
[0.577s] copying package.xml -> /home/daisuke/ros2_ws/src/install/mypkg/share/mypkg
[0.577s] copying launch/talk_listen.launch.py -> /home/daisuke/ros2_ws/src/install/mypkg/share/mypkg
[0.577s] running install_egg_info
[0.578s] removing '/home/daisuke/ros2_ws/src/install/mypkg/lib/python3.6/site-packages/mypkg-0.0.0-py3.6.egg-info' (and everything under it)
[0.579s] Copying ../build/mypkg/mypkg.egg-info to /home/daisuke/ros2_ws/src/install/mypkg/lib/python3.6/site-packages/mypkg-0.0.0-py3.6.egg-info
[0.579s] running install_scripts
[0.592s] Installing listener script to /home/daisuke/ros2_ws/src/install/mypkg/lib/mypkg
[0.592s] Installing talker script to /home/daisuke/ros2_ws/src/install/mypkg/lib/mypkg
[0.592s] writing list of installed files to '/home/daisuke/ros2_ws/src/build/mypkg/install.log'
[0.608s] Invoked command in '/home/daisuke/ros2_ws/src/mypkg' returned '0': PYTHONPATH=/home/daisuke/ros2_ws/src/install/mypkg/lib/python3.6/site-packages:${PYTHONPATH} /usr/bin/python3 setup.py egg_info --egg-base ../build/mypkg build --build-base /home/daisuke/ros2_ws/src/build/mypkg/build install --prefix /home/daisuke/ros2_ws/src/install/mypkg --record /home/daisuke/ros2_ws/src/build/mypkg/install.log --single-version-externally-managed
