[0.533s] Invoking command in '/home/daisuke/ros2_ws/src/mypkg': PYTHONPATH=/home/daisuke/ros2_ws/install/mypkg/lib/python3.6/site-packages:${PYTHONPATH} /usr/bin/python3 setup.py egg_info --egg-base ../../build/mypkg build --build-base /home/daisuke/ros2_ws/build/mypkg/build install --prefix /home/daisuke/ros2_ws/install/mypkg --record /home/daisuke/ros2_ws/build/mypkg/install.log --single-version-externally-managed
[0.710s] running egg_info
[0.710s] writing ../../build/mypkg/mypkg.egg-info/PKG-INFO
[0.711s] writing dependency_links to ../../build/mypkg/mypkg.egg-info/dependency_links.txt
[0.711s] writing entry points to ../../build/mypkg/mypkg.egg-info/entry_points.txt
[0.711s] writing requirements to ../../build/mypkg/mypkg.egg-info/requires.txt
[0.711s] writing top-level names to ../../build/mypkg/mypkg.egg-info/top_level.txt
[0.747s] reading manifest file '../../build/mypkg/mypkg.egg-info/SOURCES.txt'
[0.749s] writing manifest file '../../build/mypkg/mypkg.egg-info/SOURCES.txt'
[0.749s] running build
[0.749s] running build_py
[0.750s] running install
[0.750s] running install_lib
[0.751s] byte-compiling /home/daisuke/ros2_ws/install/mypkg/lib/python3.6/site-packages/mypkg/listener.py to listener.cpython-36.pyc
[0.752s] Sorry: IndentationError: unexpected indent (listener.py, line 10)
[0.752s] running install_data
[0.752s] running install_egg_info
[0.754s] removing '/home/daisuke/ros2_ws/install/mypkg/lib/python3.6/site-packages/mypkg-0.0.0-py3.6.egg-info' (and everything under it)
[0.754s] Copying ../../build/mypkg/mypkg.egg-info to /home/daisuke/ros2_ws/install/mypkg/lib/python3.6/site-packages/mypkg-0.0.0-py3.6.egg-info
[0.755s] running install_scripts
[0.773s] Installing listener script to /home/daisuke/ros2_ws/install/mypkg/lib/mypkg
[0.774s] Installing talker script to /home/daisuke/ros2_ws/install/mypkg/lib/mypkg
[0.774s] writing list of installed files to '/home/daisuke/ros2_ws/build/mypkg/install.log'
[0.795s] Invoked command in '/home/daisuke/ros2_ws/src/mypkg' returned '0': PYTHONPATH=/home/daisuke/ros2_ws/install/mypkg/lib/python3.6/site-packages:${PYTHONPATH} /usr/bin/python3 setup.py egg_info --egg-base ../../build/mypkg build --build-base /home/daisuke/ros2_ws/build/mypkg/build install --prefix /home/daisuke/ros2_ws/install/mypkg --record /home/daisuke/ros2_ws/build/mypkg/install.log --single-version-externally-managed
