[0.833s] Invoking command in '/home/daisuke/ros2_ws/src/mypkg': PYTHONPATH=/home/daisuke/ros2_ws/build/mypkg/prefix_override:/home/daisuke/ros2_ws/install/mypkg/lib/python3.10/site-packages:${PYTHONPATH} /usr/bin/python3 setup.py egg_info --egg-base ../../build/mypkg build --build-base /home/daisuke/ros2_ws/build/mypkg/build install --record /home/daisuke/ros2_ws/build/mypkg/install.log --install-scripts $base/lib/mypkg --single-version-externally-managed
[1.159s] /usr/lib/python3/dist-packages/setuptools/dist.py:723: UserWarning: Usage of dash-separated 'script-dir' will not be supported in future versions. Please use the underscore name 'script_dir' instead
[1.159s]   warnings.warn(
[1.168s] running egg_info
[1.169s] writing ../../build/mypkg/mypkg.egg-info/PKG-INFO
[1.170s] writing dependency_links to ../../build/mypkg/mypkg.egg-info/dependency_links.txt
[1.170s] writing entry points to ../../build/mypkg/mypkg.egg-info/entry_points.txt
[1.170s] writing requirements to ../../build/mypkg/mypkg.egg-info/requires.txt
[1.170s] writing top-level names to ../../build/mypkg/mypkg.egg-info/top_level.txt
[1.171s] reading manifest file '../../build/mypkg/mypkg.egg-info/SOURCES.txt'
[1.172s] writing manifest file '../../build/mypkg/mypkg.egg-info/SOURCES.txt'
[1.172s] running build
[1.172s] running build_py
[1.173s] running install
[1.173s] /usr/lib/python3/dist-packages/setuptools/command/install.py:34: SetuptoolsDeprecationWarning: setup.py install is deprecated. Use build and pip and other standards-based tools.
[1.173s]   warnings.warn(
[1.174s] running install_lib
[1.175s] running install_data
[1.175s] running install_egg_info
[1.177s] removing '/home/daisuke/ros2_ws/install/mypkg/lib/python3.10/site-packages/mypkg-0.0.0-py3.10.egg-info' (and everything under it)
[1.177s] Copying ../../build/mypkg/mypkg.egg-info to /home/daisuke/ros2_ws/install/mypkg/lib/python3.10/site-packages/mypkg-0.0.0-py3.10.egg-info
[1.178s] running install_scripts
[1.201s] Installing listener script to /home/daisuke/ros2_ws/install/mypkg/lib/mypkg
[1.201s] Installing talker script to /home/daisuke/ros2_ws/install/mypkg/lib/mypkg
[1.202s] writing list of installed files to '/home/daisuke/ros2_ws/build/mypkg/install.log'
