[0.380s] Invoking command in '/home/daisuke/ros2_ws/src/mypkg': PYTHONPATH=/home/daisuke/ros2_ws/install/mypkg/lib/python3.6/site-packages:${PYTHONPATH} /usr/bin/python3 setup.py egg_info --egg-base ../../build/mypkg build --build-base /home/daisuke/ros2_ws/build/mypkg/build install --prefix /home/daisuke/ros2_ws/install/mypkg --record /home/daisuke/ros2_ws/build/mypkg/install.log --single-version-externally-managed
[0.507s] running egg_info
[0.507s] writing ../../build/mypkg/mypkg.egg-info/PKG-INFO
[0.508s] writing dependency_links to ../../build/mypkg/mypkg.egg-info/dependency_links.txt
[0.508s] writing entry points to ../../build/mypkg/mypkg.egg-info/entry_points.txt
[0.508s] writing requirements to ../../build/mypkg/mypkg.egg-info/requires.txt
[0.508s] writing top-level names to ../../build/mypkg/mypkg.egg-info/top_level.txt
[0.533s] reading manifest file '../../build/mypkg/mypkg.egg-info/SOURCES.txt'
[0.534s] writing manifest file '../../build/mypkg/mypkg.egg-info/SOURCES.txt'
[0.534s] running build
[0.535s] running build_py
[0.535s] running install
[0.535s] running install_lib
[0.536s] byte-compiling /home/daisuke/ros2_ws/install/mypkg/lib/python3.6/site-packages/mypkg/listener.py to listener.cpython-36.pyc
[0.536s] running install_data
[0.536s] Sorry: IndentationError: unexpected indent (listener.py, line 10)
[0.536s] running install_egg_info
[0.537s] removing '/home/daisuke/ros2_ws/install/mypkg/lib/python3.6/site-packages/mypkg-0.0.0-py3.6.egg-info' (and everything under it)
[0.538s] Copying ../../build/mypkg/mypkg.egg-info to /home/daisuke/ros2_ws/install/mypkg/lib/python3.6/site-packages/mypkg-0.0.0-py3.6.egg-info
[0.538s] running install_scripts
[0.552s] Installing listener script to /home/daisuke/ros2_ws/install/mypkg/lib/mypkg
[0.553s] Installing talker script to /home/daisuke/ros2_ws/install/mypkg/lib/mypkg
[0.553s] writing list of installed files to '/home/daisuke/ros2_ws/build/mypkg/install.log'
[0.568s] Invoked command in '/home/daisuke/ros2_ws/src/mypkg' returned '0': PYTHONPATH=/home/daisuke/ros2_ws/install/mypkg/lib/python3.6/site-packages:${PYTHONPATH} /usr/bin/python3 setup.py egg_info --egg-base ../../build/mypkg build --build-base /home/daisuke/ros2_ws/build/mypkg/build install --prefix /home/daisuke/ros2_ws/install/mypkg --record /home/daisuke/ros2_ws/build/mypkg/install.log --single-version-externally-managed
