[0.473s] Invoking command in '/home/daisuke/ros2_ws/src/mypkg': PYTHONPATH=/home/daisuke/ros2_ws/install/mypkg/lib/python3.6/site-packages:${PYTHONPATH} /usr/bin/python3 setup.py egg_info --egg-base ../../build/mypkg build --build-base /home/daisuke/ros2_ws/build/mypkg/build install --prefix /home/daisuke/ros2_ws/install/mypkg --record /home/daisuke/ros2_ws/build/mypkg/install.log --single-version-externally-managed
[0.614s] running egg_info
[0.614s] writing ../../build/mypkg/mypkg.egg-info/PKG-INFO
[0.615s] writing dependency_links to ../../build/mypkg/mypkg.egg-info/dependency_links.txt
[0.615s] writing entry points to ../../build/mypkg/mypkg.egg-info/entry_points.txt
[0.615s] writing requirements to ../../build/mypkg/mypkg.egg-info/requires.txt
[0.615s] writing top-level names to ../../build/mypkg/mypkg.egg-info/top_level.txt
[0.639s] reading manifest file '../../build/mypkg/mypkg.egg-info/SOURCES.txt'
[0.640s] writing manifest file '../../build/mypkg/mypkg.egg-info/SOURCES.txt'
[0.640s] running build
[0.640s] running build_py
[0.641s] running install
[0.641s] running install_lib
[0.642s] running install_data
[0.643s] running install_egg_info
[0.644s] removing '/home/daisuke/ros2_ws/install/mypkg/lib/python3.6/site-packages/mypkg-0.0.0-py3.6.egg-info' (and everything under it)
[0.645s] Copying ../../build/mypkg/mypkg.egg-info to /home/daisuke/ros2_ws/install/mypkg/lib/python3.6/site-packages/mypkg-0.0.0-py3.6.egg-info
[0.645s] running install_scripts
[0.659s] Installing listener script to /home/daisuke/ros2_ws/install/mypkg/lib/mypkg
[0.659s] Installing talker script to /home/daisuke/ros2_ws/install/mypkg/lib/mypkg
[0.660s] writing list of installed files to '/home/daisuke/ros2_ws/build/mypkg/install.log'
[0.675s] Invoked command in '/home/daisuke/ros2_ws/src/mypkg' returned '0': PYTHONPATH=/home/daisuke/ros2_ws/install/mypkg/lib/python3.6/site-packages:${PYTHONPATH} /usr/bin/python3 setup.py egg_info --egg-base ../../build/mypkg build --build-base /home/daisuke/ros2_ws/build/mypkg/build install --prefix /home/daisuke/ros2_ws/install/mypkg --record /home/daisuke/ros2_ws/build/mypkg/install.log --single-version-externally-managed
