[0.152s] Invoking command in '/home/daisuke/ros2_ws/build/person_msgs': CMAKE_PREFIX_PATH=/opt/ros/dashing /usr/bin/cmake --build /home/daisuke/ros2_ws/build/person_msgs -- -j8 -l8
[0.181s] [  2%] Built target person_msgs__cpp
[0.182s] [ 13%] Built target person_msgs__rosidl_generator_c
[0.197s] [ 24%] Built target person_msgs__rosidl_typesupport_introspection_c
[0.198s] [ 35%] Built target person_msgs__rosidl_typesupport_introspection_cpp
[0.200s] [ 45%] Built target person_msgs__rosidl_typesupport_fastrtps_cpp
[0.218s] [ 67%] Built target person_msgs__rosidl_typesupport_fastrtps_c
[0.218s] [ 67%] Built target person_msgs__rosidl_typesupport_cpp
[0.233s] [ 78%] Built target person_msgs__rosidl_typesupport_c
[0.246s] [ 78%] Built target person_msgs
[0.259s] [ 81%] Built target person_msgs__py
[0.334s] [ 89%] Built target person_msgs__python
[0.358s] [100%] Built target person_msgs__rosidl_typesupport_fastrtps_c__pyext
[0.358s] [100%] Built target person_msgs__rosidl_typesupport_c__pyext
[0.367s] Invoked command in '/home/daisuke/ros2_ws/build/person_msgs' returned '0': CMAKE_PREFIX_PATH=/opt/ros/dashing /usr/bin/cmake --build /home/daisuke/ros2_ws/build/person_msgs -- -j8 -l8
[0.419s] Invoking command in '/home/daisuke/ros2_ws/build/person_msgs': CMAKE_PREFIX_PATH=/opt/ros/dashing /usr/bin/cmake --build /home/daisuke/ros2_ws/build/person_msgs --target install -- -j8 -l8
[0.457s] [  2%] Built target person_msgs__cpp
[0.457s] [ 13%] Built target person_msgs__rosidl_generator_c
[0.473s] [ 24%] Built target person_msgs__rosidl_typesupport_introspection_cpp
[0.474s] [ 35%] Built target person_msgs__rosidl_typesupport_introspection_c
[0.475s] [ 45%] Built target person_msgs__rosidl_typesupport_fastrtps_cpp
[0.492s] [ 67%] Built target person_msgs__rosidl_typesupport_cpp
[0.492s] [ 67%] Built target person_msgs__rosidl_typesupport_fastrtps_c
[0.509s] [ 78%] Built target person_msgs__rosidl_typesupport_c
[0.523s] [ 78%] Built target person_msgs
[0.536s] [ 81%] Built target person_msgs__py
[0.552s] [ 89%] Built target person_msgs__python
[0.570s] [ 94%] Built target person_msgs__rosidl_typesupport_fastrtps_c__pyext
[0.570s] [100%] Built target person_msgs__rosidl_typesupport_c__pyext
[0.583s] [36mInstall the project...[0m
[0.589s] -- Install configuration: ""
[0.590s] -- Up-to-date: /home/daisuke/ros2_ws/install/person_msgs/share/ament_index/resource_index/rosidl_interfaces/person_msgs
[0.590s] -- Up-to-date: /home/daisuke/ros2_ws/install/person_msgs/lib/libperson_msgs__rosidl_typesupport_c.so
[0.590s] -- Up-to-date: /home/daisuke/ros2_ws/install/person_msgs/share/person_msgs/environment/library_path.sh
[0.590s] -- Up-to-date: /home/daisuke/ros2_ws/install/person_msgs/lib/libperson_msgs__rosidl_typesupport_cpp.so
[0.591s] -- Up-to-date: /home/daisuke/ros2_ws/install/person_msgs/include/person_msgs
[0.591s] -- Up-to-date: /home/daisuke/ros2_ws/install/person_msgs/include/person_msgs/srv
[0.591s] -- Up-to-date: /home/daisuke/ros2_ws/install/person_msgs/include/person_msgs/srv/query__rosidl_typesupport_fastrtps_c.h
[0.591s] -- Up-to-date: /home/daisuke/ros2_ws/install/person_msgs/include/person_msgs/msg
[0.591s] -- Up-to-date: /home/daisuke/ros2_ws/install/person_msgs/include/person_msgs/msg/rosidl_typesupport_fastrtps_c__visibility_control.h
[0.591s] -- Up-to-date: /home/daisuke/ros2_ws/install/person_msgs/include/person_msgs/msg/person__rosidl_typesupport_fastrtps_c.h
[0.592s] -- Up-to-date: /home/daisuke/ros2_ws/install/person_msgs/lib/libperson_msgs__rosidl_typesupport_fastrtps_c.so
[0.592s] -- Up-to-date: /home/daisuke/ros2_ws/install/person_msgs/include/person_msgs
[0.592s] -- Up-to-date: /home/daisuke/ros2_ws/install/person_msgs/include/person_msgs/srv
[0.592s] -- Up-to-date: /home/daisuke/ros2_ws/install/person_msgs/include/person_msgs/srv/query__functions.c
[0.592s] -- Up-to-date: /home/daisuke/ros2_ws/install/person_msgs/include/person_msgs/srv/query.h
[0.592s] -- Up-to-date: /home/daisuke/ros2_ws/install/person_msgs/include/person_msgs/srv/query__type_support.h
[0.593s] -- Up-to-date: /home/daisuke/ros2_ws/install/person_msgs/include/person_msgs/srv/query__functions.h
[0.593s] -- Up-to-date: /home/daisuke/ros2_ws/install/person_msgs/include/person_msgs/srv/query__struct.h
[0.593s] -- Up-to-date: /home/daisuke/ros2_ws/install/person_msgs/include/person_msgs/msg
[0.593s] -- Up-to-date: /home/daisuke/ros2_ws/install/person_msgs/include/person_msgs/msg/person.h
[0.593s] -- Up-to-date: /home/daisuke/ros2_ws/install/person_msgs/include/person_msgs/msg/person__functions.c
[0.593s] -- Up-to-date: /home/daisuke/ros2_ws/install/person_msgs/include/person_msgs/msg/person__type_support.h
[0.594s] -- Up-to-date: /home/daisuke/ros2_ws/install/person_msgs/include/person_msgs/msg/person__functions.h
[0.594s] -- Up-to-date: /home/daisuke/ros2_ws/install/person_msgs/include/person_msgs/msg/rosidl_generator_c__visibility_control.h
[0.594s] -- Up-to-date: /home/daisuke/ros2_ws/install/person_msgs/include/person_msgs/msg/person__struct.h
[0.594s] -- Up-to-date: /home/daisuke/ros2_ws/install/person_msgs/lib/libperson_msgs__rosidl_generator_c.so
[0.594s] -- Up-to-date: /home/daisuke/ros2_ws/install/person_msgs/include/person_msgs
[0.594s] -- Up-to-date: /home/daisuke/ros2_ws/install/person_msgs/include/person_msgs/srv
[0.594s] -- Up-to-date: /home/daisuke/ros2_ws/install/person_msgs/include/person_msgs/srv/dds_fastrtps
[0.595s] -- Up-to-date: /home/daisuke/ros2_ws/install/person_msgs/include/person_msgs/srv/query__rosidl_typesupport_fastrtps_cpp.hpp
[0.595s] -- Up-to-date: /home/daisuke/ros2_ws/install/person_msgs/include/person_msgs/msg
[0.595s] -- Up-to-date: /home/daisuke/ros2_ws/install/person_msgs/include/person_msgs/msg/rosidl_typesupport_fastrtps_cpp__visibility_control.h
[0.595s] -- Up-to-date: /home/daisuke/ros2_ws/install/person_msgs/include/person_msgs/msg/dds_fastrtps
[0.595s] -- Up-to-date: /home/daisuke/ros2_ws/install/person_msgs/include/person_msgs/msg/person__rosidl_typesupport_fastrtps_cpp.hpp
[0.595s] -- Up-to-date: /home/daisuke/ros2_ws/install/person_msgs/lib/libperson_msgs__rosidl_typesupport_fastrtps_cpp.so
[0.596s] -- Up-to-date: /home/daisuke/ros2_ws/install/person_msgs/include/person_msgs
[0.596s] -- Up-to-date: /home/daisuke/ros2_ws/install/person_msgs/include/person_msgs/srv
[0.596s] -- Up-to-date: /home/daisuke/ros2_ws/install/person_msgs/include/person_msgs/srv/query__struct.hpp
[0.596s] -- Up-to-date: /home/daisuke/ros2_ws/install/person_msgs/include/person_msgs/srv/query__traits.hpp
[0.596s] -- Up-to-date: /home/daisuke/ros2_ws/install/person_msgs/include/person_msgs/srv/query.hpp
[0.596s] -- Up-to-date: /home/daisuke/ros2_ws/install/person_msgs/include/person_msgs/msg
[0.596s] -- Up-to-date: /home/daisuke/ros2_ws/install/person_msgs/include/person_msgs/msg/person.hpp
[0.596s] -- Up-to-date: /home/daisuke/ros2_ws/install/person_msgs/include/person_msgs/msg/person__traits.hpp
[0.596s] -- Up-to-date: /home/daisuke/ros2_ws/install/person_msgs/include/person_msgs/msg/person__struct.hpp
[0.596s] -- Up-to-date: /home/daisuke/ros2_ws/install/person_msgs/include/person_msgs
[0.596s] -- Up-to-date: /home/daisuke/ros2_ws/install/person_msgs/include/person_msgs/srv
[0.596s] -- Up-to-date: /home/daisuke/ros2_ws/install/person_msgs/include/person_msgs/srv/query__type_support.c
[0.596s] -- Up-to-date: /home/daisuke/ros2_ws/install/person_msgs/include/person_msgs/srv/query__rosidl_typesupport_introspection_c.h
[0.596s] -- Up-to-date: /home/daisuke/ros2_ws/install/person_msgs/include/person_msgs/msg
[0.596s] -- Up-to-date: /home/daisuke/ros2_ws/install/person_msgs/include/person_msgs/msg/rosidl_typesupport_introspection_c__visibility_control.h
[0.596s] -- Up-to-date: /home/daisuke/ros2_ws/install/person_msgs/include/person_msgs/msg/person__type_support.c
[0.596s] -- Up-to-date: /home/daisuke/ros2_ws/install/person_msgs/include/person_msgs/msg/person__rosidl_typesupport_introspection_c.h
[0.596s] -- Up-to-date: /home/daisuke/ros2_ws/install/person_msgs/lib/libperson_msgs__rosidl_typesupport_introspection_c.so
[0.596s] -- Up-to-date: /home/daisuke/ros2_ws/install/person_msgs/include/person_msgs
[0.597s] -- Up-to-date: /home/daisuke/ros2_ws/install/person_msgs/include/person_msgs/srv
[0.597s] -- Up-to-date: /home/daisuke/ros2_ws/install/person_msgs/include/person_msgs/srv/query__type_support.cpp
[0.597s] -- Up-to-date: /home/daisuke/ros2_ws/install/person_msgs/include/person_msgs/srv/query__rosidl_typesupport_introspection_cpp.hpp
[0.597s] -- Up-to-date: /home/daisuke/ros2_ws/install/person_msgs/include/person_msgs/msg
[0.597s] -- Up-to-date: /home/daisuke/ros2_ws/install/person_msgs/include/person_msgs/msg/person__rosidl_typesupport_introspection_cpp.hpp
[0.597s] -- Up-to-date: /home/daisuke/ros2_ws/install/person_msgs/include/person_msgs/msg/person__type_support.cpp
[0.597s] -- Up-to-date: /home/daisuke/ros2_ws/install/person_msgs/lib/libperson_msgs__rosidl_typesupport_introspection_cpp.so
[0.597s] -- Up-to-date: /home/daisuke/ros2_ws/install/person_msgs/share/person_msgs/environment/pythonpath.sh
[0.597s] -- Up-to-date: /home/daisuke/ros2_ws/install/person_msgs/lib/python3.6/site-packages/person_msgs/__init__.py
[0.620s] -- Up-to-date: /home/daisuke/ros2_ws/install/person_msgs/lib/python3.6/site-packages/person_msgs/msg
[0.620s] -- Up-to-date: /home/daisuke/ros2_ws/install/person_msgs/lib/python3.6/site-packages/person_msgs/msg/_person.py
[0.620s] -- Up-to-date: /home/daisuke/ros2_ws/install/person_msgs/lib/python3.6/site-packages/person_msgs/msg/_person_s.c
[0.621s] -- Up-to-date: /home/daisuke/ros2_ws/install/person_msgs/lib/python3.6/site-packages/person_msgs/msg/__init__.py
[0.621s] -- Up-to-date: /home/daisuke/ros2_ws/install/person_msgs/lib/python3.6/site-packages/person_msgs/srv
[0.621s] -- Up-to-date: /home/daisuke/ros2_ws/install/person_msgs/lib/python3.6/site-packages/person_msgs/srv/_query_s.c
[0.621s] -- Up-to-date: /home/daisuke/ros2_ws/install/person_msgs/lib/python3.6/site-packages/person_msgs/srv/_query.py
[0.621s] -- Up-to-date: /home/daisuke/ros2_ws/install/person_msgs/lib/python3.6/site-packages/person_msgs/srv/__init__.py
[0.621s] -- Up-to-date: /home/daisuke/ros2_ws/install/person_msgs/lib/python3.6/site-packages/person_msgs/person_msgs_s__rosidl_typesupport_c.cpython-36m-x86_64-linux-gnu.so
[0.621s] -- Up-to-date: /home/daisuke/ros2_ws/install/person_msgs/lib/python3.6/site-packages/person_msgs/person_msgs_s__rosidl_typesupport_fastrtps_c.cpython-36m-x86_64-linux-gnu.so
[0.621s] -- Up-to-date: /home/daisuke/ros2_ws/install/person_msgs/lib/libperson_msgs__python.so
[0.622s] -- Up-to-date: /home/daisuke/ros2_ws/install/person_msgs/share/person_msgs/msg/Person.idl
[0.622s] -- Up-to-date: /home/daisuke/ros2_ws/install/person_msgs/share/person_msgs/srv/Query.idl
[0.622s] -- Up-to-date: /home/daisuke/ros2_ws/install/person_msgs/share/person_msgs/msg/Person.msg
[0.622s] -- Up-to-date: /home/daisuke/ros2_ws/install/person_msgs/share/person_msgs/srv/Query.srv
[0.622s] -- Up-to-date: /home/daisuke/ros2_ws/install/person_msgs/share/person_msgs/srv/Query_Request.msg
[0.623s] -- Up-to-date: /home/daisuke/ros2_ws/install/person_msgs/share/person_msgs/srv/Query_Response.msg
[0.623s] -- Up-to-date: /home/daisuke/ros2_ws/install/person_msgs/share/ament_index/resource_index/package_run_dependencies/person_msgs
[0.623s] -- Up-to-date: /home/daisuke/ros2_ws/install/person_msgs/share/ament_index/resource_index/parent_prefix_path/person_msgs
[0.623s] -- Up-to-date: /home/daisuke/ros2_ws/install/person_msgs/share/person_msgs/environment/ament_prefix_path.sh
[0.623s] -- Up-to-date: /home/daisuke/ros2_ws/install/person_msgs/share/person_msgs/environment/path.sh
[0.623s] -- Up-to-date: /home/daisuke/ros2_ws/install/person_msgs/share/person_msgs/local_setup.bash
[0.623s] -- Up-to-date: /home/daisuke/ros2_ws/install/person_msgs/share/person_msgs/local_setup.sh
[0.624s] -- Up-to-date: /home/daisuke/ros2_ws/install/person_msgs/share/person_msgs/local_setup.zsh
[0.624s] -- Up-to-date: /home/daisuke/ros2_ws/install/person_msgs/share/ament_index/resource_index/packages/person_msgs
[0.624s] -- Up-to-date: /home/daisuke/ros2_ws/install/person_msgs/share/person_msgs/cmake/rosidl_cmake-extras.cmake
[0.624s] -- Up-to-date: /home/daisuke/ros2_ws/install/person_msgs/share/person_msgs/cmake/ament_cmake_export_libraries-extras.cmake
[0.624s] -- Up-to-date: /home/daisuke/ros2_ws/install/person_msgs/share/person_msgs/cmake/ament_cmake_export_include_directories-extras.cmake
[0.624s] -- Up-to-date: /home/daisuke/ros2_ws/install/person_msgs/share/person_msgs/cmake/person_msgsConfig.cmake
[0.625s] -- Up-to-date: /home/daisuke/ros2_ws/install/person_msgs/share/person_msgs/cmake/person_msgsConfig-version.cmake
[0.625s] -- Up-to-date: /home/daisuke/ros2_ws/install/person_msgs/share/person_msgs/package.xml
[0.628s] Invoked command in '/home/daisuke/ros2_ws/build/person_msgs' returned '0': CMAKE_PREFIX_PATH=/opt/ros/dashing /usr/bin/cmake --build /home/daisuke/ros2_ws/build/person_msgs --target install -- -j8 -l8
